#
# A fatal error has been detected by the Java Runtime Environment:
#
#  EXCEPTION_ACCESS_VIOLATION (0xc0000005) at pc=0x00007ffa8de36c36, pid=5928, tid=16252
#
# JRE version: Java(TM) SE Runtime Environment (11.0.2+9) (build 11.0.2+9-LTS)
# Java VM: Java HotSpot(TM) 64-Bit Server VM (11.0.2+9-LTS, mixed mode, tiered, compressed oops, g1 gc, windows-amd64)
# Problematic frame:
# V  [jvm.dll+0x316c36]
#
# No core dump will be written. Minidumps are not enabled by default on client versions of Windows
#
# If you would like to submit a bug report, please visit:
#   http://bugreport.java.com/bugreport/crash.jsp
#

---------------  S U M M A R Y ------------

Command Line: -javaagent:C:\Program Files\JetBrains\IntelliJ IDEA Community Edition 2020.3\lib\idea_rt.jar=52862:C:\Program Files\JetBrains\IntelliJ IDEA Community Edition 2020.3\bin -Dfile.encoding=UTF-8 com.fabienIT.escaladefriendsp6ocr.EscaladeApplication

Host: AMD Phenom(tm) II X4 965 Processor, 4 cores, 11G,  Windows 10 , 64 bit Build 19041 (10.0.19041.804)
Time: Wed Mar 31 10:47:48 2021 Paris, Madrid (heure d’été) elapsed time: 17 seconds (0d 0h 0m 17s)

---------------  T H R E A D  ---------------

Current thread (0x000001bccaddb000):  GCTaskThread "GC Thread#2" [stack: 0x0000005181200000,0x0000005181300000] [id=16252]

Stack: [0x0000005181200000,0x0000005181300000],  sp=0x00000051812ff400,  free space=1021k
Native frames: (J=compiled Java code, j=interpreted, Vv=VM code, C=native code)
V  [jvm.dll+0x316c36]
V  [jvm.dll+0x31497d]
V  [jvm.dll+0x32645e]
V  [jvm.dll+0x324e9c]
V  [jvm.dll+0x2f6e8f]
V  [jvm.dll+0x3256d2]
V  [jvm.dll+0x2f5a56]
V  [jvm.dll+0x7a52f0]
V  [jvm.dll+0x6347f2]
C  [ucrtbase.dll+0x21bb2]
C  [KERNEL32.DLL+0x17034]
C  [ntdll.dll+0x52651]


siginfo: EXCEPTION_ACCESS_VIOLATION (0xc0000005), reading address 0x0000000000000004


Register to memory mapping:

RIP=0x00007ffa8de36c36 jvm.dll
RAX=0x0000000000000004 is an unknown value
RBX=0x000000074797cba4 is pointing into object: java.util.TreeMap$Entry 
{0x000000074797cb90} - klass: 'java/util/TreeMap$Entry'
RCX=0x000001bccf671b70 points into unknown readable memory: 70 81 3a 8e fa 7f 00 00
RDX=0x00000000000074d2 is an unknown value
RSP=0x00000051812ff400 points into unknown readable memory: 90 cb 97 47 07 00 00 00
RBP=0x000001bccf8ac1d0 points into unknown readable memory: 78 07 3a 8e fa 7f 00 00
RSI=0x000001bccf8ac1d0 points into unknown readable memory: 78 07 3a 8e fa 7f 00 00
RDI=0x0000000000000001 is an unknown value
R8 =0x0000000000000005 is an unknown value
R9 =0x00000008002c50e0 is a pointer to class: 
com.sun.beans.introspect.PropertyInfo {0x00000008002c50e8}
R10=0x0000000800131ba8 is pointing into metadata
R11=0x0000000000000001 is an unknown value
R12=0x0 is NULL
R13=0x0000000000000005 is an unknown value
R14=0x000000074d260078 is an oop: com.sun.beans.introspect.PropertyInfo 
{0x000000074d260078} - klass: 'com/sun/beans/introspect/PropertyInfo'
R15=0x0000000000000004 is an unknown value


Registers:
RAX=0x0000000000000004, RBX=0x000000074797cba4, RCX=0x000001bccf671b70, RDX=0x00000000000074d2
RSP=0x00000051812ff400, RBP=0x000001bccf8ac1d0, RSI=0x000001bccf8ac1d0, RDI=0x0000000000000001
R8 =0x0000000000000005, R9 =0x00000008002c50e0, R10=0x0000000800131ba8, R11=0x0000000000000001
R12=0x0000000000000000, R13=0x0000000000000005, R14=0x000000074d260078, R15=0x0000000000000004
RIP=0x00007ffa8de36c36, EFLAGS=0x0000000000010202

Top of Stack: (sp=0x00000051812ff400)
0x00000051812ff400:   000000074797cb90 000000074d2600a0
0x00000051812ff410:   000000074797cb01 0000000000000006
0x00000051812ff420:   000001bc00000096 00007ffa8de84070
0x00000051812ff430:   0000005b47970bb8 00007ffa8de0eee8
0x00000051812ff440:   000001bccf8ac1d0 0000000000000040
0x00000051812ff450:   000001bca6e7cb38 0000000000000040
0x00000051812ff460:   0000000000000000 000001bca6e7cb30
0x00000051812ff470:   0000000000000000 00007ffa8de3497d
0x00000051812ff480:   000001bccf8ac1d0 000001bca6e7cb38
0x00000051812ff490:   000000000000000d 000000074797cba4
0x00000051812ff4a0:   000000074797cba5 00007ffa8e14f66f
0x00000051812ff4b0:   00000051812ff550 00007ffa8de0bff3
0x00000051812ff4c0:   0000000740de3600 0000000000000040
0x00000051812ff4d0:   0000000000000000 0000000000000004
0x00000051812ff4e0:   000001bca8e8bc50 0000000000000040
0x00000051812ff4f0:   00000051812ff7a0 0000000000000000 

Instructions: (pc=0x00007ffa8de36c36)
0x00007ffa8de36c16:   44 24 34 40 80 ff 01 75 2f 41 0f b6 c7 f6 d0 40
0x00007ffa8de36c26:   84 c7 75 05 4d 8b e7 eb 0a 49 8b c7 48 83 e0 fd
0x00007ffa8de36c36:   4c 8b 20 49 c1 ec 03 41 83 e4 0f 44 3b a5 6c 01
0x00007ffa8de36c46:   00 00 73 04 b3 01 eb 0c 48 0f be c7 0f b6 9c 28 


Stack slot to memory mapping:
stack at sp + 0 slots: 0x000000074797cb90 is an oop: java.util.TreeMap$Entry 
{0x000000074797cb90} - klass: 'java/util/TreeMap$Entry'
stack at sp + 1 slots: 0x000000074d2600a0 is an oop: java.util.TreeMap$Entry 
{0x000000074d2600a0} - klass: 'java/util/TreeMap$Entry'
stack at sp + 2 slots: 0x000000074797cb01 is pointing into object: com.sun.beans.introspect.MethodInfo 
{0x000000074797caf8} - klass: 'com/sun/beans/introspect/MethodInfo'
stack at sp + 3 slots: 0x0000000000000006 is an unknown value
stack at sp + 4 slots: 0x000001bc00000096 is an unknown value
stack at sp + 5 slots: 0x00007ffa8de84070 jvm.dll
stack at sp + 6 slots: 0x0000005b47970bb8 is an unknown value
stack at sp + 7 slots: 0x00007ffa8de0eee8 jvm.dll


---------------  P R O C E S S  ---------------

Threads class SMR info:
_java_thread_list=0x000001bcd03531a0, length=33, elements={
0x000001bcc989f800, 0x000001bcc98a9800, 0x000001bcca0da800, 0x000001bcca0db800,
0x000001bcca0e2800, 0x000001bcca0e6800, 0x000001bcca187000, 0x000001bcca290000,
0x000001bcca332000, 0x000001bcca8d4800, 0x000001bccaad1800, 0x000001bccf5ae000,
0x000001bccdc4e800, 0x000001bccde25800, 0x000001bccea6c000, 0x000001bccf9aa800,
0x000001bccb72e800, 0x000001bcd0108800, 0x000001bccfe7e000, 0x000001bcd2bab800,
0x000001bcd2baa800, 0x000001bcd2ba8800, 0x000001bcd2bac800, 0x000001bcd2bae000,
0x000001bcd2bad000, 0x000001bcd2baf000, 0x000001bcd2ba9000, 0x000001bcd2baa000,
0x000001bcd310d000, 0x000001bcd3108000, 0x000001bcd3107800, 0x000001bcd310e800,
0x000001bccb32d000
}

Java Threads: ( => current thread )
  0x000001bcc989f800 JavaThread "Reference Handler" daemon [_thread_blocked, id=13800, stack(0x0000005180500000,0x0000005180600000)]
  0x000001bcc98a9800 JavaThread "Finalizer" daemon [_thread_blocked, id=8200, stack(0x0000005180600000,0x0000005180700000)]
  0x000001bcca0da800 JavaThread "Signal Dispatcher" daemon [_thread_blocked, id=2016, stack(0x0000005180800000,0x0000005180900000)]
  0x000001bcca0db800 JavaThread "Attach Listener" daemon [_thread_blocked, id=7316, stack(0x0000005180900000,0x0000005180a00000)]
  0x000001bcca0e2800 JavaThread "C2 CompilerThread0" daemon [_thread_in_native, id=5716, stack(0x0000005180a00000,0x0000005180b00000)]
  0x000001bcca0e6800 JavaThread "C1 CompilerThread0" daemon [_thread_blocked, id=15816, stack(0x0000005180b00000,0x0000005180c00000)]
  0x000001bcca187000 JavaThread "Sweeper thread" daemon [_thread_blocked, id=15312, stack(0x0000005180c00000,0x0000005180d00000)]
  0x000001bcca290000 JavaThread "Common-Cleaner" daemon [_thread_blocked, id=9028, stack(0x0000005180d00000,0x0000005180e00000)]
  0x000001bcca332000 JavaThread "Monitor Ctrl-Break" daemon [_thread_in_native, id=11396, stack(0x0000005180e00000,0x0000005180f00000)]
  0x000001bcca8d4800 JavaThread "Service Thread" daemon [_thread_blocked, id=8240, stack(0x0000005180f00000,0x0000005181000000)]
  0x000001bccaad1800 JavaThread "ContainerBackgroundProcessor[StandardEngine[Tomcat]]" daemon [_thread_blocked, id=7048, stack(0x0000005181700000,0x0000005181800000)]
  0x000001bccf5ae000 JavaThread "container-0" [_thread_blocked, id=5860, stack(0x0000005181800000,0x0000005181900000)]
  0x000001bccdc4e800 JavaThread "Abandoned connection cleanup thread" daemon [_thread_blocked, id=9712, stack(0x0000005181900000,0x0000005181a00000)]
  0x000001bccde25800 JavaThread "HikariPool-1 housekeeper" daemon [_thread_blocked, id=4384, stack(0x0000005181b00000,0x0000005181c00000)]
  0x000001bccea6c000 JavaThread "Live Reload Server" daemon [_thread_in_native, id=13772, stack(0x0000005181e00000,0x0000005181f00000)]
  0x000001bccf9aa800 JavaThread "File Watcher" daemon [_thread_blocked, id=8532, stack(0x0000005181c00000,0x0000005181d00000)]
  0x000001bccb72e800 JavaThread "NioBlockingSelector.BlockPoller-1" daemon [_thread_in_native, id=3992, stack(0x0000005181d00000,0x0000005181e00000)]
  0x000001bcd0108800 JavaThread "http-nio-8088-exec-1" daemon [_thread_blocked, id=8448, stack(0x0000005181f00000,0x0000005182000000)]
  0x000001bccfe7e000 JavaThread "http-nio-8088-exec-2" daemon [_thread_blocked, id=8752, stack(0x0000005182000000,0x0000005182100000)]
  0x000001bcd2bab800 JavaThread "http-nio-8088-exec-3" daemon [_thread_blocked, id=14808, stack(0x0000005182100000,0x0000005182200000)]
  0x000001bcd2baa800 JavaThread "http-nio-8088-exec-4" daemon [_thread_blocked, id=12924, stack(0x0000005182200000,0x0000005182300000)]
  0x000001bcd2ba8800 JavaThread "http-nio-8088-exec-5" daemon [_thread_blocked, id=9688, stack(0x0000005182300000,0x0000005182400000)]
  0x000001bcd2bac800 JavaThread "http-nio-8088-exec-6" daemon [_thread_blocked, id=12172, stack(0x0000005182400000,0x0000005182500000)]
  0x000001bcd2bae000 JavaThread "http-nio-8088-exec-7" daemon [_thread_blocked, id=6944, stack(0x0000005182500000,0x0000005182600000)]
  0x000001bcd2bad000 JavaThread "http-nio-8088-exec-8" daemon [_thread_blocked, id=13108, stack(0x0000005182600000,0x0000005182700000)]
  0x000001bcd2baf000 JavaThread "http-nio-8088-exec-9" daemon [_thread_blocked, id=15648, stack(0x0000005182700000,0x0000005182800000)]
  0x000001bcd2ba9000 JavaThread "http-nio-8088-exec-10" daemon [_thread_blocked, id=9460, stack(0x0000005182800000,0x0000005182900000)]
  0x000001bcd2baa000 JavaThread "http-nio-8088-ClientPoller-0" daemon [_thread_in_native, id=13508, stack(0x0000005182900000,0x0000005182a00000)]
  0x000001bcd310d000 JavaThread "http-nio-8088-ClientPoller-1" daemon [_thread_in_native, id=5560, stack(0x0000005182a00000,0x0000005182b00000)]
  0x000001bcd3108000 JavaThread "http-nio-8088-Acceptor-0" daemon [_thread_in_native, id=6304, stack(0x0000005182b00000,0x0000005182c00000)]
  0x000001bcd3107800 JavaThread "http-nio-8088-AsyncTimeout" daemon [_thread_blocked, id=13968, stack(0x0000005182c00000,0x0000005182d00000)]
  0x000001bcd310e800 JavaThread "DestroyJavaVM" [_thread_blocked, id=8244, stack(0x00000051ffe00000,0x00000051fff00000)]
  0x000001bccb32d000 JavaThread "C2 CompilerThread1" daemon [_thread_blocked, id=9324, stack(0x0000005181400000,0x0000005181500000)]

Other Threads:
  0x000001bcc9898800 VMThread "VM Thread" [stack: 0x0000005180400000,0x0000005180500000] [id=5736]
  0x000001bcca8de800 WatcherThread [stack: 0x0000005181000000,0x0000005181100000] [id=5348]
  0x000001bca8e89800 GCTaskThread "GC Thread#0" [stack: 0x00000051fff00000,0x0000005200000000] [id=7328]
  0x000001bccadda800 GCTaskThread "GC Thread#1" [stack: 0x0000005181100000,0x0000005181200000] [id=5768]
=>0x000001bccaddb000 GCTaskThread "GC Thread#2" [stack: 0x0000005181200000,0x0000005181300000] [id=16252]
  0x000001bccaddc000 GCTaskThread "GC Thread#3" [stack: 0x0000005181300000,0x0000005181400000] [id=11624]
  0x000001bca8ed1800 ConcurrentGCThread "G1 Main Marker" [stack: 0x0000005180000000,0x0000005180100000] [id=8480]
  0x000001bca8ed3800 ConcurrentGCThread "G1 Conc#0" [stack: 0x0000005180100000,0x0000005180200000] [id=12196]
  0x000001bcc9704800 ConcurrentGCThread "G1 Refine#0" [stack: 0x0000005180200000,0x0000005180300000] [id=8504]
  0x000001bcc9707000 ConcurrentGCThread "G1 Young RemSet Sampling" [stack: 0x0000005180300000,0x0000005180400000] [id=8468]

Threads with active compile tasks:
C2 CompilerThread07316   !   4       org.springframework.util.ReflectionUtils::getDeclaredMethods (186 bytes)
C2 CompilerThread17400   !   4       java.net.URL::<init> (543 bytes)

VM state:at safepoint (normal execution)

VM Mutex/Monitor currently owned by a thread:  ([mutex/lock_event])
[0x000001bca8e6f270] Threads_lock - owner thread: 0x000001bcc9898800
[0x000001bca8e70740] Heap_lock - owner thread: 0x000001bcd0108800

Heap address: 0x0000000740400000, size: 3068 MB, Compressed Oops mode: Zero based, Oop shift amount: 3
Narrow klass base: 0x0000000800000000, Narrow klass shift: 0
Compressed class space size: 1073741824 Address: 0x0000000800000000

Heap:
 garbage-first heap   total 290816K, used 197936K [0x0000000740400000, 0x0000000800000000)
  region size 1024K, 173 young (177152K), 17 survivors (17408K)
 Metaspace       used 76777K, capacity 78465K, committed 78592K, reserved 1118208K
  class space    used 9781K, capacity 10430K, committed 10496K, reserved 1048576K
Heap Regions: E=young(eden), S=young(survivor), O=old, HS=humongous(starts), HC=humongous(continues), CS=collection set, F=free, A=archive, TAMS=top-at-mark-start (previous, next)
|   0|0x0000000740400000, 0x0000000740500000, 0x0000000740500000|100%|HS|  |TAMS 0x0000000740500000, 0x0000000740400000| Complete 
|   1|0x0000000740500000, 0x0000000740600000, 0x0000000740600000|100%| O|  |TAMS 0x0000000740600000, 0x0000000740500000| Untracked 
|   2|0x0000000740600000, 0x0000000740700000, 0x0000000740700000|100%| O|  |TAMS 0x0000000740700000, 0x0000000740600000| Untracked 
|   3|0x0000000740700000, 0x0000000740800000, 0x0000000740800000|100%| O|  |TAMS 0x0000000740800000, 0x0000000740700000| Untracked 
|   4|0x0000000740800000, 0x0000000740900000, 0x0000000740900000|100%| O|  |TAMS 0x0000000740900000, 0x0000000740800000| Untracked 
|   5|0x0000000740900000, 0x0000000740a00000, 0x0000000740a00000|100%| O|  |TAMS 0x0000000740a00000, 0x0000000740900000| Untracked 
|   6|0x0000000740a00000, 0x0000000740b00000, 0x0000000740b00000|100%| O|  |TAMS 0x0000000740b00000, 0x0000000740a00000| Untracked 
|   7|0x0000000740b00000, 0x0000000740c00000, 0x0000000740c00000|100%| O|  |TAMS 0x0000000740c00000, 0x0000000740b00000| Untracked 
|   8|0x0000000740c00000, 0x0000000740d00000, 0x0000000740d00000|100%| O|  |TAMS 0x0000000740d00000, 0x0000000740c00000| Untracked 
|   9|0x0000000740d00000, 0x0000000740e00000, 0x0000000740e00000|100%| O|  |TAMS 0x0000000740e00000, 0x0000000740d00000| Untracked 
|  10|0x0000000740e00000, 0x0000000740f00000, 0x0000000740f00000|100%| O|  |TAMS 0x0000000740f00000, 0x0000000740e00000| Untracked 
|  11|0x0000000740f00000, 0x0000000741000000, 0x0000000741000000|100%| O|  |TAMS 0x0000000741000000, 0x0000000740f00000| Untracked 
|  12|0x0000000741000000, 0x0000000741100000, 0x0000000741100000|100%| O|  |TAMS 0x0000000741100000, 0x0000000741000000| Untracked 
|  13|0x0000000741100000, 0x0000000741200000, 0x0000000741200000|100%| O|  |TAMS 0x0000000741200000, 0x0000000741100000| Untracked 
|  14|0x0000000741200000, 0x0000000741300000, 0x0000000741300000|100%| O|  |TAMS 0x0000000741300000, 0x0000000741200000| Untracked 
|  15|0x0000000741300000, 0x0000000741400000, 0x0000000741400000|100%| O|  |TAMS 0x0000000741400000, 0x0000000741300000| Untracked 
|  16|0x0000000741400000, 0x0000000741500000, 0x0000000741500000|100%| O|  |TAMS 0x0000000741500000, 0x0000000741400000| Untracked 
|  17|0x0000000741500000, 0x0000000741600000, 0x0000000741600000|100%| O|  |TAMS 0x0000000741600000, 0x0000000741500000| Untracked 
|  18|0x0000000741600000, 0x0000000741700000, 0x0000000741700000|100%| O|  |TAMS 0x0000000741700000, 0x0000000741600000| Untracked 
|  19|0x0000000741700000, 0x0000000741800000, 0x0000000741800000|100%| O|  |TAMS 0x0000000741800000, 0x0000000741700000| Untracked 
|  20|0x0000000741800000, 0x0000000741900000, 0x0000000741900000|100%| O|  |TAMS 0x0000000741900000, 0x0000000741800000| Untracked 
|  21|0x0000000741900000, 0x0000000741a00000, 0x0000000741a00000|100%| O|  |TAMS 0x0000000741a00000, 0x0000000741900000| Untracked 
|  22|0x0000000741a00000, 0x0000000741b00000, 0x0000000741b00000|100%| O|  |TAMS 0x0000000741b00000, 0x0000000741a00000| Untracked 
|  23|0x0000000741b00000, 0x0000000741c00000, 0x0000000741c00000|100%| O|  |TAMS 0x0000000741b4c200, 0x0000000741b00000| Untracked 
|  24|0x0000000741c00000, 0x0000000741d00000, 0x0000000741d00000|100%| O|  |TAMS 0x0000000741c00000, 0x0000000741c00000| Untracked 
|  25|0x0000000741d00000, 0x0000000741e00000, 0x0000000741e00000|100%| O|  |TAMS 0x0000000741d00000, 0x0000000741d00000| Untracked 
|  26|0x0000000741e00000, 0x0000000741f00000, 0x0000000741f00000|100%| O|  |TAMS 0x0000000741e00000, 0x0000000741e00000| Untracked 
|  27|0x0000000741f00000, 0x0000000742000000, 0x0000000742000000|100%| O|  |TAMS 0x0000000741f00000, 0x0000000741f00000| Untracked 
|  28|0x0000000742000000, 0x00000007420ff918, 0x0000000742100000| 99%| O|  |TAMS 0x0000000742000000, 0x0000000742000000| Untracked 
|  29|0x0000000742100000, 0x0000000742100000, 0x0000000742200000|  0%| F|  |TAMS 0x0000000742100000, 0x0000000742100000| Untracked 
|  30|0x0000000742200000, 0x0000000742200000, 0x0000000742300000|  0%| F|  |TAMS 0x0000000742200000, 0x0000000742200000| Untracked 
|  31|0x0000000742300000, 0x0000000742300000, 0x0000000742400000|  0%| F|  |TAMS 0x0000000742300000, 0x0000000742300000| Untracked 
|  32|0x0000000742400000, 0x0000000742400000, 0x0000000742500000|  0%| F|  |TAMS 0x0000000742400000, 0x0000000742400000| Untracked 
|  33|0x0000000742500000, 0x0000000742500000, 0x0000000742600000|  0%| F|  |TAMS 0x0000000742500000, 0x0000000742500000| Untracked 
|  34|0x0000000742600000, 0x0000000742600000, 0x0000000742700000|  0%| F|  |TAMS 0x0000000742600000, 0x0000000742600000| Untracked 
|  35|0x0000000742700000, 0x0000000742700000, 0x0000000742800000|  0%| F|  |TAMS 0x0000000742700000, 0x0000000742700000| Untracked 
|  36|0x0000000742800000, 0x0000000742800000, 0x0000000742900000|  0%| F|  |TAMS 0x0000000742800000, 0x0000000742800000| Untracked 
|  37|0x0000000742900000, 0x0000000742900000, 0x0000000742a00000|  0%| F|  |TAMS 0x0000000742900000, 0x0000000742900000| Untracked 
|  38|0x0000000742a00000, 0x0000000742a00000, 0x0000000742b00000|  0%| F|  |TAMS 0x0000000742a00000, 0x0000000742a00000| Untracked 
|  39|0x0000000742b00000, 0x0000000742b00000, 0x0000000742c00000|  0%| F|  |TAMS 0x0000000742b00000, 0x0000000742b00000| Untracked 
|  40|0x0000000742c00000, 0x0000000742c00000, 0x0000000742d00000|  0%| F|  |TAMS 0x0000000742c00000, 0x0000000742c00000| Untracked 
|  41|0x0000000742d00000, 0x0000000742d00000, 0x0000000742e00000|  0%| F|  |TAMS 0x0000000742d00000, 0x0000000742d00000| Untracked 
|  42|0x0000000742e00000, 0x0000000742e00000, 0x0000000742f00000|  0%| F|  |TAMS 0x0000000742e00000, 0x0000000742e00000| Untracked 
|  43|0x0000000742f00000, 0x0000000742f00000, 0x0000000743000000|  0%| F|  |TAMS 0x0000000742f00000, 0x0000000742f00000| Untracked 
|  44|0x0000000743000000, 0x0000000743000000, 0x0000000743100000|  0%| F|  |TAMS 0x0000000743000000, 0x0000000743000000| Untracked 
|  45|0x0000000743100000, 0x0000000743100000, 0x0000000743200000|  0%| F|  |TAMS 0x0000000743100000, 0x0000000743100000| Untracked 
|  46|0x0000000743200000, 0x0000000743200000, 0x0000000743300000|  0%| F|  |TAMS 0x0000000743200000, 0x0000000743200000| Untracked 
|  47|0x0000000743300000, 0x0000000743300000, 0x0000000743400000|  0%| F|  |TAMS 0x0000000743300000, 0x0000000743300000| Untracked 
|  48|0x0000000743400000, 0x0000000743400000, 0x0000000743500000|  0%| F|  |TAMS 0x0000000743400000, 0x0000000743400000| Untracked 
|  49|0x0000000743500000, 0x0000000743500000, 0x0000000743600000|  0%| F|  |TAMS 0x0000000743500000, 0x0000000743500000| Untracked 
|  50|0x0000000743600000, 0x0000000743600000, 0x0000000743700000|  0%| F|  |TAMS 0x0000000743600000, 0x0000000743600000| Untracked 
|  51|0x0000000743700000, 0x0000000743700000, 0x0000000743800000|  0%| F|  |TAMS 0x0000000743700000, 0x0000000743700000| Untracked 
|  52|0x0000000743800000, 0x0000000743800000, 0x0000000743900000|  0%| F|  |TAMS 0x0000000743800000, 0x0000000743800000| Untracked 
|  53|0x0000000743900000, 0x0000000743900000, 0x0000000743a00000|  0%| F|  |TAMS 0x0000000743900000, 0x0000000743900000| Untracked 
|  54|0x0000000743a00000, 0x0000000743a00000, 0x0000000743b00000|  0%| F|  |TAMS 0x0000000743a00000, 0x0000000743a00000| Untracked 
|  55|0x0000000743b00000, 0x0000000743b00000, 0x0000000743c00000|  0%| F|  |TAMS 0x0000000743b00000, 0x0000000743b00000| Untracked 
|  56|0x0000000743c00000, 0x0000000743c00000, 0x0000000743d00000|  0%| F|  |TAMS 0x0000000743c00000, 0x0000000743c00000| Untracked 
|  57|0x0000000743d00000, 0x0000000743d00000, 0x0000000743e00000|  0%| F|  |TAMS 0x0000000743d00000, 0x0000000743d00000| Untracked 
|  58|0x0000000743e00000, 0x0000000743e00000, 0x0000000743f00000|  0%| F|  |TAMS 0x0000000743e00000, 0x0000000743e00000| Untracked 
|  59|0x0000000743f00000, 0x0000000743f00000, 0x0000000744000000|  0%| F|  |TAMS 0x0000000743f00000, 0x0000000743f00000| Untracked 
|  60|0x0000000744000000, 0x0000000744000000, 0x0000000744100000|  0%| F|  |TAMS 0x0000000744000000, 0x0000000744000000| Untracked 
|  61|0x0000000744100000, 0x0000000744100000, 0x0000000744200000|  0%| F|  |TAMS 0x0000000744100000, 0x0000000744100000| Untracked 
|  62|0x0000000744200000, 0x0000000744200000, 0x0000000744300000|  0%| F|  |TAMS 0x0000000744200000, 0x0000000744200000| Untracked 
|  63|0x0000000744300000, 0x0000000744300000, 0x0000000744400000|  0%| F|  |TAMS 0x0000000744300000, 0x0000000744300000| Untracked 
|  64|0x0000000744400000, 0x0000000744400000, 0x0000000744500000|  0%| F|  |TAMS 0x0000000744400000, 0x0000000744400000| Untracked 
|  65|0x0000000744500000, 0x0000000744500000, 0x0000000744600000|  0%| F|  |TAMS 0x0000000744500000, 0x0000000744500000| Untracked 
|  66|0x0000000744600000, 0x0000000744600000, 0x0000000744700000|  0%| F|  |TAMS 0x0000000744600000, 0x0000000744600000| Untracked 
|  67|0x0000000744700000, 0x0000000744700000, 0x0000000744800000|  0%| F|  |TAMS 0x0000000744700000, 0x0000000744700000| Untracked 
|  68|0x0000000744800000, 0x0000000744800000, 0x0000000744900000|  0%| F|  |TAMS 0x0000000744800000, 0x0000000744800000| Untracked 
|  69|0x0000000744900000, 0x0000000744900000, 0x0000000744a00000|  0%| F|  |TAMS 0x0000000744900000, 0x0000000744900000| Untracked 
|  70|0x0000000744a00000, 0x0000000744a00000, 0x0000000744b00000|  0%| F|  |TAMS 0x0000000744a00000, 0x0000000744a00000| Untracked 
|  71|0x0000000744b00000, 0x0000000744b00000, 0x0000000744c00000|  0%| F|  |TAMS 0x0000000744b00000, 0x0000000744b00000| Untracked 
|  72|0x0000000744c00000, 0x0000000744c00000, 0x0000000744d00000|  0%| F|  |TAMS 0x0000000744c00000, 0x0000000744c00000| Untracked 
|  73|0x0000000744d00000, 0x0000000744d00000, 0x0000000744e00000|  0%| F|  |TAMS 0x0000000744d00000, 0x0000000744d00000| Untracked 
|  74|0x0000000744e00000, 0x0000000744e00000, 0x0000000744f00000|  0%| F|  |TAMS 0x0000000744e00000, 0x0000000744e00000| Untracked 
|  75|0x0000000744f00000, 0x0000000744f00000, 0x0000000745000000|  0%| F|  |TAMS 0x0000000744f00000, 0x0000000744f00000| Untracked 
|  76|0x0000000745000000, 0x0000000745000000, 0x0000000745100000|  0%| F|  |TAMS 0x0000000745000000, 0x0000000745000000| Untracked 
|  77|0x0000000745100000, 0x0000000745100000, 0x0000000745200000|  0%| F|  |TAMS 0x0000000745100000, 0x0000000745100000| Untracked 
|  78|0x0000000745200000, 0x0000000745200000, 0x0000000745300000|  0%| F|  |TAMS 0x0000000745200000, 0x0000000745200000| Untracked 
|  79|0x0000000745300000, 0x0000000745400000, 0x0000000745400000|100%| E|CS|TAMS 0x0000000745300000, 0x0000000745300000| Complete 
|  80|0x0000000745400000, 0x0000000745500000, 0x0000000745500000|100%| E|CS|TAMS 0x0000000745400000, 0x0000000745400000| Complete 
|  81|0x0000000745500000, 0x0000000745600000, 0x0000000745600000|100%| E|CS|TAMS 0x0000000745500000, 0x0000000745500000| Complete 
|  82|0x0000000745600000, 0x0000000745700000, 0x0000000745700000|100%| E|CS|TAMS 0x0000000745600000, 0x0000000745600000| Complete 
|  83|0x0000000745700000, 0x0000000745800000, 0x0000000745800000|100%| E|CS|TAMS 0x0000000745700000, 0x0000000745700000| Complete 
|  84|0x0000000745800000, 0x0000000745900000, 0x0000000745900000|100%| E|CS|TAMS 0x0000000745800000, 0x0000000745800000| Complete 
|  85|0x0000000745900000, 0x0000000745a00000, 0x0000000745a00000|100%| E|CS|TAMS 0x0000000745900000, 0x0000000745900000| Complete 
|  86|0x0000000745a00000, 0x0000000745b00000, 0x0000000745b00000|100%| E|CS|TAMS 0x0000000745a00000, 0x0000000745a00000| Complete 
|  87|0x0000000745b00000, 0x0000000745c00000, 0x0000000745c00000|100%| E|CS|TAMS 0x0000000745b00000, 0x0000000745b00000| Complete 
|  88|0x0000000745c00000, 0x0000000745d00000, 0x0000000745d00000|100%| E|CS|TAMS 0x0000000745c00000, 0x0000000745c00000| Complete 
|  89|0x0000000745d00000, 0x0000000745e00000, 0x0000000745e00000|100%| E|CS|TAMS 0x0000000745d00000, 0x0000000745d00000| Complete 
|  90|0x0000000745e00000, 0x0000000745f00000, 0x0000000745f00000|100%| E|CS|TAMS 0x0000000745e00000, 0x0000000745e00000| Complete 
|  91|0x0000000745f00000, 0x0000000746000000, 0x0000000746000000|100%| E|CS|TAMS 0x0000000745f00000, 0x0000000745f00000| Complete 
|  92|0x0000000746000000, 0x0000000746100000, 0x0000000746100000|100%| E|CS|TAMS 0x0000000746000000, 0x0000000746000000| Complete 
|  93|0x0000000746100000, 0x0000000746100000, 0x0000000746200000|  0%| F|  |TAMS 0x0000000746100000, 0x0000000746100000| Untracked 
|  94|0x0000000746200000, 0x0000000746200000, 0x0000000746300000|  0%| F|  |TAMS 0x0000000746200000, 0x0000000746200000| Untracked 
|  95|0x0000000746300000, 0x0000000746300000, 0x0000000746400000|  0%| F|  |TAMS 0x0000000746300000, 0x0000000746300000| Untracked 
|  96|0x0000000746400000, 0x0000000746400000, 0x0000000746500000|  0%| F|  |TAMS 0x0000000746400000, 0x0000000746400000| Untracked 
|  97|0x0000000746500000, 0x0000000746500000, 0x0000000746600000|  0%| F|  |TAMS 0x0000000746500000, 0x0000000746500000| Untracked 
|  98|0x0000000746600000, 0x0000000746600000, 0x0000000746700000|  0%| F|  |TAMS 0x0000000746600000, 0x0000000746600000| Untracked 
|  99|0x0000000746700000, 0x0000000746700000, 0x0000000746800000|  0%| F|  |TAMS 0x0000000746700000, 0x0000000746700000| Untracked 
| 100|0x0000000746800000, 0x0000000746800000, 0x0000000746900000|  0%| F|  |TAMS 0x0000000746800000, 0x0000000746800000| Untracked 
| 101|0x0000000746900000, 0x0000000746900000, 0x0000000746a00000|  0%| F|  |TAMS 0x0000000746900000, 0x0000000746900000| Untracked 
| 102|0x0000000746a00000, 0x0000000746a00000, 0x0000000746b00000|  0%| F|  |TAMS 0x0000000746a00000, 0x0000000746a00000| Untracked 
| 103|0x0000000746b00000, 0x0000000746b00000, 0x0000000746c00000|  0%| F|  |TAMS 0x0000000746b00000, 0x0000000746b00000| Untracked 
| 104|0x0000000746c00000, 0x0000000746c00000, 0x0000000746d00000|  0%| F|  |TAMS 0x0000000746c00000, 0x0000000746c00000| Untracked 
| 105|0x0000000746d00000, 0x0000000746d00000, 0x0000000746e00000|  0%| F|  |TAMS 0x0000000746d00000, 0x0000000746d00000| Untracked 
| 106|0x0000000746e00000, 0x0000000746e00000, 0x0000000746f00000|  0%| F|  |TAMS 0x0000000746e00000, 0x0000000746e00000| Untracked 
| 107|0x0000000746f00000, 0x0000000746f00000, 0x0000000747000000|  0%| F|  |TAMS 0x0000000746f00000, 0x0000000746f00000| Untracked 
| 108|0x0000000747000000, 0x0000000747000000, 0x0000000747100000|  0%| F|  |TAMS 0x0000000747000000, 0x0000000747000000| Untracked 
| 109|0x0000000747100000, 0x0000000747100000, 0x0000000747200000|  0%| F|  |TAMS 0x0000000747100000, 0x0000000747100000| Untracked 
| 110|0x0000000747200000, 0x0000000747200000, 0x0000000747300000|  0%| F|  |TAMS 0x0000000747200000, 0x0000000747200000| Untracked 
| 111|0x0000000747300000, 0x0000000747380000, 0x0000000747400000| 50%| S|  |TAMS 0x0000000747300000, 0x0000000747300000| Complete 
| 112|0x0000000747400000, 0x0000000747500000, 0x0000000747500000|100%| S|  |TAMS 0x0000000747400000, 0x0000000747400000| Complete 
| 113|0x0000000747500000, 0x0000000747600000, 0x0000000747600000|100%| S|  |TAMS 0x0000000747500000, 0x0000000747500000| Complete 
| 114|0x0000000747600000, 0x0000000747700000, 0x0000000747700000|100%| S|  |TAMS 0x0000000747600000, 0x0000000747600000| Complete 
| 115|0x0000000747700000, 0x0000000747800000, 0x0000000747800000|100%| S|  |TAMS 0x0000000747700000, 0x0000000747700000| Complete 
| 116|0x0000000747800000, 0x0000000747900000, 0x0000000747900000|100%| S|  |TAMS 0x0000000747800000, 0x0000000747800000| Complete 
| 117|0x0000000747900000, 0x0000000747a00000, 0x0000000747a00000|100%| S|  |TAMS 0x0000000747900000, 0x0000000747900000| Complete 
| 118|0x0000000747a00000, 0x0000000747b00000, 0x0000000747b00000|100%| S|  |TAMS 0x0000000747a00000, 0x0000000747a00000| Complete 
| 119|0x0000000747b00000, 0x0000000747c00000, 0x0000000747c00000|100%| S|  |TAMS 0x0000000747b00000, 0x0000000747b00000| Complete 
| 120|0x0000000747c00000, 0x0000000747d00000, 0x0000000747d00000|100%| S|  |TAMS 0x0000000747c00000, 0x0000000747c00000| Complete 
| 121|0x0000000747d00000, 0x0000000747e00000, 0x0000000747e00000|100%| S|  |TAMS 0x0000000747d00000, 0x0000000747d00000| Complete 
| 122|0x0000000747e00000, 0x0000000747f00000, 0x0000000747f00000|100%| S|  |TAMS 0x0000000747e00000, 0x0000000747e00000| Complete 
| 123|0x0000000747f00000, 0x0000000748000000, 0x0000000748000000|100%| S|  |TAMS 0x0000000747f00000, 0x0000000747f00000| Complete 
| 124|0x0000000748000000, 0x0000000748100000, 0x0000000748100000|100%| S|  |TAMS 0x0000000748000000, 0x0000000748000000| Complete 
| 125|0x0000000748100000, 0x0000000748200000, 0x0000000748200000|100%| S|  |TAMS 0x0000000748100000, 0x0000000748100000| Complete 
| 126|0x0000000748200000, 0x0000000748300000, 0x0000000748300000|100%| S|  |TAMS 0x0000000748200000, 0x0000000748200000| Complete 
| 127|0x0000000748300000, 0x0000000748400000, 0x0000000748400000|100%| S|  |TAMS 0x0000000748300000, 0x0000000748300000| Complete 
| 128|0x0000000748400000, 0x0000000748500000, 0x0000000748500000|100%| E|CS|TAMS 0x0000000748400000, 0x0000000748400000| Complete 
| 129|0x0000000748500000, 0x0000000748600000, 0x0000000748600000|100%| E|CS|TAMS 0x0000000748500000, 0x0000000748500000| Complete 
| 130|0x0000000748600000, 0x0000000748700000, 0x0000000748700000|100%| E|CS|TAMS 0x0000000748600000, 0x0000000748600000| Complete 
| 131|0x0000000748700000, 0x0000000748800000, 0x0000000748800000|100%| E|CS|TAMS 0x0000000748700000, 0x0000000748700000| Complete 
| 132|0x0000000748800000, 0x0000000748900000, 0x0000000748900000|100%| E|CS|TAMS 0x0000000748800000, 0x0000000748800000| Complete 
| 133|0x0000000748900000, 0x0000000748a00000, 0x0000000748a00000|100%| E|CS|TAMS 0x0000000748900000, 0x0000000748900000| Complete 
| 134|0x0000000748a00000, 0x0000000748b00000, 0x0000000748b00000|100%| E|CS|TAMS 0x0000000748a00000, 0x0000000748a00000| Complete 
| 135|0x0000000748b00000, 0x0000000748c00000, 0x0000000748c00000|100%| E|CS|TAMS 0x0000000748b00000, 0x0000000748b00000| Complete 
| 136|0x0000000748c00000, 0x0000000748d00000, 0x0000000748d00000|100%| E|CS|TAMS 0x0000000748c00000, 0x0000000748c00000| Complete 
| 137|0x0000000748d00000, 0x0000000748e00000, 0x0000000748e00000|100%| E|CS|TAMS 0x0000000748d00000, 0x0000000748d00000| Complete 
| 138|0x0000000748e00000, 0x0000000748f00000, 0x0000000748f00000|100%| E|CS|TAMS 0x0000000748e00000, 0x0000000748e00000| Complete 
| 139|0x0000000748f00000, 0x0000000749000000, 0x0000000749000000|100%| E|CS|TAMS 0x0000000748f00000, 0x0000000748f00000| Complete 
| 140|0x0000000749000000, 0x0000000749100000, 0x0000000749100000|100%| E|CS|TAMS 0x0000000749000000, 0x0000000749000000| Complete 
| 141|0x0000000749100000, 0x0000000749200000, 0x0000000749200000|100%| E|CS|TAMS 0x0000000749100000, 0x0000000749100000| Complete 
| 142|0x0000000749200000, 0x0000000749300000, 0x0000000749300000|100%| E|CS|TAMS 0x0000000749200000, 0x0000000749200000| Complete 
| 143|0x0000000749300000, 0x0000000749400000, 0x0000000749400000|100%| E|CS|TAMS 0x0000000749300000, 0x0000000749300000| Complete 
| 144|0x0000000749400000, 0x0000000749500000, 0x0000000749500000|100%| E|CS|TAMS 0x0000000749400000, 0x0000000749400000| Complete 
| 145|0x0000000749500000, 0x0000000749600000, 0x0000000749600000|100%| E|CS|TAMS 0x0000000749500000, 0x0000000749500000| Complete 
| 146|0x0000000749600000, 0x0000000749700000, 0x0000000749700000|100%| E|CS|TAMS 0x0000000749600000, 0x0000000749600000| Complete 
| 147|0x0000000749700000, 0x0000000749800000, 0x0000000749800000|100%| E|CS|TAMS 0x0000000749700000, 0x0000000749700000| Complete 
| 148|0x0000000749800000, 0x0000000749900000, 0x0000000749900000|100%| E|CS|TAMS 0x0000000749800000, 0x0000000749800000| Complete 
| 149|0x0000000749900000, 0x0000000749a00000, 0x0000000749a00000|100%| E|CS|TAMS 0x0000000749900000, 0x0000000749900000| Complete 
| 150|0x0000000749a00000, 0x0000000749b00000, 0x0000000749b00000|100%| E|CS|TAMS 0x0000000749a00000, 0x0000000749a00000| Complete 
| 151|0x0000000749b00000, 0x0000000749c00000, 0x0000000749c00000|100%| E|CS|TAMS 0x0000000749b00000, 0x0000000749b00000| Complete 
| 152|0x0000000749c00000, 0x0000000749d00000, 0x0000000749d00000|100%| E|CS|TAMS 0x0000000749c00000, 0x0000000749c00000| Complete 
| 153|0x0000000749d00000, 0x0000000749e00000, 0x0000000749e00000|100%| E|CS|TAMS 0x0000000749d00000, 0x0000000749d00000| Complete 
| 154|0x0000000749e00000, 0x0000000749f00000, 0x0000000749f00000|100%| E|CS|TAMS 0x0000000749e00000, 0x0000000749e00000| Complete 
| 155|0x0000000749f00000, 0x000000074a000000, 0x000000074a000000|100%| E|CS|TAMS 0x0000000749f00000, 0x0000000749f00000| Complete 
| 156|0x000000074a000000, 0x000000074a100000, 0x000000074a100000|100%| E|CS|TAMS 0x000000074a000000, 0x000000074a000000| Complete 
| 157|0x000000074a100000, 0x000000074a200000, 0x000000074a200000|100%| E|CS|TAMS 0x000000074a100000, 0x000000074a100000| Complete 
| 158|0x000000074a200000, 0x000000074a300000, 0x000000074a300000|100%| E|CS|TAMS 0x000000074a200000, 0x000000074a200000| Complete 
| 159|0x000000074a300000, 0x000000074a400000, 0x000000074a400000|100%| E|CS|TAMS 0x000000074a300000, 0x000000074a300000| Complete 
| 160|0x000000074a400000, 0x000000074a500000, 0x000000074a500000|100%| E|CS|TAMS 0x000000074a400000, 0x000000074a400000| Complete 
| 161|0x000000074a500000, 0x000000074a600000, 0x000000074a600000|100%| E|CS|TAMS 0x000000074a500000, 0x000000074a500000| Complete 
| 162|0x000000074a600000, 0x000000074a700000, 0x000000074a700000|100%| E|CS|TAMS 0x000000074a600000, 0x000000074a600000| Complete 
| 163|0x000000074a700000, 0x000000074a800000, 0x000000074a800000|100%| E|CS|TAMS 0x000000074a700000, 0x000000074a700000| Complete 
| 164|0x000000074a800000, 0x000000074a900000, 0x000000074a900000|100%| E|CS|TAMS 0x000000074a800000, 0x000000074a800000| Complete 
| 165|0x000000074a900000, 0x000000074aa00000, 0x000000074aa00000|100%| E|CS|TAMS 0x000000074a900000, 0x000000074a900000| Complete 
| 166|0x000000074aa00000, 0x000000074ab00000, 0x000000074ab00000|100%| E|CS|TAMS 0x000000074aa00000, 0x000000074aa00000| Complete 
| 167|0x000000074ab00000, 0x000000074ac00000, 0x000000074ac00000|100%| E|CS|TAMS 0x000000074ab00000, 0x000000074ab00000| Complete 
| 168|0x000000074ac00000, 0x000000074ad00000, 0x000000074ad00000|100%| E|CS|TAMS 0x000000074ac00000, 0x000000074ac00000| Complete 
| 169|0x000000074ad00000, 0x000000074ae00000, 0x000000074ae00000|100%| E|CS|TAMS 0x000000074ad00000, 0x000000074ad00000| Complete 
| 170|0x000000074ae00000, 0x000000074af00000, 0x000000074af00000|100%| E|CS|TAMS 0x000000074ae00000, 0x000000074ae00000| Complete 
| 171|0x000000074af00000, 0x000000074b000000, 0x000000074b000000|100%| E|CS|TAMS 0x000000074af00000, 0x000000074af00000| Complete 
| 172|0x000000074b000000, 0x000000074b100000, 0x000000074b100000|100%| E|CS|TAMS 0x000000074b000000, 0x000000074b000000| Complete 
| 173|0x000000074b100000, 0x000000074b200000, 0x000000074b200000|100%| E|CS|TAMS 0x000000074b100000, 0x000000074b100000| Complete 
| 174|0x000000074b200000, 0x000000074b300000, 0x000000074b300000|100%| E|CS|TAMS 0x000000074b200000, 0x000000074b200000| Complete 
| 175|0x000000074b300000, 0x000000074b400000, 0x000000074b400000|100%| E|CS|TAMS 0x000000074b300000, 0x000000074b300000| Complete 
| 176|0x000000074b400000, 0x000000074b500000, 0x000000074b500000|100%| E|CS|TAMS 0x000000074b400000, 0x000000074b400000| Complete 
| 177|0x000000074b500000, 0x000000074b600000, 0x000000074b600000|100%| E|CS|TAMS 0x000000074b500000, 0x000000074b500000| Complete 
| 178|0x000000074b600000, 0x000000074b700000, 0x000000074b700000|100%| E|CS|TAMS 0x000000074b600000, 0x000000074b600000| Complete 
| 179|0x000000074b700000, 0x000000074b800000, 0x000000074b800000|100%| E|CS|TAMS 0x000000074b700000, 0x000000074b700000| Complete 
| 180|0x000000074b800000, 0x000000074b900000, 0x000000074b900000|100%| E|CS|TAMS 0x000000074b800000, 0x000000074b800000| Complete 
| 181|0x000000074b900000, 0x000000074ba00000, 0x000000074ba00000|100%| E|CS|TAMS 0x000000074b900000, 0x000000074b900000| Complete 
| 182|0x000000074ba00000, 0x000000074bb00000, 0x000000074bb00000|100%| E|CS|TAMS 0x000000074ba00000, 0x000000074ba00000| Complete 
| 183|0x000000074bb00000, 0x000000074bc00000, 0x000000074bc00000|100%| E|CS|TAMS 0x000000074bb00000, 0x000000074bb00000| Complete 
| 184|0x000000074bc00000, 0x000000074bd00000, 0x000000074bd00000|100%| E|CS|TAMS 0x000000074bc00000, 0x000000074bc00000| Complete 
| 185|0x000000074bd00000, 0x000000074be00000, 0x000000074be00000|100%| E|CS|TAMS 0x000000074bd00000, 0x000000074bd00000| Complete 
| 186|0x000000074be00000, 0x000000074bf00000, 0x000000074bf00000|100%| E|CS|TAMS 0x000000074be00000, 0x000000074be00000| Complete 
| 187|0x000000074bf00000, 0x000000074c000000, 0x000000074c000000|100%| E|CS|TAMS 0x000000074bf00000, 0x000000074bf00000| Complete 
| 188|0x000000074c000000, 0x000000074c100000, 0x000000074c100000|100%| E|CS|TAMS 0x000000074c000000, 0x000000074c000000| Complete 
| 189|0x000000074c100000, 0x000000074c200000, 0x000000074c200000|100%| E|CS|TAMS 0x000000074c100000, 0x000000074c100000| Complete 
| 190|0x000000074c200000, 0x000000074c300000, 0x000000074c300000|100%| E|CS|TAMS 0x000000074c200000, 0x000000074c200000| Complete 
| 191|0x000000074c300000, 0x000000074c400000, 0x000000074c400000|100%| E|CS|TAMS 0x000000074c300000, 0x000000074c300000| Complete 
| 192|0x000000074c400000, 0x000000074c500000, 0x000000074c500000|100%| E|CS|TAMS 0x000000074c400000, 0x000000074c400000| Complete 
| 193|0x000000074c500000, 0x000000074c600000, 0x000000074c600000|100%| E|CS|TAMS 0x000000074c500000, 0x000000074c500000| Complete 
| 194|0x000000074c600000, 0x000000074c700000, 0x000000074c700000|100%| E|CS|TAMS 0x000000074c600000, 0x000000074c600000| Complete 
| 195|0x000000074c700000, 0x000000074c800000, 0x000000074c800000|100%| E|CS|TAMS 0x000000074c700000, 0x000000074c700000| Complete 
| 196|0x000000074c800000, 0x000000074c900000, 0x000000074c900000|100%| E|CS|TAMS 0x000000074c800000, 0x000000074c800000| Complete 
| 197|0x000000074c900000, 0x000000074ca00000, 0x000000074ca00000|100%| E|CS|TAMS 0x000000074c900000, 0x000000074c900000| Complete 
| 198|0x000000074ca00000, 0x000000074cb00000, 0x000000074cb00000|100%| E|CS|TAMS 0x000000074ca00000, 0x000000074ca00000| Complete 
| 199|0x000000074cb00000, 0x000000074cc00000, 0x000000074cc00000|100%| E|CS|TAMS 0x000000074cb00000, 0x000000074cb00000| Complete 
| 200|0x000000074cc00000, 0x000000074cd00000, 0x000000074cd00000|100%| E|CS|TAMS 0x000000074cc00000, 0x000000074cc00000| Complete 
| 201|0x000000074cd00000, 0x000000074ce00000, 0x000000074ce00000|100%| E|CS|TAMS 0x000000074cd00000, 0x000000074cd00000| Complete 
| 202|0x000000074ce00000, 0x000000074cf00000, 0x000000074cf00000|100%| E|CS|TAMS 0x000000074ce00000, 0x000000074ce00000| Complete 
| 203|0x000000074cf00000, 0x000000074d000000, 0x000000074d000000|100%| E|CS|TAMS 0x000000074cf00000, 0x000000074cf00000| Complete 
| 204|0x000000074d000000, 0x000000074d100000, 0x000000074d100000|100%| E|CS|TAMS 0x000000074d000000, 0x000000074d000000| Complete 
| 205|0x000000074d100000, 0x000000074d200000, 0x000000074d200000|100%| E|CS|TAMS 0x000000074d100000, 0x000000074d100000| Complete 
| 206|0x000000074d200000, 0x000000074d300000, 0x000000074d300000|100%| E|CS|TAMS 0x000000074d200000, 0x000000074d200000| Complete 
| 207|0x000000074d300000, 0x000000074d400000, 0x000000074d400000|100%| E|CS|TAMS 0x000000074d300000, 0x000000074d300000| Complete 
| 208|0x000000074d400000, 0x000000074d500000, 0x000000074d500000|100%| E|CS|TAMS 0x000000074d400000, 0x000000074d400000| Complete 
| 209|0x000000074d500000, 0x000000074d600000, 0x000000074d600000|100%| E|CS|TAMS 0x000000074d500000, 0x000000074d500000| Complete 
| 210|0x000000074d600000, 0x000000074d700000, 0x000000074d700000|100%| E|CS|TAMS 0x000000074d600000, 0x000000074d600000| Complete 
| 211|0x000000074d700000, 0x000000074d800000, 0x000000074d800000|100%| E|CS|TAMS 0x000000074d700000, 0x000000074d700000| Complete 
| 212|0x000000074d800000, 0x000000074d900000, 0x000000074d900000|100%| E|CS|TAMS 0x000000074d800000, 0x000000074d800000| Complete 
| 213|0x000000074d900000, 0x000000074da00000, 0x000000074da00000|100%| E|CS|TAMS 0x000000074d900000, 0x000000074d900000| Complete 
| 214|0x000000074da00000, 0x000000074db00000, 0x000000074db00000|100%| E|CS|TAMS 0x000000074da00000, 0x000000074da00000| Complete 
| 215|0x000000074db00000, 0x000000074dc00000, 0x000000074dc00000|100%| E|CS|TAMS 0x000000074db00000, 0x000000074db00000| Complete 
| 216|0x000000074dc00000, 0x000000074dd00000, 0x000000074dd00000|100%| E|CS|TAMS 0x000000074dc00000, 0x000000074dc00000| Complete 
| 217|0x000000074dd00000, 0x000000074de00000, 0x000000074de00000|100%| E|CS|TAMS 0x000000074dd00000, 0x000000074dd00000| Complete 
| 218|0x000000074de00000, 0x000000074df00000, 0x000000074df00000|100%| E|CS|TAMS 0x000000074de00000, 0x000000074de00000| Complete 
| 219|0x000000074df00000, 0x000000074e000000, 0x000000074e000000|100%| E|CS|TAMS 0x000000074df00000, 0x000000074df00000| Complete 
| 220|0x000000074e000000, 0x000000074e100000, 0x000000074e100000|100%| E|CS|TAMS 0x000000074e000000, 0x000000074e000000| Complete 
| 221|0x000000074e100000, 0x000000074e200000, 0x000000074e200000|100%| E|CS|TAMS 0x000000074e100000, 0x000000074e100000| Complete 
| 222|0x000000074e200000, 0x000000074e300000, 0x000000074e300000|100%| E|CS|TAMS 0x000000074e200000, 0x000000074e200000| Complete 
| 223|0x000000074e300000, 0x000000074e400000, 0x000000074e400000|100%| E|CS|TAMS 0x000000074e300000, 0x000000074e300000| Complete 
| 224|0x000000074e400000, 0x000000074e500000, 0x000000074e500000|100%| E|CS|TAMS 0x000000074e400000, 0x000000074e400000| Complete 
| 225|0x000000074e500000, 0x000000074e600000, 0x000000074e600000|100%| E|CS|TAMS 0x000000074e500000, 0x000000074e500000| Complete 
| 226|0x000000074e600000, 0x000000074e700000, 0x000000074e700000|100%| E|CS|TAMS 0x000000074e600000, 0x000000074e600000| Complete 
| 227|0x000000074e700000, 0x000000074e800000, 0x000000074e800000|100%| E|CS|TAMS 0x000000074e700000, 0x000000074e700000| Complete 
| 228|0x000000074e800000, 0x000000074e900000, 0x000000074e900000|100%| E|CS|TAMS 0x000000074e800000, 0x000000074e800000| Complete 
| 229|0x000000074e900000, 0x000000074ea00000, 0x000000074ea00000|100%| E|CS|TAMS 0x000000074e900000, 0x000000074e900000| Complete 
| 230|0x000000074ea00000, 0x000000074eb00000, 0x000000074eb00000|100%| E|CS|TAMS 0x000000074ea00000, 0x000000074ea00000| Complete 
| 231|0x000000074eb00000, 0x000000074ec00000, 0x000000074ec00000|100%| E|CS|TAMS 0x000000074eb00000, 0x000000074eb00000| Complete 
| 232|0x000000074ec00000, 0x000000074ed00000, 0x000000074ed00000|100%| E|CS|TAMS 0x000000074ec00000, 0x000000074ec00000| Complete 
| 233|0x000000074ed00000, 0x000000074ee00000, 0x000000074ee00000|100%| E|CS|TAMS 0x000000074ed00000, 0x000000074ed00000| Complete 
| 234|0x000000074ee00000, 0x000000074ef00000, 0x000000074ef00000|100%| E|CS|TAMS 0x000000074ee00000, 0x000000074ee00000| Complete 
| 235|0x000000074ef00000, 0x000000074f000000, 0x000000074f000000|100%| E|CS|TAMS 0x000000074ef00000, 0x000000074ef00000| Complete 
| 236|0x000000074f000000, 0x000000074f100000, 0x000000074f100000|100%| E|CS|TAMS 0x000000074f000000, 0x000000074f000000| Complete 
| 237|0x000000074f100000, 0x000000074f200000, 0x000000074f200000|100%| E|CS|TAMS 0x000000074f100000, 0x000000074f100000| Complete 
| 238|0x000000074f200000, 0x000000074f300000, 0x000000074f300000|100%| E|CS|TAMS 0x000000074f200000, 0x000000074f200000| Complete 
| 239|0x000000074f300000, 0x000000074f400000, 0x000000074f400000|100%| E|CS|TAMS 0x000000074f300000, 0x000000074f300000| Complete 
| 240|0x000000074f400000, 0x000000074f500000, 0x000000074f500000|100%| E|CS|TAMS 0x000000074f400000, 0x000000074f400000| Complete 
| 241|0x000000074f500000, 0x000000074f600000, 0x000000074f600000|100%| E|CS|TAMS 0x000000074f500000, 0x000000074f500000| Complete 
| 242|0x000000074f600000, 0x000000074f700000, 0x000000074f700000|100%| E|CS|TAMS 0x000000074f600000, 0x000000074f600000| Complete 
| 243|0x000000074f700000, 0x000000074f800000, 0x000000074f800000|100%| E|CS|TAMS 0x000000074f700000, 0x000000074f700000| Complete 
| 244|0x000000074f800000, 0x000000074f900000, 0x000000074f900000|100%| E|CS|TAMS 0x000000074f800000, 0x000000074f800000| Complete 
| 245|0x000000074f900000, 0x000000074fa00000, 0x000000074fa00000|100%| E|CS|TAMS 0x000000074f900000, 0x000000074f900000| Complete 
| 246|0x000000074fa00000, 0x000000074fb00000, 0x000000074fb00000|100%| E|CS|TAMS 0x000000074fa00000, 0x000000074fa00000| Complete 
| 247|0x000000074fb00000, 0x000000074fc00000, 0x000000074fc00000|100%| E|CS|TAMS 0x000000074fb00000, 0x000000074fb00000| Complete 
| 248|0x000000074fc00000, 0x000000074fd00000, 0x000000074fd00000|100%| E|CS|TAMS 0x000000074fc00000, 0x000000074fc00000| Complete 
| 249|0x000000074fd00000, 0x000000074fe00000, 0x000000074fe00000|100%| E|CS|TAMS 0x000000074fd00000, 0x000000074fd00000| Complete 
| 250|0x000000074fe00000, 0x000000074ff00000, 0x000000074ff00000|100%| E|CS|TAMS 0x000000074fe00000, 0x000000074fe00000| Complete 
| 251|0x000000074ff00000, 0x0000000750000000, 0x0000000750000000|100%| E|CS|TAMS 0x000000074ff00000, 0x000000074ff00000| Complete 
| 252|0x0000000750000000, 0x0000000750100000, 0x0000000750100000|100%| E|CS|TAMS 0x0000000750000000, 0x0000000750000000| Complete 
| 253|0x0000000750100000, 0x0000000750200000, 0x0000000750200000|100%| E|CS|TAMS 0x0000000750100000, 0x0000000750100000| Complete 
| 254|0x0000000750200000, 0x0000000750300000, 0x0000000750300000|100%| E|CS|TAMS 0x0000000750200000, 0x0000000750200000| Complete 
| 255|0x0000000750300000, 0x0000000750400000, 0x0000000750400000|100%| E|CS|TAMS 0x0000000750300000, 0x0000000750300000| Complete 
| 256|0x0000000750400000, 0x0000000750500000, 0x0000000750500000|100%| E|CS|TAMS 0x0000000750400000, 0x0000000750400000| Complete 
| 257|0x0000000750500000, 0x0000000750600000, 0x0000000750600000|100%| E|CS|TAMS 0x0000000750500000, 0x0000000750500000| Complete 
| 258|0x0000000750600000, 0x0000000750700000, 0x0000000750700000|100%| E|CS|TAMS 0x0000000750600000, 0x0000000750600000| Complete 
| 259|0x0000000750700000, 0x0000000750800000, 0x0000000750800000|100%| E|CS|TAMS 0x0000000750700000, 0x0000000750700000| Complete 
| 260|0x0000000750800000, 0x0000000750900000, 0x0000000750900000|100%| E|CS|TAMS 0x0000000750800000, 0x0000000750800000| Complete 
| 261|0x0000000750900000, 0x0000000750a00000, 0x0000000750a00000|100%| E|CS|TAMS 0x0000000750900000, 0x0000000750900000| Complete 
| 262|0x0000000750a00000, 0x0000000750b00000, 0x0000000750b00000|100%| E|CS|TAMS 0x0000000750a00000, 0x0000000750a00000| Complete 
| 263|0x0000000750b00000, 0x0000000750c00000, 0x0000000750c00000|100%| E|CS|TAMS 0x0000000750b00000, 0x0000000750b00000| Complete 
| 264|0x0000000750c00000, 0x0000000750d00000, 0x0000000750d00000|100%| E|CS|TAMS 0x0000000750c00000, 0x0000000750c00000| Complete 
| 265|0x0000000750d00000, 0x0000000750e00000, 0x0000000750e00000|100%| E|CS|TAMS 0x0000000750d00000, 0x0000000750d00000| Complete 
| 266|0x0000000750e00000, 0x0000000750f00000, 0x0000000750f00000|100%| E|CS|TAMS 0x0000000750e00000, 0x0000000750e00000| Complete 
| 267|0x0000000750f00000, 0x0000000751000000, 0x0000000751000000|100%| E|CS|TAMS 0x0000000750f00000, 0x0000000750f00000| Complete 
| 268|0x0000000751000000, 0x0000000751100000, 0x0000000751100000|100%| E|CS|TAMS 0x0000000751000000, 0x0000000751000000| Complete 
| 269|0x0000000751100000, 0x0000000751200000, 0x0000000751200000|100%| E|CS|TAMS 0x0000000751100000, 0x0000000751100000| Complete 
| 270|0x0000000751200000, 0x0000000751300000, 0x0000000751300000|100%| E|CS|TAMS 0x0000000751200000, 0x0000000751200000| Complete 
| 271|0x0000000751300000, 0x0000000751400000, 0x0000000751400000|100%| E|CS|TAMS 0x0000000751300000, 0x0000000751300000| Complete 
| 272|0x0000000751400000, 0x0000000751500000, 0x0000000751500000|100%| E|CS|TAMS 0x0000000751400000, 0x0000000751400000| Complete 
| 273|0x0000000751500000, 0x0000000751600000, 0x0000000751600000|100%| E|CS|TAMS 0x0000000751500000, 0x0000000751500000| Complete 
| 274|0x0000000751600000, 0x0000000751700000, 0x0000000751700000|100%| E|CS|TAMS 0x0000000751600000, 0x0000000751600000| Complete 
| 275|0x0000000751700000, 0x0000000751800000, 0x0000000751800000|100%| E|CS|TAMS 0x0000000751700000, 0x0000000751700000| Complete 
| 276|0x0000000751800000, 0x0000000751900000, 0x0000000751900000|100%| E|CS|TAMS 0x0000000751800000, 0x0000000751800000| Complete 
| 277|0x0000000751900000, 0x0000000751a00000, 0x0000000751a00000|100%| E|CS|TAMS 0x0000000751900000, 0x0000000751900000| Complete 
| 278|0x0000000751a00000, 0x0000000751b00000, 0x0000000751b00000|100%| E|CS|TAMS 0x0000000751a00000, 0x0000000751a00000| Complete 
| 279|0x0000000751b00000, 0x0000000751c00000, 0x0000000751c00000|100%| E|CS|TAMS 0x0000000751b00000, 0x0000000751b00000| Complete 
| 280|0x0000000751c00000, 0x0000000751d00000, 0x0000000751d00000|100%| E|CS|TAMS 0x0000000751c00000, 0x0000000751c00000| Complete 
| 281|0x0000000751d00000, 0x0000000751e00000, 0x0000000751e00000|100%| E|CS|TAMS 0x0000000751d00000, 0x0000000751d00000| Complete 
| 282|0x0000000751e00000, 0x0000000751f00000, 0x0000000751f00000|100%| E|CS|TAMS 0x0000000751e00000, 0x0000000751e00000| Complete 
| 283|0x0000000751f00000, 0x0000000752000000, 0x0000000752000000|100%| E|CS|TAMS 0x0000000751f00000, 0x0000000751f00000| Complete 

Card table byte_map: [0x000001bcc07a0000,0x000001bcc0da0000] _byte_map_base: 0x000001bcbcd9e000

Marking Bits (Prev, Next): (CMBitMap*) 0x000001bca8ec4af8, (CMBitMap*) 0x000001bca8ec4b30
 Prev Bits: [0x000001bcc13a0000, 0x000001bcc4390000)
 Next Bits: [0x000001bcc4390000, 0x000001bcc7380000)

Polling page: 0x000001bca6da0000

Metaspace:

Usage:
  Non-class:     66.44 MB capacity,    65.43 MB ( 98%) used,   818.64 KB (  1%) free+waste,   220.19 KB ( <1%) overhead. 
      Class:     10.19 MB capacity,     9.55 MB ( 94%) used,   548.56 KB (  5%) free+waste,    99.94 KB ( <1%) overhead. 
       Both:     76.63 MB capacity,    74.98 MB ( 98%) used,     1.34 MB (  2%) free+waste,   320.13 KB ( <1%) overhead. 

Virtual space:
  Non-class space:       68.00 MB reserved,      66.50 MB ( 98%) committed 
      Class space:        1.00 GB reserved,      10.25 MB (  1%) committed 
             Both:        1.07 GB reserved,      76.75 MB (  7%) committed 

Chunk freelists:
   Non-Class:  7.63 KB
       Class:  256 bytes
        Both:  7.88 KB

CodeHeap 'non-profiled nmethods': size=120064Kb used=4479Kb max_used=4479Kb free=115584Kb
 bounds [0x000001bcb8c60000, 0x000001bcb90c0000, 0x000001bcc01a0000]
CodeHeap 'profiled nmethods': size=120000Kb used=17476Kb max_used=17476Kb free=102523Kb
 bounds [0x000001bcb1730000, 0x000001bcb2850000, 0x000001bcb8c60000]
CodeHeap 'non-nmethods': size=5696Kb used=1253Kb max_used=1307Kb free=4442Kb
 bounds [0x000001bcb11a0000, 0x000001bcb1410000, 0x000001bcb1730000]
 total_blobs=9447 nmethods=7184 adapters=529
 compilation: enabled
              stopped_count=0, restarted_count=0
 full_count=0

Compilation events (10 events):
Event: 17.909 Thread 0x000001bcca0e6800 7422       3       java.nio.Buffer::nextPutIndex (31 bytes)
Event: 17.909 Thread 0x000001bcca0e6800 nmethod 7422 0x000001bcb2842c90 code [0x000001bcb2842e60, 0x000001bcb28430f0]
Event: 17.909 Thread 0x000001bcca0e6800 7421       3       java.nio.CharBuffer::limit (8 bytes)
Event: 17.909 Thread 0x000001bcca0e6800 nmethod 7421 0x000001bcb2843210 code [0x000001bcb28433c0, 0x000001bcb2843570]
Event: 17.909 Thread 0x000001bcca0e6800 7424       3       javax.servlet.ServletResponseWrapper::getBufferSize (10 bytes)
Event: 17.909 Thread 0x000001bcca0e6800 nmethod 7424 0x000001bcb2843610 code [0x000001bcb28437e0, 0x000001bcb2843a10]
Event: 17.909 Thread 0x000001bcca0e6800 7425       3       java.nio.HeapCharBuffer::put (16 bytes)
Event: 17.909 Thread 0x000001bcca0e6800 nmethod 7425 0x000001bcb2843b10 code [0x000001bcb2843d00, 0x000001bcb28440b0]
Event: 17.909 Thread 0x000001bcca0e6800 7426       3       java.nio.HeapCharBuffer::ix (7 bytes)
Event: 17.909 Thread 0x000001bcca0e6800 nmethod 7426 0x000001bcb2844290 code [0x000001bcb2844440, 0x000001bcb2844598]

GC Heap History (10 events):
Event: 4.447 GC heap after
{Heap after GC invocations=7 (full 0):
 garbage-first heap   total 236544K, used 16275K [0x0000000740400000, 0x0000000800000000)
  region size 1024K, 11 young (11264K), 11 survivors (11264K)
 Metaspace       used 34632K, capacity 35508K, committed 35712K, reserved 1081344K
  class space    used 4084K, capacity 4448K, committed 4480K, reserved 1048576K
}
Event: 4.514 GC heap before
{Heap before GC invocations=7 (full 0):
 garbage-first heap   total 236544K, used 19347K [0x0000000740400000, 0x0000000800000000)
  region size 1024K, 15 young (15360K), 11 survivors (11264K)
 Metaspace       used 34946K, capacity 35796K, committed 35840K, reserved 1081344K
  class space    used 4137K, capacity 4480K, committed 4480K, reserved 1048576K
}
Event: 4.532 GC heap after
{Heap after GC invocations=8 (full 0):
 garbage-first heap   total 236544K, used 16291K [0x0000000740400000, 0x0000000800000000)
  region size 1024K, 9 young (9216K), 9 survivors (9216K)
 Metaspace       used 34946K, capacity 35796K, committed 35840K, reserved 1081344K
  class space    used 4137K, capacity 4480K, committed 4480K, reserved 1048576K
}
Event: 5.925 GC heap before
{Heap before GC invocations=9 (full 0):
 garbage-first heap   total 236544K, used 147363K [0x0000000740400000, 0x0000000800000000)
  region size 1024K, 138 young (141312K), 9 survivors (9216K)
 Metaspace       used 42401K, capacity 43474K, committed 43648K, reserved 1087488K
  class space    used 5004K, capacity 5448K, committed 5504K, reserved 1048576K
}
Event: 5.940 GC heap after
{Heap after GC invocations=10 (full 0):
 garbage-first heap   total 236544K, used 24915K [0x0000000740400000, 0x0000000800000000)
  region size 1024K, 18 young (18432K), 18 survivors (18432K)
 Metaspace       used 42401K, capacity 43474K, committed 43648K, reserved 1087488K
  class space    used 5004K, capacity 5448K, committed 5504K, reserved 1048576K
}
Event: 8.134 GC heap before
{Heap before GC invocations=10 (full 0):
 garbage-first heap   total 236544K, used 139603K [0x0000000740400000, 0x0000000800000000)
  region size 1024K, 132 young (135168K), 18 survivors (18432K)
 Metaspace       used 59036K, capacity 60195K, committed 60288K, reserved 1101824K
  class space    used 7406K, capacity 7894K, committed 7936K, reserved 1048576K
}
Event: 8.168 GC heap after
{Heap after GC invocations=11 (full 0):
 garbage-first heap   total 236544K, used 29630K [0x0000000740400000, 0x0000000800000000)
  region size 1024K, 14 young (14336K), 14 survivors (14336K)
 Metaspace       used 59036K, capacity 60195K, committed 60288K, reserved 1101824K
  class space    used 7406K, capacity 7894K, committed 7936K, reserved 1048576K
}
Event: 10.931 GC heap before
{Heap before GC invocations=12 (full 0):
 garbage-first heap   total 236544K, used 156606K [0x0000000740400000, 0x0000000800000000)
  region size 1024K, 138 young (141312K), 14 survivors (14336K)
 Metaspace       used 69001K, capacity 70514K, committed 70528K, reserved 1110016K
  class space    used 8722K, capacity 9333K, committed 9344K, reserved 1048576K
}
Event: 10.955 GC heap after
{Heap after GC invocations=13 (full 0):
 garbage-first heap   total 290816K, used 38192K [0x0000000740400000, 0x0000000800000000)
  region size 1024K, 14 young (14336K), 14 survivors (14336K)
 Metaspace       used 69001K, capacity 70514K, committed 70528K, reserved 1110016K
  class space    used 8722K, capacity 9333K, committed 9344K, reserved 1048576K
}
Event: 17.917 GC heap before
{Heap before GC invocations=14 (full 0):
 garbage-first heap   total 290816K, used 197936K [0x0000000740400000, 0x0000000800000000)
  region size 1024K, 170 young (174080K), 14 survivors (14336K)
 Metaspace       used 76777K, capacity 78465K, committed 78592K, reserved 1118208K
  class space    used 9781K, capacity 10430K, committed 10496K, reserved 1048576K
}

Deoptimization events (10 events):
Event: 17.426 Thread 0x000001bcd0108800 Uncommon trap: reason=speculate_class_check action=maybe_recompile pc=0x000001bcb907e43c method=java.lang.reflect.Executable.declaredAnnotations()Ljava/util/Map; @ 23 c2
Event: 17.433 Thread 0x000001bcd0108800 Uncommon trap: reason=speculate_class_check action=maybe_recompile pc=0x000001bcb907e43c method=java.lang.reflect.Executable.declaredAnnotations()Ljava/util/Map; @ 23 c2
Event: 17.443 Thread 0x000001bcd0108800 Uncommon trap: reason=speculate_class_check action=maybe_recompile pc=0x000001bcb907e43c method=java.lang.reflect.Executable.declaredAnnotations()Ljava/util/Map; @ 23 c2
Event: 17.450 Thread 0x000001bcd0108800 Uncommon trap: reason=speculate_class_check action=maybe_recompile pc=0x000001bcb907e43c method=java.lang.reflect.Executable.declaredAnnotations()Ljava/util/Map; @ 23 c2
Event: 17.502 Thread 0x000001bcd0108800 Uncommon trap: reason=class_check action=maybe_recompile pc=0x000001bcb9061eec method=org.springframework.core.annotation.AnnotatedElementUtils.searchWithFindSemantics(Ljava/lang/reflect/AnnotatedElement;Ljava/util/Set;Ljava/lang/String;Ljava/lang/Class;L
Event: 17.502 Thread 0x000001bcd0108800 Uncommon trap: reason=class_check action=maybe_recompile pc=0x000001bcb90637d0 method=org.springframework.core.annotation.AnnotatedElementUtils.searchWithFindSemantics(Ljava/lang/reflect/AnnotatedElement;Ljava/util/Set;Ljava/lang/String;Ljava/lang/Class;L
Event: 17.781 Thread 0x000001bcd0108800 Uncommon trap: reason=unstable_if action=reinterpret pc=0x000001bcb90bd31c method=org.thymeleaf.engine.AttributeName.equals(Ljava/lang/Object;)Z @ 2 c2
Event: 17.781 Thread 0x000001bcd0108800 Uncommon trap: reason=unstable_if action=reinterpret pc=0x000001bcb90bd7bc method=org.thymeleaf.engine.AttributeName.equals(Ljava/lang/Object;)Z @ 2 c2
Event: 17.873 Thread 0x000001bcd0108800 Uncommon trap: reason=bimorphic_or_optimized_type_check action=maybe_recompile pc=0x000001bcb8ef2968 method=java.io.BufferedInputStream.read1([BII)I @ 39 c2
Event: 17.875 Thread 0x000001bcd0108800 Uncommon trap: reason=unstable_if action=reinterpret pc=0x000001bcb8ce14a0 method=java.lang.CharacterDataLatin1.isWhitespace(I)Z @ 14 c2

Classes redefined (0 events):
No events

Internal exceptions (10 events):
Event: 17.526 Thread 0x000001bcd0108800 Exception <a 'java/lang/ClassNotFoundException'{0x0000000749337a50}: org/springframework/web/context/support/WebApplicationObjectSupportCustomizer> (0x0000000749337a50) thrown at [t:/workspace/open/src/hotspot/share/classfile/systemDictionary.cpp, line 23
Event: 17.528 Thread 0x000001bcd0108800 Exception <a 'java/lang/ClassNotFoundException'{0x0000000749349d98}: org/thymeleaf/spring5/view/AbstractThymeleafViewCustomizer> (0x0000000749349d98) thrown at [t:/workspace/open/src/hotspot/share/classfile/systemDictionary.cpp, line 231]
Event: 17.530 Thread 0x000001bcd0108800 Exception <a 'java/lang/ClassNotFoundException'{0x00000007493655a8}: org/thymeleaf/spring5/view/ThymeleafViewCustomizer> (0x00000007493655a8) thrown at [t:/workspace/open/src/hotspot/share/classfile/systemDictionary.cpp, line 231]
Event: 17.531 Thread 0x000001bcd0108800 Exception <a 'java/lang/ClassNotFoundException'{0x000000074937f328}: org/springframework/web/servlet/ViewCustomizer> (0x000000074937f328) thrown at [t:/workspace/open/src/hotspot/share/classfile/systemDictionary.cpp, line 231]
Event: 17.532 Thread 0x000001bcd0108800 Exception <a 'java/lang/ClassNotFoundException'{0x00000007493910b0}: org/springframework/beans/factory/BeanNameAwareCustomizer> (0x00000007493910b0) thrown at [t:/workspace/open/src/hotspot/share/classfile/systemDictionary.cpp, line 231]
Event: 17.533 Thread 0x000001bcd0108800 Exception <a 'java/lang/ClassNotFoundException'{0x00000007493a11b0}: org/springframework/beans/factory/AwareCustomizer> (0x00000007493a11b0) thrown at [t:/workspace/open/src/hotspot/share/classfile/systemDictionary.cpp, line 231]
Event: 17.533 Thread 0x000001bcd0108800 Exception <a 'java/lang/ClassNotFoundException'{0x00000007493b1e78}: org/springframework/web/context/ServletContextAwareCustomizer> (0x00000007493b1e78) thrown at [t:/workspace/open/src/hotspot/share/classfile/systemDictionary.cpp, line 231]
Event: 17.534 Thread 0x000001bcd0108800 Exception <a 'java/lang/ClassNotFoundException'{0x00000007493c1fd0}: org/springframework/beans/factory/AwareCustomizer> (0x00000007493c1fd0) thrown at [t:/workspace/open/src/hotspot/share/classfile/systemDictionary.cpp, line 231]
Event: 17.535 Thread 0x000001bcd0108800 Exception <a 'java/lang/ClassNotFoundException'{0x00000007493d2c98}: org/springframework/context/ApplicationContextAwareCustomizer> (0x00000007493d2c98) thrown at [t:/workspace/open/src/hotspot/share/classfile/systemDictionary.cpp, line 231]
Event: 17.535 Thread 0x000001bcd0108800 Exception <a 'java/lang/ClassNotFoundException'{0x00000007493e3310}: org/springframework/beans/factory/AwareCustomizer> (0x00000007493e3310) thrown at [t:/workspace/open/src/hotspot/share/classfile/systemDictionary.cpp, line 231]

Events (10 events):
Event: 17.915 loading class org/thymeleaf/standard/expression/NoOpTokenExpression done
Event: 17.915 loading class org/thymeleaf/standard/expression/GenericTokenExpression
Event: 17.915 loading class org/thymeleaf/standard/expression/GenericTokenExpression done
Event: 17.916 loading class org/thymeleaf/standard/expression/TextLiteralExpression
Event: 17.916 loading class org/thymeleaf/standard/expression/TextLiteralExpression done
Event: 17.916 loading class org/thymeleaf/standard/expression/VariableExpression
Event: 17.916 loading class org/thymeleaf/standard/expression/VariableExpression done
Event: 17.917 loading class org/thymeleaf/standard/expression/IStandardVariableExpression
Event: 17.917 loading class org/thymeleaf/standard/expression/IStandardVariableExpression done
Event: 17.917 Executing VM operation: G1CollectForAllocation


Dynamic libraries:
0x00007ff6b9320000 - 0x00007ff6b9367000 	C:\Program Files\Java\jdk-11.0.2\bin\java.exe
0x00007ffade190000 - 0x00007ffade385000 	C:\WINDOWS\SYSTEM32\ntdll.dll
0x00007ffadcab0000 - 0x00007ffadcb6d000 	C:\WINDOWS\System32\KERNEL32.DLL
0x00007ffadbc40000 - 0x00007ffadbf09000 	C:\WINDOWS\System32\KERNELBASE.dll
0x00007ffadd5a0000 - 0x00007ffadd64c000 	C:\WINDOWS\System32\ADVAPI32.dll
0x00007ffadd500000 - 0x00007ffadd59e000 	C:\WINDOWS\System32\msvcrt.dll
0x00007ffaddf80000 - 0x00007ffade01c000 	C:\WINDOWS\System32\sechost.dll
0x00007ffade020000 - 0x00007ffade14b000 	C:\WINDOWS\System32\RPCRT4.dll
0x00007ffadd0a0000 - 0x00007ffadd240000 	C:\WINDOWS\System32\USER32.dll
0x00007ffadba30000 - 0x00007ffadba52000 	C:\WINDOWS\System32\win32u.dll
0x00007ffadcf40000 - 0x00007ffadcf6a000 	C:\WINDOWS\System32\GDI32.dll
0x00007ffadbf10000 - 0x00007ffadc01b000 	C:\WINDOWS\System32\gdi32full.dll
0x00007ffadc0a0000 - 0x00007ffadc13d000 	C:\WINDOWS\System32\msvcp_win.dll
0x00007ffadbab0000 - 0x00007ffadbbb0000 	C:\WINDOWS\System32\ucrtbase.dll
0x00007ffac6440000 - 0x00007ffac66da000 	C:\WINDOWS\WinSxS\amd64_microsoft.windows.common-controls_6595b64144ccf1df_6.0.19041.844_none_ca00b6081b84eb1d\COMCTL32.dll
0x00007ffad6680000 - 0x00007ffad668a000 	C:\WINDOWS\SYSTEM32\VERSION.dll
0x00007ffadd470000 - 0x00007ffadd4a0000 	C:\WINDOWS\System32\IMM32.DLL
0x00007ffad6540000 - 0x00007ffad6556000 	C:\Program Files\Java\jdk-11.0.2\bin\vcruntime140.dll
0x00007ffad5e20000 - 0x00007ffad5eca000 	C:\Program Files\Java\jdk-11.0.2\bin\msvcp140.dll
0x00007ffa8db20000 - 0x00007ffa8e647000 	C:\Program Files\Java\jdk-11.0.2\bin\server\jvm.dll
0x00007ffaddf00000 - 0x00007ffaddf08000 	C:\WINDOWS\System32\PSAPI.DLL
0x00007ffacf4e0000 - 0x00007ffacf4e9000 	C:\WINDOWS\SYSTEM32\WSOCK32.dll
0x00007ffadcb70000 - 0x00007ffadcbdb000 	C:\WINDOWS\System32\WS2_32.dll
0x00007ffacb630000 - 0x00007ffacb657000 	C:\WINDOWS\SYSTEM32\WINMM.dll
0x00007ffad9850000 - 0x00007ffad9862000 	C:\WINDOWS\SYSTEM32\kernel.appcore.dll
0x00007ffad6010000 - 0x00007ffad6021000 	C:\Program Files\Java\jdk-11.0.2\bin\verify.dll
0x00007ffad4b50000 - 0x00007ffad4d34000 	C:\WINDOWS\SYSTEM32\DBGHELP.DLL
0x00007ffad4b00000 - 0x00007ffad4b2c000 	C:\WINDOWS\SYSTEM32\dbgcore.DLL
0x00007ffadc020000 - 0x00007ffadc0a0000 	C:\WINDOWS\System32\bcryptPrimitives.dll
0x00007ffad5f30000 - 0x00007ffad5f59000 	C:\Program Files\Java\jdk-11.0.2\bin\java.dll
0x00007ffad5ce0000 - 0x00007ffad5d0f000 	C:\Program Files\Java\jdk-11.0.2\bin\instrument.dll
0x00007ffad5ff0000 - 0x00007ffad6006000 	C:\Program Files\Java\jdk-11.0.2\bin\zip.dll
0x00007ffad78c0000 - 0x00007ffad78ca000 	C:\Program Files\Java\jdk-11.0.2\bin\jimage.dll
0x00007ffadc2a0000 - 0x00007ffadc9e2000 	C:\WINDOWS\System32\SHELL32.dll
0x00007ffad9a50000 - 0x00007ffada1e0000 	C:\WINDOWS\SYSTEM32\windows.storage.dll
0x00007ffadcbe0000 - 0x00007ffadcf35000 	C:\WINDOWS\System32\combase.dll
0x00007ffadb340000 - 0x00007ffadb36c000 	C:\WINDOWS\SYSTEM32\Wldp.dll
0x00007ffadc1f0000 - 0x00007ffadc29e000 	C:\WINDOWS\System32\SHCORE.dll
0x00007ffadc9f0000 - 0x00007ffadca45000 	C:\WINDOWS\System32\shlwapi.dll
0x00007ffadb810000 - 0x00007ffadb82f000 	C:\WINDOWS\SYSTEM32\profapi.dll
0x00007ffad5f10000 - 0x00007ffad5f29000 	C:\Program Files\Java\jdk-11.0.2\bin\net.dll
0x00007ffad2a40000 - 0x00007ffad2b4c000 	C:\WINDOWS\SYSTEM32\WINHTTP.dll
0x00007ffaced20000 - 0x00007ffacef0e000 	C:\WINDOWS\SYSTEM32\urlmon.dll
0x00007ffacea70000 - 0x00007ffaced20000 	C:\WINDOWS\SYSTEM32\iertutil.dll
0x00007ffadb050000 - 0x00007ffadb0ba000 	C:\WINDOWS\system32\mswsock.dll
0x00007ffad5cc0000 - 0x00007ffad5cd3000 	C:\Program Files\Java\jdk-11.0.2\bin\nio.dll
0x00007ffacdbb0000 - 0x00007ffacdbca000 	C:\Program Files\JetBrains\IntelliJ IDEA Community Edition 2020.3\bin\breakgen64.dll
0x00007ffad7790000 - 0x00007ffad7799000 	C:\Program Files\Java\jdk-11.0.2\bin\management.dll
0x00007ffad7150000 - 0x00007ffad715c000 	C:\Program Files\Java\jdk-11.0.2\bin\management_ext.dll
0x00007ffacf9d0000 - 0x00007ffacf9e7000 	C:\WINDOWS\system32\napinsp.dll
0x00007ffacf9b0000 - 0x00007ffacf9cb000 	C:\WINDOWS\system32\pnrpnsp.dll
0x00007ffacf990000 - 0x00007ffacf9a5000 	C:\WINDOWS\system32\wshbth.dll
0x00007ffad5b40000 - 0x00007ffad5b5d000 	C:\WINDOWS\system32\NLAapi.dll
0x00007ffadace0000 - 0x00007ffadad1b000 	C:\WINDOWS\SYSTEM32\IPHLPAPI.DLL
0x00007ffadad20000 - 0x00007ffadadeb000 	C:\WINDOWS\SYSTEM32\DNSAPI.dll
0x00007ffaddef0000 - 0x00007ffaddef8000 	C:\WINDOWS\System32\NSI.dll
0x00007ffacf970000 - 0x00007ffacf982000 	C:\WINDOWS\System32\winrnr.dll
0x00007ffad2980000 - 0x00007ffad298a000 	C:\Windows\System32\rasadhlp.dll
0x00007ffad2350000 - 0x00007ffad23cf000 	C:\WINDOWS\System32\fwpuclnt.dll
0x00007ffadbbb0000 - 0x00007ffadbbd7000 	C:\WINDOWS\System32\bcrypt.dll
0x00007ffadb220000 - 0x00007ffadb238000 	C:\WINDOWS\SYSTEM32\CRYPTSP.dll
0x00007ffada990000 - 0x00007ffada9c4000 	C:\WINDOWS\system32\rsaenh.dll
0x00007ffadb7d0000 - 0x00007ffadb7fe000 	C:\WINDOWS\SYSTEM32\USERENV.dll
0x00007ffadb240000 - 0x00007ffadb24c000 	C:\WINDOWS\SYSTEM32\CRYPTBASE.dll
0x00007ffad53b0000 - 0x00007ffad53c7000 	C:\WINDOWS\SYSTEM32\dhcpcsvc6.DLL
0x00007ffad5360000 - 0x00007ffad537d000 	C:\WINDOWS\SYSTEM32\dhcpcsvc.DLL

dbghelp: loaded successfully - version: 4.0.5 - missing functions: none
symbol engine: initialized successfully - sym options: 0x614 - pdb path: .;C:\Program Files\Java\jdk-11.0.2\bin;C:\WINDOWS\SYSTEM32;C:\WINDOWS\WinSxS\amd64_microsoft.windows.common-controls_6595b64144ccf1df_6.0.19041.844_none_ca00b6081b84eb1d;C:\Program Files\Java\jdk-11.0.2\bin\server;C:\Program Files\JetBrains\IntelliJ IDEA Community Edition 2020.3\bin

VM Arguments:
jvm_args: -javaagent:C:\Program Files\JetBrains\IntelliJ IDEA Community Edition 2020.3\lib\idea_rt.jar=52862:C:\Program Files\JetBrains\IntelliJ IDEA Community Edition 2020.3\bin -Dfile.encoding=UTF-8 
java_command: com.fabienIT.escaladefriendsp6ocr.EscaladeApplication
java_class_path (initial): C:\Users\FaB\Git\escaladefriendsp6ocr\target\classes;C:\Users\FaB\.m2\repository\org\springframework\boot\spring-boot-starter-data-jpa\2.1.0.RELEASE\spring-boot-starter-data-jpa-2.1.0.RELEASE.jar;C:\Users\FaB\.m2\repository\org\springframework\boot\spring-boot-starter-aop\2.1.0.RELEASE\spring-boot-starter-aop-2.1.0.RELEASE.jar;C:\Users\FaB\.m2\repository\org\aspectj\aspectjweaver\1.9.2\aspectjweaver-1.9.2.jar;C:\Users\FaB\.m2\repository\org\springframework\boot\spring-boot-starter-jdbc\2.1.0.RELEASE\spring-boot-starter-jdbc-2.1.0.RELEASE.jar;C:\Users\FaB\.m2\repository\com\zaxxer\HikariCP\3.2.0\HikariCP-3.2.0.jar;C:\Users\FaB\.m2\repository\org\springframework\spring-jdbc\5.1.2.RELEASE\spring-jdbc-5.1.2.RELEASE.jar;C:\Users\FaB\.m2\repository\javax\transaction\javax.transaction-api\1.3\javax.transaction-api-1.3.jar;C:\Users\FaB\.m2\repository\javax\xml\bind\jaxb-api\2.3.1\jaxb-api-2.3.1.jar;C:\Users\FaB\.m2\repository\javax\activation\javax.activation-api\1.2.0\javax.activation-api-1.2.0.jar;C:\Users\FaB\.m2\repository\org\hibernate\hibernate-core\5.3.7.Final\hibernate-core-5.3.7.Final.jar;C:\Users\FaB\.m2\repository\org\jboss\logging\jboss-logging\3.3.2.Final\jboss-logging-3.3.2.Final.jar;C:\Users\FaB\.m2\repository\javax\persistence\javax.persistence-api\2.2\javax.persistence-api-2.2.jar;C:\Users\FaB\.m2\repository\org\javassist\javassist\3.23.1-GA\javassist-3.23.1-GA.jar;C:\Users\FaB\.m2\repository\net\bytebuddy\byte-buddy\1.9.3\byte-buddy-1.9.3.jar;C:\Users\FaB\.m2\repository\antlr\antlr\2.7.7\antlr-2.7.7.jar;C:\Users\FaB\.m2\repository\org\jboss\jandex\2.0.5.Final\jandex-2.0.5.Final.jar;C:\Users\FaB\.m2\repository\com\fasterxml\classmate\1.4.0\classmate-1.4.0.jar;C:\Users\FaB\.m2\repository\org\dom4j\dom4j\2.1.1\dom4j-2.1.1.jar;C:\Users\FaB\.m2\repository\org\hibernate\common\hibernate-commons-annotations\5.0.4.Final\hibernate-commons-annotations-5.0.4.Final.jar;C:\Users\FaB\.m2\repository\org\springframework\data\spring-data-jpa\2.
Launcher Type: SUN_STANDARD

[Global flags]
     intx CICompilerCount                          = 3                                         {product} {ergonomic}
     uint ConcGCThreads                            = 1                                         {product} {ergonomic}
     uint G1ConcRefinementThreads                  = 4                                         {product} {ergonomic}
   size_t G1HeapRegionSize                         = 1048576                                   {product} {ergonomic}
    uintx GCDrainStackTargetSize                   = 64                                        {product} {ergonomic}
   size_t InitialHeapSize                          = 201326592                                 {product} {ergonomic}
   size_t MarkStackSize                            = 4194304                                   {product} {ergonomic}
   size_t MaxHeapSize                              = 3217031168                                {product} {ergonomic}
   size_t MaxNewSize                               = 1929379840                                {product} {ergonomic}
   size_t MinHeapDeltaBytes                        = 1048576                                   {product} {ergonomic}
    uintx NonNMethodCodeHeapSize                   = 5830092                                {pd product} {ergonomic}
    uintx NonProfiledCodeHeapSize                  = 122914074                              {pd product} {ergonomic}
    uintx ProfiledCodeHeapSize                     = 122914074                              {pd product} {ergonomic}
    uintx ReservedCodeCacheSize                    = 251658240                              {pd product} {ergonomic}
     bool SegmentedCodeCache                       = true                                      {product} {ergonomic}
     bool UseCompressedClassPointers               = true                                 {lp64_product} {ergonomic}
     bool UseCompressedOops                        = true                                 {lp64_product} {ergonomic}
     bool UseG1GC                                  = true                                      {product} {ergonomic}
     bool UseLargePagesIndividualAllocation        = false                                  {pd product} {ergonomic}

Logging:
Log output configuration:
 #0: stdout all=warning uptime,level,tags
 #1: stderr all=off uptime,level,tags

Environment Variables:
JAVA_HOME=C:\Program Files\Java\jdk1.8.0_221
PATH=C:\Program Files (x86)\Common Files\Oracle\Java\javapath;C:\WINDOWS\system32;C:\WINDOWS;C:\WINDOWS\System32\Wbem;C:\WINDOWS\System32\WindowsPowerShell\v1.0\;C:\WINDOWS\System32\OpenSSH\;C:\Program Files\Git\cmd;C:\apache-maven-3.6.0\bin;C:\Program Files\MariaDB 10.4\bin;C:\Program Files\nodejs\;C:\Program Files\Java\jdk-11.0.2\bin;C:\Users\FaB\AppData\Local\Microsoft\WindowsApps;C:\Program Files\JetBrains\IntelliJ IDEA Community Edition 2018.3.4\bin;C:\Users\FaB\AppData\Local\GitHubDesktop\bin;C:\Users\FaB\AppData\Local\Microsoft\WindowsApps;C:\Users\FaB\AppData\Roaming\npm
USERNAME=FaB PC
OS=Windows_NT
PROCESSOR_IDENTIFIER=AMD64 Family 16 Model 4 Stepping 3, AuthenticAMD



---------------  S Y S T E M  ---------------

OS: Windows 10 , 64 bit Build 19041 (10.0.19041.804)

CPU:total 4 (initial active 4) (4 cores per cpu, 1 threads per core) family 16 model 4 stepping 3, cmov, cx8, fxsr, mmx, sse, sse2, sse3, popcnt, mmxext, 3dnowpref, lzcnt, sse4a, tsc, tscinvbit, tscinv

Memory: 4k page, system-wide physical 12264M (4903M free)
TotalPageFile size 17128M (AvailPageFile size 3175M)
current process WorkingSet (physical memory assigned to process): 455M, peak: 468M
current process commit charge ("private bytes"): 524M, peak: 543M

vm_info: Java HotSpot(TM) 64-Bit Server VM (11.0.2+9-LTS) for windows-amd64 JRE (11.0.2+9-LTS), built on Jan 18 2019 05:24:10 by "mach5one" with MS VC++ 15.5 (VS2017)

END.
