2020-09-08 15:06:22,789 INFO com.fabienIT.escaladefriendsp6ocr.EscaladeApplication [restartedMain] Starting EscaladeApplication on FABPC with PID 12112 (C:\Users\FaB\Git\escaladefriendsp6ocr\target\classes started by FaB PC in C:\Users\FaB\Git\escaladefriendsp6ocr)
2020-09-08 15:06:22,802 DEBUG com.fabienIT.escaladefriendsp6ocr.EscaladeApplication [restartedMain] Running with Spring Boot v2.1.0.RELEASE, Spring v5.1.2.RELEASE
2020-09-08 15:06:22,805 INFO com.fabienIT.escaladefriendsp6ocr.EscaladeApplication [restartedMain] The following profiles are active: prod
2020-09-08 15:06:38,639 INFO com.fabienIT.escaladefriendsp6ocr.EscaladeApplication [restartedMain] Started EscaladeApplication in 16.557 seconds (JVM running for 19.08)
2020-09-08 15:06:38,642 INFO com.fabienIT.escaladefriendsp6ocr.EscaladeApplication [restartedMain] Le chemin des images des sites est : img/site
2020-09-08 15:06:38,645 INFO com.fabienIT.escaladefriendsp6ocr.EscaladeApplication [restartedMain] Start Les Amis de l'Escalade Application ...
2020-09-08 18:02:07,251 INFO com.fabienIT.escaladefriendsp6ocr.EscaladeApplication [restartedMain] Starting EscaladeApplication on FABPC with PID 12732 (C:\Users\FaB\Git\escaladefriendsp6ocr\target\classes started by FaB PC in C:\Users\FaB\Git\escaladefriendsp6ocr)
2020-09-08 18:02:07,255 DEBUG com.fabienIT.escaladefriendsp6ocr.EscaladeApplication [restartedMain] Running with Spring Boot v2.1.0.RELEASE, Spring v5.1.2.RELEASE
2020-09-08 18:02:07,257 INFO com.fabienIT.escaladefriendsp6ocr.EscaladeApplication [restartedMain] The following profiles are active: prod
2020-09-08 18:02:16,855 INFO com.fabienIT.escaladefriendsp6ocr.EscaladeApplication [restartedMain] Started EscaladeApplication in 10.348 seconds (JVM running for 11.562)
2020-09-08 18:02:16,858 INFO com.fabienIT.escaladefriendsp6ocr.EscaladeApplication [restartedMain] Le chemin des images des sites est : img/site
2020-09-08 18:02:16,860 INFO com.fabienIT.escaladefriendsp6ocr.EscaladeApplication [restartedMain] Start Les Amis de l'Escalade Application ...
2020-09-08 18:03:10,625 INFO com.fabienIT.escaladefriendsp6ocr.EscaladeApplication [restartedMain] Starting EscaladeApplication on FABPC with PID 3256 (C:\Users\FaB\Git\escaladefriendsp6ocr\target\classes started by FaB PC in C:\Users\FaB\Git\escaladefriendsp6ocr)
2020-09-08 18:03:10,630 DEBUG com.fabienIT.escaladefriendsp6ocr.EscaladeApplication [restartedMain] Running with Spring Boot v2.1.0.RELEASE, Spring v5.1.2.RELEASE
2020-09-08 18:03:10,631 INFO com.fabienIT.escaladefriendsp6ocr.EscaladeApplication [restartedMain] The following profiles are active: prod
2020-09-08 18:03:20,477 INFO com.fabienIT.escaladefriendsp6ocr.EscaladeApplication [restartedMain] Started EscaladeApplication in 10.492 seconds (JVM running for 11.868)
2020-09-08 18:03:20,480 INFO com.fabienIT.escaladefriendsp6ocr.EscaladeApplication [restartedMain] Le chemin des images des sites est : img/site
2020-09-08 18:03:20,482 INFO com.fabienIT.escaladefriendsp6ocr.EscaladeApplication [restartedMain] Start Les Amis de l'Escalade Application ...
2020-09-08 18:18:44,151 INFO com.fabienIT.escaladefriendsp6ocr.EscaladeApplication [restartedMain] Starting EscaladeApplication on FABPC with PID 352 (C:\Users\FaB\Git\escaladefriendsp6ocr\target\classes started by FaB PC in C:\Users\FaB\Git\escaladefriendsp6ocr)
2020-09-08 18:18:44,158 DEBUG com.fabienIT.escaladefriendsp6ocr.EscaladeApplication [restartedMain] Running with Spring Boot v2.1.0.RELEASE, Spring v5.1.2.RELEASE
2020-09-08 18:18:44,159 INFO com.fabienIT.escaladefriendsp6ocr.EscaladeApplication [restartedMain] The following profiles are active: prod
2020-09-08 18:18:54,242 INFO com.fabienIT.escaladefriendsp6ocr.EscaladeApplication [restartedMain] Started EscaladeApplication in 10.846 seconds (JVM running for 12.094)
2020-09-08 18:18:54,245 INFO com.fabienIT.escaladefriendsp6ocr.EscaladeApplication [restartedMain] Le chemin des images des sites est : img/site
2020-09-08 18:18:54,246 INFO com.fabienIT.escaladefriendsp6ocr.EscaladeApplication [restartedMain] Start Les Amis de l'Escalade Application ...
2020-09-08 21:01:50,787 INFO com.fabienIT.escaladefriendsp6ocr.EscaladeApplication [restartedMain] Starting EscaladeApplication on FABPC with PID 5704 (C:\Users\FaB\Git\escaladefriendsp6ocr\target\classes started by FaB PC in C:\Users\FaB\Git\escaladefriendsp6ocr)
2020-09-08 21:01:50,800 DEBUG com.fabienIT.escaladefriendsp6ocr.EscaladeApplication [restartedMain] Running with Spring Boot v2.1.0.RELEASE, Spring v5.1.2.RELEASE
2020-09-08 21:01:50,801 INFO com.fabienIT.escaladefriendsp6ocr.EscaladeApplication [restartedMain] The following profiles are active: prod
2020-09-08 21:02:00,944 INFO com.fabienIT.escaladefriendsp6ocr.EscaladeApplication [restartedMain] Started EscaladeApplication in 10.861 seconds (JVM running for 12.207)
2020-09-08 21:02:00,950 INFO com.fabienIT.escaladefriendsp6ocr.EscaladeApplication [restartedMain] Le chemin des images des sites est : img/site
2020-09-08 21:02:00,951 INFO com.fabienIT.escaladefriendsp6ocr.EscaladeApplication [restartedMain] Start Les Amis de l'Escalade Application ...
2020-09-08 21:04:43,280 INFO com.fabienIT.escaladefriendsp6ocr.EscaladeApplication [restartedMain] Starting EscaladeApplication on FABPC with PID 11296 (C:\Users\FaB\Git\escaladefriendsp6ocr\target\classes started by FaB PC in C:\Users\FaB\Git\escaladefriendsp6ocr)
2020-09-08 21:04:43,284 DEBUG com.fabienIT.escaladefriendsp6ocr.EscaladeApplication [restartedMain] Running with Spring Boot v2.1.0.RELEASE, Spring v5.1.2.RELEASE
2020-09-08 21:04:43,286 INFO com.fabienIT.escaladefriendsp6ocr.EscaladeApplication [restartedMain] The following profiles are active: prod
2020-09-08 21:04:55,893 INFO com.fabienIT.escaladefriendsp6ocr.EscaladeApplication [restartedMain] Started EscaladeApplication in 13.331 seconds (JVM running for 14.768)
2020-09-08 21:04:55,896 INFO com.fabienIT.escaladefriendsp6ocr.EscaladeApplication [restartedMain] Le chemin des images des sites est : img/site
2020-09-08 21:04:55,902 INFO com.fabienIT.escaladefriendsp6ocr.EscaladeApplication [restartedMain] Start Les Amis de l'Escalade Application ...
2020-09-08 21:11:27,295 INFO com.fabienIT.escaladefriendsp6ocr.EscaladeApplication [restartedMain] Starting EscaladeApplication on FABPC with PID 9116 (C:\Users\FaB\Git\escaladefriendsp6ocr\target\classes started by FaB PC in C:\Users\FaB\Git\escaladefriendsp6ocr)
2020-09-08 21:11:27,299 DEBUG com.fabienIT.escaladefriendsp6ocr.EscaladeApplication [restartedMain] Running with Spring Boot v2.1.0.RELEASE, Spring v5.1.2.RELEASE
2020-09-08 21:11:27,301 INFO com.fabienIT.escaladefriendsp6ocr.EscaladeApplication [restartedMain] The following profiles are active: prod
2020-09-08 21:11:37,500 INFO com.fabienIT.escaladefriendsp6ocr.EscaladeApplication [restartedMain] Started EscaladeApplication in 10.96 seconds (JVM running for 12.289)
2020-09-08 21:11:37,506 INFO com.fabienIT.escaladefriendsp6ocr.EscaladeApplication [restartedMain] Le chemin des images des sites est : img/site
2020-09-08 21:11:37,511 INFO com.fabienIT.escaladefriendsp6ocr.EscaladeApplication [restartedMain] Start Les Amis de l'Escalade Application ...
2020-09-08 21:16:39,544 INFO com.fabienIT.escaladefriendsp6ocr.EscaladeApplication [restartedMain] Starting EscaladeApplication on FABPC with PID 14304 (C:\Users\FaB\Git\escaladefriendsp6ocr\target\classes started by FaB PC in C:\Users\FaB\Git\escaladefriendsp6ocr)
2020-09-08 21:16:39,549 DEBUG com.fabienIT.escaladefriendsp6ocr.EscaladeApplication [restartedMain] Running with Spring Boot v2.1.0.RELEASE, Spring v5.1.2.RELEASE
2020-09-08 21:16:39,551 INFO com.fabienIT.escaladefriendsp6ocr.EscaladeApplication [restartedMain] The following profiles are active: prod
2020-09-08 21:16:49,736 INFO com.fabienIT.escaladefriendsp6ocr.EscaladeApplication [restartedMain] Started EscaladeApplication in 10.908 seconds (JVM running for 12.276)
2020-09-08 21:16:49,739 INFO com.fabienIT.escaladefriendsp6ocr.EscaladeApplication [restartedMain] Le chemin des images des sites est : img/site
2020-09-08 21:16:49,741 INFO com.fabienIT.escaladefriendsp6ocr.EscaladeApplication [restartedMain] Start Les Amis de l'Escalade Application ...
2020-09-08 21:31:20,277 INFO com.fabienIT.escaladefriendsp6ocr.EscaladeApplication [restartedMain] Starting EscaladeApplication on FABPC with PID 9076 (C:\Users\FaB\Git\escaladefriendsp6ocr\target\classes started by FaB PC in C:\Users\FaB\Git\escaladefriendsp6ocr)
2020-09-08 21:31:20,281 DEBUG com.fabienIT.escaladefriendsp6ocr.EscaladeApplication [restartedMain] Running with Spring Boot v2.1.0.RELEASE, Spring v5.1.2.RELEASE
2020-09-08 21:31:20,283 INFO com.fabienIT.escaladefriendsp6ocr.EscaladeApplication [restartedMain] The following profiles are active: prod
2020-09-08 21:31:30,190 INFO com.fabienIT.escaladefriendsp6ocr.EscaladeApplication [restartedMain] Started EscaladeApplication in 10.578 seconds (JVM running for 11.897)
2020-09-08 21:31:30,194 INFO com.fabienIT.escaladefriendsp6ocr.EscaladeApplication [restartedMain] Le chemin des images des sites est : img/site
2020-09-08 21:31:30,197 INFO com.fabienIT.escaladefriendsp6ocr.EscaladeApplication [restartedMain] Start Les Amis de l'Escalade Application ...
