2020-09-28 14:18:57,226 INFO com.fabienIT.escaladefriendsp6ocr.EscaladeApplication [restartedMain] Starting EscaladeApplication on FABPC with PID 3528 (C:\Users\FaB\Git\escaladefriendsp6ocr\target\classes started by FaB PC in C:\Users\FaB\Git\escaladefriendsp6ocr)
2020-09-28 14:18:57,248 DEBUG com.fabienIT.escaladefriendsp6ocr.EscaladeApplication [restartedMain] Running with Spring Boot v2.1.0.RELEASE, Spring v5.1.2.RELEASE
2020-09-28 14:18:57,250 INFO com.fabienIT.escaladefriendsp6ocr.EscaladeApplication [restartedMain] The following profiles are active: prod
2020-09-28 14:19:17,837 INFO com.fabienIT.escaladefriendsp6ocr.EscaladeApplication [restartedMain] Started EscaladeApplication in 22.37 seconds (JVM running for 25.824)
2020-09-28 14:19:17,853 INFO com.fabienIT.escaladefriendsp6ocr.EscaladeApplication [restartedMain] Le chemin des images des sites est : img/site
2020-09-28 14:19:17,877 INFO com.fabienIT.escaladefriendsp6ocr.EscaladeApplication [restartedMain] Start Les Amis de l'Escalade Application ...
2020-09-28 14:22:54,219 INFO com.fabienIT.escaladefriendsp6ocr.EscaladeApplication [restartedMain] Starting EscaladeApplication on FABPC with PID 10404 (C:\Users\FaB\Git\escaladefriendsp6ocr\target\classes started by FaB PC in C:\Users\FaB\Git\escaladefriendsp6ocr)
2020-09-28 14:22:54,224 DEBUG com.fabienIT.escaladefriendsp6ocr.EscaladeApplication [restartedMain] Running with Spring Boot v2.1.0.RELEASE, Spring v5.1.2.RELEASE
2020-09-28 14:22:54,225 INFO com.fabienIT.escaladefriendsp6ocr.EscaladeApplication [restartedMain] The following profiles are active: prod
2020-09-28 14:23:08,929 INFO com.fabienIT.escaladefriendsp6ocr.EscaladeApplication [restartedMain] Started EscaladeApplication in 15.636 seconds (JVM running for 17.34)
2020-09-28 14:23:08,935 INFO com.fabienIT.escaladefriendsp6ocr.EscaladeApplication [restartedMain] Le chemin des images des sites est : img/site
2020-09-28 14:23:08,938 INFO com.fabienIT.escaladefriendsp6ocr.EscaladeApplication [restartedMain] Start Les Amis de l'Escalade Application ...
2020-09-28 14:46:56,470 INFO com.fabienIT.escaladefriendsp6ocr.EscaladeApplication [restartedMain] Starting EscaladeApplication on FABPC with PID 10840 (C:\Users\FaB\Git\escaladefriendsp6ocr\target\classes started by FaB PC in C:\Users\FaB\Git\escaladefriendsp6ocr)
2020-09-28 14:46:56,478 DEBUG com.fabienIT.escaladefriendsp6ocr.EscaladeApplication [restartedMain] Running with Spring Boot v2.1.0.RELEASE, Spring v5.1.2.RELEASE
2020-09-28 14:46:56,480 INFO com.fabienIT.escaladefriendsp6ocr.EscaladeApplication [restartedMain] The following profiles are active: prod
2020-09-28 14:47:10,353 INFO com.fabienIT.escaladefriendsp6ocr.EscaladeApplication [restartedMain] Started EscaladeApplication in 14.783 seconds (JVM running for 16.668)
2020-09-28 14:47:10,361 INFO com.fabienIT.escaladefriendsp6ocr.EscaladeApplication [restartedMain] Le chemin des images des sites est : img/site
2020-09-28 14:47:10,363 INFO com.fabienIT.escaladefriendsp6ocr.EscaladeApplication [restartedMain] Start Les Amis de l'Escalade Application ...
2020-09-28 15:52:56,835 INFO com.fabienIT.escaladefriendsp6ocr.EscaladeApplication [restartedMain] Starting EscaladeApplication on FABPC with PID 7996 (C:\Users\FaB\Git\escaladefriendsp6ocr\target\classes started by FaB PC in C:\Users\FaB\Git\escaladefriendsp6ocr)
2020-09-28 15:52:56,841 DEBUG com.fabienIT.escaladefriendsp6ocr.EscaladeApplication [restartedMain] Running with Spring Boot v2.1.0.RELEASE, Spring v5.1.2.RELEASE
2020-09-28 15:52:56,842 INFO com.fabienIT.escaladefriendsp6ocr.EscaladeApplication [restartedMain] The following profiles are active: prod
2020-09-28 15:53:09,017 INFO com.fabienIT.escaladefriendsp6ocr.EscaladeApplication [restartedMain] Started EscaladeApplication in 13.158 seconds (JVM running for 14.993)
2020-09-28 15:53:09,019 INFO com.fabienIT.escaladefriendsp6ocr.EscaladeApplication [restartedMain] Le chemin des images des sites est : img/site
2020-09-28 15:53:09,022 INFO com.fabienIT.escaladefriendsp6ocr.EscaladeApplication [restartedMain] Start Les Amis de l'Escalade Application ...
2020-09-28 15:53:46,320 INFO com.fabienIT.escaladefriendsp6ocr.EscaladeApplication [restartedMain] Starting EscaladeApplication on FABPC with PID 7748 (C:\Users\FaB\Git\escaladefriendsp6ocr\target\classes started by FaB PC in C:\Users\FaB\Git\escaladefriendsp6ocr)
2020-09-28 15:53:46,325 DEBUG com.fabienIT.escaladefriendsp6ocr.EscaladeApplication [restartedMain] Running with Spring Boot v2.1.0.RELEASE, Spring v5.1.2.RELEASE
2020-09-28 15:53:46,327 INFO com.fabienIT.escaladefriendsp6ocr.EscaladeApplication [restartedMain] The following profiles are active: prod
2020-09-28 15:53:57,462 INFO com.fabienIT.escaladefriendsp6ocr.EscaladeApplication [restartedMain] Started EscaladeApplication in 11.801 seconds (JVM running for 13.154)
2020-09-28 15:53:57,465 INFO com.fabienIT.escaladefriendsp6ocr.EscaladeApplication [restartedMain] Le chemin des images des sites est : img/site
2020-09-28 15:53:57,466 INFO com.fabienIT.escaladefriendsp6ocr.EscaladeApplication [restartedMain] Start Les Amis de l'Escalade Application ...
2020-09-28 16:01:00,704 INFO com.fabienIT.escaladefriendsp6ocr.EscaladeApplication [restartedMain] Starting EscaladeApplication on FABPC with PID 3836 (C:\Users\FaB\Git\escaladefriendsp6ocr\target\classes started by FaB PC in C:\Users\FaB\Git\escaladefriendsp6ocr)
2020-09-28 16:01:00,738 DEBUG com.fabienIT.escaladefriendsp6ocr.EscaladeApplication [restartedMain] Running with Spring Boot v2.1.0.RELEASE, Spring v5.1.2.RELEASE
2020-09-28 16:01:00,740 INFO com.fabienIT.escaladefriendsp6ocr.EscaladeApplication [restartedMain] The following profiles are active: prod
2020-09-28 16:01:16,487 INFO com.fabienIT.escaladefriendsp6ocr.EscaladeApplication [restartedMain] Started EscaladeApplication in 16.544 seconds (JVM running for 18.068)
2020-09-28 16:01:16,494 INFO com.fabienIT.escaladefriendsp6ocr.EscaladeApplication [restartedMain] Le chemin des images des sites est : img/site
2020-09-28 16:01:16,497 INFO com.fabienIT.escaladefriendsp6ocr.EscaladeApplication [restartedMain] Start Les Amis de l'Escalade Application ...
