2021-01-08 10:45:31,929 INFO com.fabienIT.escaladefriendsp6ocr.EscaladeApplication [restartedMain] Starting EscaladeApplication on FABPC with PID 9236 (C:\Users\FaB\Git\escaladefriendsp6ocr\target\classes started by FaB PC in C:\Users\FaB\Git\escaladefriendsp6ocr)
2021-01-08 10:45:31,944 DEBUG com.fabienIT.escaladefriendsp6ocr.EscaladeApplication [restartedMain] Running with Spring Boot v2.1.0.RELEASE, Spring v5.1.2.RELEASE
2021-01-08 10:45:31,949 INFO com.fabienIT.escaladefriendsp6ocr.EscaladeApplication [restartedMain] The following profiles are active: prod
2021-01-08 10:45:43,252 INFO com.fabienIT.escaladefriendsp6ocr.EscaladeApplication [restartedMain] Started EscaladeApplication in 12.076 seconds (JVM running for 13.899)
2021-01-08 10:45:43,255 INFO com.fabienIT.escaladefriendsp6ocr.EscaladeApplication [restartedMain] Le chemin des images des sites est : img/site
2021-01-08 10:45:43,257 INFO com.fabienIT.escaladefriendsp6ocr.EscaladeApplication [restartedMain] Start Les Amis de l'Escalade Application ...
2021-01-08 11:06:53,113 INFO com.fabienIT.escaladefriendsp6ocr.EscaladeApplication [restartedMain] Starting EscaladeApplication on FABPC with PID 1120 (C:\Users\FaB\Git\escaladefriendsp6ocr\target\classes started by FaB PC in C:\Users\FaB\Git\escaladefriendsp6ocr)
2021-01-08 11:06:53,118 DEBUG com.fabienIT.escaladefriendsp6ocr.EscaladeApplication [restartedMain] Running with Spring Boot v2.1.0.RELEASE, Spring v5.1.2.RELEASE
2021-01-08 11:06:53,122 INFO com.fabienIT.escaladefriendsp6ocr.EscaladeApplication [restartedMain] The following profiles are active: prod
2021-01-08 11:07:04,005 INFO com.fabienIT.escaladefriendsp6ocr.EscaladeApplication [restartedMain] Started EscaladeApplication in 11.726 seconds (JVM running for 13.332)
2021-01-08 11:07:04,008 INFO com.fabienIT.escaladefriendsp6ocr.EscaladeApplication [restartedMain] Le chemin des images des sites est : img/site
2021-01-08 11:07:04,009 INFO com.fabienIT.escaladefriendsp6ocr.EscaladeApplication [restartedMain] Start Les Amis de l'Escalade Application ...
2021-01-08 11:36:18,767 INFO com.fabienIT.escaladefriendsp6ocr.EscaladeApplication [restartedMain] Starting EscaladeApplication on FABPC with PID 8040 (C:\Users\FaB\Git\escaladefriendsp6ocr\target\classes started by FaB PC in C:\Users\FaB\Git\escaladefriendsp6ocr)
2021-01-08 11:36:18,772 DEBUG com.fabienIT.escaladefriendsp6ocr.EscaladeApplication [restartedMain] Running with Spring Boot v2.1.0.RELEASE, Spring v5.1.2.RELEASE
2021-01-08 11:36:18,775 INFO com.fabienIT.escaladefriendsp6ocr.EscaladeApplication [restartedMain] The following profiles are active: prod
2021-01-08 11:36:32,005 ERROR org.springframework.boot.SpringApplication [restartedMain] Application run failed
org.springframework.beans.factory.BeanCreationException: Error creating bean with name 'requestMappingHandlerMapping' defined in class path resource [org/springframework/boot/autoconfigure/web/servlet/WebMvcAutoConfiguration$EnableWebMvcConfiguration.class]: Invocation of init method failed; nested exception is java.lang.IllegalStateException: Ambiguous mapping. Cannot map 'siteController' method 
public java.lang.String com.fabienIT.escaladefriendsp6ocr.controller.SiteController.modifier(org.springframework.ui.Model,java.lang.Long)
to {[/editerSite],methods=[GET]}: There is already 'adminController' bean method
public java.lang.String com.fabienIT.escaladefriendsp6ocr.controller.AdminController.modifier(org.springframework.ui.Model,java.lang.Long) mapped.
	at org.springframework.beans.factory.support.AbstractAutowireCapableBeanFactory.initializeBean(AbstractAutowireCapableBeanFactory.java:1745)
	at org.springframework.beans.factory.support.AbstractAutowireCapableBeanFactory.doCreateBean(AbstractAutowireCapableBeanFactory.java:576)
	at org.springframework.beans.factory.support.AbstractAutowireCapableBeanFactory.createBean(AbstractAutowireCapableBeanFactory.java:498)
	at org.springframework.beans.factory.support.AbstractBeanFactory.lambda$doGetBean$0(AbstractBeanFactory.java:320)
	at org.springframework.beans.factory.support.DefaultSingletonBeanRegistry.getSingleton(DefaultSingletonBeanRegistry.java:222)
	at org.springframework.beans.factory.support.AbstractBeanFactory.doGetBean(AbstractBeanFactory.java:318)
	at org.springframework.beans.factory.support.AbstractBeanFactory.getBean(AbstractBeanFactory.java:199)
	at org.springframework.beans.factory.support.DefaultListableBeanFactory.preInstantiateSingletons(DefaultListableBeanFactory.java:846)
	at org.springframework.context.support.AbstractApplicationContext.finishBeanFactoryInitialization(AbstractApplicationContext.java:863)
	at org.springframework.context.support.AbstractApplicationContext.refresh(AbstractApplicationContext.java:546)
	at org.springframework.boot.web.servlet.context.ServletWebServerApplicationContext.refresh(ServletWebServerApplicationContext.java:140)
	at org.springframework.boot.SpringApplication.refresh(SpringApplication.java:775)
	at org.springframework.boot.SpringApplication.refreshContext(SpringApplication.java:397)
	at org.springframework.boot.SpringApplication.run(SpringApplication.java:316)
	at org.springframework.boot.SpringApplication.run(SpringApplication.java:1260)
	at org.springframework.boot.SpringApplication.run(SpringApplication.java:1248)
	at com.fabienIT.escaladefriendsp6ocr.EscaladeApplication.main(EscaladeApplication.java:51)
	at java.base/jdk.internal.reflect.NativeMethodAccessorImpl.invoke0(Native Method)
	at java.base/jdk.internal.reflect.NativeMethodAccessorImpl.invoke(NativeMethodAccessorImpl.java:62)
	at java.base/jdk.internal.reflect.DelegatingMethodAccessorImpl.invoke(DelegatingMethodAccessorImpl.java:43)
	at java.base/java.lang.reflect.Method.invoke(Method.java:566)
	at org.springframework.boot.devtools.restart.RestartLauncher.run(RestartLauncher.java:49)
Caused by: java.lang.IllegalStateException: Ambiguous mapping. Cannot map 'siteController' method 
public java.lang.String com.fabienIT.escaladefriendsp6ocr.controller.SiteController.modifier(org.springframework.ui.Model,java.lang.Long)
to {[/editerSite],methods=[GET]}: There is already 'adminController' bean method
public java.lang.String com.fabienIT.escaladefriendsp6ocr.controller.AdminController.modifier(org.springframework.ui.Model,java.lang.Long) mapped.
	at org.springframework.web.servlet.handler.AbstractHandlerMethodMapping$MappingRegistry.assertUniqueMethodMapping(AbstractHandlerMethodMapping.java:599)
	at org.springframework.web.servlet.handler.AbstractHandlerMethodMapping$MappingRegistry.register(AbstractHandlerMethodMapping.java:567)
	at org.springframework.web.servlet.handler.AbstractHandlerMethodMapping.registerHandlerMethod(AbstractHandlerMethodMapping.java:294)
	at org.springframework.web.servlet.handler.AbstractHandlerMethodMapping.lambda$detectHandlerMethods$1(AbstractHandlerMethodMapping.java:279)
	at java.base/java.util.LinkedHashMap.forEach(LinkedHashMap.java:684)
	at org.springframework.web.servlet.handler.AbstractHandlerMethodMapping.detectHandlerMethods(AbstractHandlerMethodMapping.java:277)
	at org.springframework.web.servlet.handler.AbstractHandlerMethodMapping.processCandidateBean(AbstractHandlerMethodMapping.java:249)
	at org.springframework.web.servlet.handler.AbstractHandlerMethodMapping.initHandlerMethods(AbstractHandlerMethodMapping.java:208)
	at org.springframework.web.servlet.handler.AbstractHandlerMethodMapping.afterPropertiesSet(AbstractHandlerMethodMapping.java:196)
	at org.springframework.web.servlet.mvc.method.annotation.RequestMappingHandlerMapping.afterPropertiesSet(RequestMappingHandlerMapping.java:164)
	at org.springframework.beans.factory.support.AbstractAutowireCapableBeanFactory.invokeInitMethods(AbstractAutowireCapableBeanFactory.java:1804)
	at org.springframework.beans.factory.support.AbstractAutowireCapableBeanFactory.initializeBean(AbstractAutowireCapableBeanFactory.java:1741)
	... 21 common frames omitted
2021-01-08 11:45:14,642 INFO com.fabienIT.escaladefriendsp6ocr.EscaladeApplication [restartedMain] Starting EscaladeApplication on FABPC with PID 3988 (C:\Users\FaB\Git\escaladefriendsp6ocr\target\classes started by FaB PC in C:\Users\FaB\Git\escaladefriendsp6ocr)
2021-01-08 11:45:14,647 DEBUG com.fabienIT.escaladefriendsp6ocr.EscaladeApplication [restartedMain] Running with Spring Boot v2.1.0.RELEASE, Spring v5.1.2.RELEASE
2021-01-08 11:45:14,649 INFO com.fabienIT.escaladefriendsp6ocr.EscaladeApplication [restartedMain] The following profiles are active: prod
2021-01-08 11:45:28,193 INFO com.fabienIT.escaladefriendsp6ocr.EscaladeApplication [restartedMain] Started EscaladeApplication in 14.392 seconds (JVM running for 16.053)
2021-01-08 11:45:28,199 INFO com.fabienIT.escaladefriendsp6ocr.EscaladeApplication [restartedMain] Le chemin des images des sites est : img/site
2021-01-08 11:45:28,202 INFO com.fabienIT.escaladefriendsp6ocr.EscaladeApplication [restartedMain] Start Les Amis de l'Escalade Application ...
2021-01-08 11:47:24,794 INFO com.fabienIT.escaladefriendsp6ocr.EscaladeApplication [restartedMain] Starting EscaladeApplication on FABPC with PID 7880 (C:\Users\FaB\Git\escaladefriendsp6ocr\target\classes started by FaB PC in C:\Users\FaB\Git\escaladefriendsp6ocr)
2021-01-08 11:47:24,799 DEBUG com.fabienIT.escaladefriendsp6ocr.EscaladeApplication [restartedMain] Running with Spring Boot v2.1.0.RELEASE, Spring v5.1.2.RELEASE
2021-01-08 11:47:24,801 INFO com.fabienIT.escaladefriendsp6ocr.EscaladeApplication [restartedMain] The following profiles are active: prod
2021-01-08 11:47:38,623 INFO com.fabienIT.escaladefriendsp6ocr.EscaladeApplication [restartedMain] Started EscaladeApplication in 14.579 seconds (JVM running for 16.534)
2021-01-08 11:47:38,626 INFO com.fabienIT.escaladefriendsp6ocr.EscaladeApplication [restartedMain] Le chemin des images des sites est : img/site
2021-01-08 11:47:38,628 INFO com.fabienIT.escaladefriendsp6ocr.EscaladeApplication [restartedMain] Start Les Amis de l'Escalade Application ...
2021-01-08 11:53:19,503 INFO com.fabienIT.escaladefriendsp6ocr.controller.TopoController [http-nio-8088-exec-7] Le nombre de site est : 2
2021-01-08 11:53:21,795 INFO com.fabienIT.escaladefriendsp6ocr.controller.TopoController [http-nio-8088-exec-5] La page d'escalade est : Site{id=1, nom='Le Peyssin', region='Alpes', nbVoies=125, cotationMin='4a', cotationMax='9b+', description='Superbe petit site situé au bord de l'eau en face du camping.  Les voies sont courtes mais intéressantes. Certaines voies gagneraient à être plus fréquentées, la mousse est de retour.  Site idéal pour une fin d'après-midi.  Un magnifique éperon rocheux domine le site : Ça pourrait faire un très bon site si on pouvait/voulait équiper cette falaise.', site_image='LePeyssin.jpg'}
2021-01-08 11:53:21,795 INFO com.fabienIT.escaladefriendsp6ocr.controller.TopoController [http-nio-8088-exec-5] Le topo est : [Topo{id=1, nom='Les Alpes', proprietaire='Jean Philippe', region='Alpes', nbSites=18, nbVoies=156, cotationMin='4a', cotationMax='9b+', demandeReservation=false, validerReservation=false, reserve=false}, Topo{id=2, nom='La folie', proprietaire='Souleymane', region='Alpes', nbSites=15, nbVoies=97, cotationMin='4a', cotationMax='9a', demandeReservation=false, validerReservation=false, reserve=false}]
2021-01-08 11:53:21,796 INFO com.fabienIT.escaladefriendsp6ocr.controller.TopoController [http-nio-8088-exec-5] Le commentaire est : [Commentaire{id=2, comDate=null, com='Très fatiguant mais ça fait plaisir de se retrouver entre potes dans ce cadre magnifique ! A refaire !'}, Commentaire{id=1, comDate=null, com='J'y suis aller avec des amis, on s'est vraiment éclaté et on a pu dépasser nos limites ! Super cadre, je recommande fortement se magnifique spot !'}]
2021-01-08 11:53:24,931 INFO com.fabienIT.escaladefriendsp6ocr.controller.TopoController [http-nio-8088-exec-1] Le nombre de site est : 2
2021-01-08 11:53:51,879 INFO com.fabienIT.escaladefriendsp6ocr.controller.TopoController [http-nio-8088-exec-1] Le nombre de site est : 2
2021-01-08 13:42:53,648 INFO com.fabienIT.escaladefriendsp6ocr.EscaladeApplication [restartedMain] Starting EscaladeApplication on FABPC with PID 4808 (C:\Users\FaB\Git\escaladefriendsp6ocr\target\classes started by FaB PC in C:\Users\FaB\Git\escaladefriendsp6ocr)
2021-01-08 13:42:53,652 DEBUG com.fabienIT.escaladefriendsp6ocr.EscaladeApplication [restartedMain] Running with Spring Boot v2.1.0.RELEASE, Spring v5.1.2.RELEASE
2021-01-08 13:42:53,654 INFO com.fabienIT.escaladefriendsp6ocr.EscaladeApplication [restartedMain] The following profiles are active: prod
2021-01-08 13:43:04,306 INFO com.fabienIT.escaladefriendsp6ocr.EscaladeApplication [restartedMain] Started EscaladeApplication in 11.314 seconds (JVM running for 12.595)
2021-01-08 13:43:04,309 INFO com.fabienIT.escaladefriendsp6ocr.EscaladeApplication [restartedMain] Le chemin des images des sites est : img/site
2021-01-08 13:43:04,311 INFO com.fabienIT.escaladefriendsp6ocr.EscaladeApplication [restartedMain] Start Les Amis de l'Escalade Application ...
2021-01-08 14:30:07,932 INFO com.fabienIT.escaladefriendsp6ocr.controller.TopoController [http-nio-8088-exec-5] Le nombre de site est : 2
2021-01-08 14:30:10,279 INFO com.fabienIT.escaladefriendsp6ocr.controller.TopoController [http-nio-8088-exec-7] Le site que l'on souhaite modofier est : Optional[Site{id=1, nom='Le Peyssin', region='Alpes', nbVoies=125, cotationMin='4a', cotationMax='9b+', description='Superbe petit site situé au bord de l'eau en face du camping.  Les voies sont courtes mais intéressantes. Certaines voies gagneraient à être plus fréquentées, la mousse est de retour.  Site idéal pour une fin d'après-midi.  Un magnifique éperon rocheux domine le site : Ça pourrait faire un très bon site si on pouvait/voulait équiper cette falaise.', site_image='LePeyssin.jpg'}]
2021-01-08 14:30:13,196 INFO com.fabienIT.escaladefriendsp6ocr.controller.TopoController [http-nio-8088-exec-5] Le topo que l'on édite est : Site{id=1, nom='Le Peyssin', region='Alpes', nbVoies=125, cotationMin='4a', cotationMax='9b+', description='Superbe petit site situé au bord de l'eau en face du camping.  Les voies sont courtes mais intéressantes. Certaines voies gagneraient à être plus fréquentées, la mousse est de retour.  Site idéal pour une fin d'après-midi.  Un magnifique éperon rocheux domine le site : Ça pourrait faire un très bon site si on pouvait/voulait équiper cette falaise.', site_image='LePeyssin.jpg'}
2021-01-08 14:30:13,225 INFO com.fabienIT.escaladefriendsp6ocr.controller.TopoController [http-nio-8088-exec-4] Le nombre de site est : 2
2021-01-08 14:30:16,628 INFO com.fabienIT.escaladefriendsp6ocr.controller.TopoController [http-nio-8088-exec-1] Le site que l'on souhaite modofier est : Optional[Site{id=1, nom='Le Peyssin', region='Alpes', nbVoies=125, cotationMin='4a', cotationMax='9b+', description='Superbe petit site situé au bord de l'eau en face du camping.  Les voies sont courtes mais intéressantes. Certaines voies gagneraient à être plus fréquentées, la mousse est de retour.  Site idéal pour une fin d'après-midi.  Un magnifique éperon rocheux domine le site : Ça pourrait faire un très bon site si on pouvait/voulait équiper cette falaise.', site_image='LePeyssin.jpg'}]
2021-01-08 14:30:21,552 INFO com.fabienIT.escaladefriendsp6ocr.controller.TopoController [http-nio-8088-exec-4] Le topo que l'on édite est : Site{id=1, nom='Le Peyssin', region='Alpes', nbVoies=125, cotationMin='4a', cotationMax='100000', description='Superbe petit site situé au bord de l'eau en face du camping.  Les voies sont courtes mais intéressantes. Certaines voies gagneraient à être plus fréquentées, la mousse est de retour.  Site idéal pour une fin d'après-midi.  Un magnifique éperon rocheux domine le site : Ça pourrait faire un très bon site si on pouvait/voulait équiper cette falaise.', site_image='LePeyssin.jpg'}
2021-01-08 14:30:21,578 INFO com.fabienIT.escaladefriendsp6ocr.controller.TopoController [http-nio-8088-exec-6] Le nombre de site est : 2
2021-01-08 14:30:23,658 INFO com.fabienIT.escaladefriendsp6ocr.controller.TopoController [http-nio-8088-exec-2] Le site que l'on souhaite modofier est : Optional[Site{id=1, nom='Le Peyssin', region='Alpes', nbVoies=125, cotationMin='4a', cotationMax='100000', description='Superbe petit site situé au bord de l'eau en face du camping.  Les voies sont courtes mais intéressantes. Certaines voies gagneraient à être plus fréquentées, la mousse est de retour.  Site idéal pour une fin d'après-midi.  Un magnifique éperon rocheux domine le site : Ça pourrait faire un très bon site si on pouvait/voulait équiper cette falaise.', site_image='LePeyssin.jpg'}]
2021-01-08 14:30:27,921 INFO com.fabienIT.escaladefriendsp6ocr.controller.TopoController [http-nio-8088-exec-7] Le topo que l'on édite est : Site{id=1, nom='Le Peyssin', region='Alpes', nbVoies=125, cotationMin='4a', cotationMax='9+', description='Superbe petit site situé au bord de l'eau en face du camping.  Les voies sont courtes mais intéressantes. Certaines voies gagneraient à être plus fréquentées, la mousse est de retour.  Site idéal pour une fin d'après-midi.  Un magnifique éperon rocheux domine le site : Ça pourrait faire un très bon site si on pouvait/voulait équiper cette falaise.', site_image='LePeyssin.jpg'}
2021-01-08 14:30:27,942 INFO com.fabienIT.escaladefriendsp6ocr.controller.TopoController [http-nio-8088-exec-1] Le nombre de site est : 2
2021-01-08 14:30:35,397 INFO com.fabienIT.escaladefriendsp6ocr.controller.TopoController [http-nio-8088-exec-4] Le nombre de site est : 2
2021-01-08 14:30:36,599 INFO com.fabienIT.escaladefriendsp6ocr.controller.TopoController [http-nio-8088-exec-6] Le site que l'on souhaite modofier est : Optional[Site{id=1, nom='Le Peyssin', region='Alpes', nbVoies=125, cotationMin='4a', cotationMax='9+', description='Superbe petit site situé au bord de l'eau en face du camping.  Les voies sont courtes mais intéressantes. Certaines voies gagneraient à être plus fréquentées, la mousse est de retour.  Site idéal pour une fin d'après-midi.  Un magnifique éperon rocheux domine le site : Ça pourrait faire un très bon site si on pouvait/voulait équiper cette falaise.', site_image='LePeyssin.jpg'}]
2021-01-08 14:30:53,133 INFO com.fabienIT.escaladefriendsp6ocr.controller.TopoController [http-nio-8088-exec-3] Le site que l'on souhaite modofier est : Optional[Site{id=1, nom='Le Peyssin', region='Alpes', nbVoies=125, cotationMin='4a', cotationMax='9+', description='Superbe petit site situé au bord de l'eau en face du camping.  Les voies sont courtes mais intéressantes. Certaines voies gagneraient à être plus fréquentées, la mousse est de retour.  Site idéal pour une fin d'après-midi.  Un magnifique éperon rocheux domine le site : Ça pourrait faire un très bon site si on pouvait/voulait équiper cette falaise.', site_image='LePeyssin.jpg'}]
