2021-03-29 08:36:34,537 INFO com.fabienIT.escaladefriendsp6ocr.EscaladeApplication [restartedMain] Starting EscaladeApplication on FABPC with PID 6396 (C:\Users\FaB\Git\escaladefriendsp6ocr\target\classes started by FaB PC in C:\Users\FaB\Git\escaladefriendsp6ocr)
2021-03-29 08:36:34,553 DEBUG com.fabienIT.escaladefriendsp6ocr.EscaladeApplication [restartedMain] Running with Spring Boot v2.1.0.RELEASE, Spring v5.1.2.RELEASE
2021-03-29 08:36:34,555 INFO com.fabienIT.escaladefriendsp6ocr.EscaladeApplication [restartedMain] The following profiles are active: prod
2021-03-29 08:36:45,984 INFO com.fabienIT.escaladefriendsp6ocr.EscaladeApplication [restartedMain] Started EscaladeApplication in 12.174 seconds (JVM running for 13.905)
2021-03-29 08:36:45,988 INFO com.fabienIT.escaladefriendsp6ocr.EscaladeApplication [restartedMain] Le chemin des images des sites est : img/site
2021-03-29 08:36:45,990 INFO com.fabienIT.escaladefriendsp6ocr.EscaladeApplication [restartedMain] Start Les Amis de l'Escalade Application ...
2021-03-29 09:01:22,586 INFO com.fabienIT.escaladefriendsp6ocr.EscaladeApplication [restartedMain] Starting EscaladeApplication on FABPC with PID 6276 (C:\Users\FaB\Git\escaladefriendsp6ocr\target\classes started by FaB PC in C:\Users\FaB\Git\escaladefriendsp6ocr)
2021-03-29 09:01:22,593 DEBUG com.fabienIT.escaladefriendsp6ocr.EscaladeApplication [restartedMain] Running with Spring Boot v2.1.0.RELEASE, Spring v5.1.2.RELEASE
2021-03-29 09:01:22,596 INFO com.fabienIT.escaladefriendsp6ocr.EscaladeApplication [restartedMain] The following profiles are active: prod
2021-03-29 09:01:33,396 INFO com.fabienIT.escaladefriendsp6ocr.EscaladeApplication [restartedMain] Started EscaladeApplication in 11.479 seconds (JVM running for 13.019)
2021-03-29 09:01:33,399 INFO com.fabienIT.escaladefriendsp6ocr.EscaladeApplication [restartedMain] Le chemin des images des sites est : img/site
2021-03-29 09:01:33,401 INFO com.fabienIT.escaladefriendsp6ocr.EscaladeApplication [restartedMain] Start Les Amis de l'Escalade Application ...
2021-03-29 09:02:19,313 INFO com.fabienIT.escaladefriendsp6ocr.EscaladeApplication [restartedMain] Starting EscaladeApplication on FABPC with PID 15956 (C:\Users\FaB\Git\escaladefriendsp6ocr\target\classes started by FaB PC in C:\Users\FaB\Git\escaladefriendsp6ocr)
2021-03-29 09:02:19,318 DEBUG com.fabienIT.escaladefriendsp6ocr.EscaladeApplication [restartedMain] Running with Spring Boot v2.1.0.RELEASE, Spring v5.1.2.RELEASE
2021-03-29 09:02:19,319 INFO com.fabienIT.escaladefriendsp6ocr.EscaladeApplication [restartedMain] The following profiles are active: prod
2021-03-29 09:02:30,037 INFO com.fabienIT.escaladefriendsp6ocr.EscaladeApplication [restartedMain] Started EscaladeApplication in 11.43 seconds (JVM running for 12.708)
2021-03-29 09:02:30,040 INFO com.fabienIT.escaladefriendsp6ocr.EscaladeApplication [restartedMain] Le chemin des images des sites est : img/site
2021-03-29 09:02:30,042 INFO com.fabienIT.escaladefriendsp6ocr.EscaladeApplication [restartedMain] Start Les Amis de l'Escalade Application ...
2021-03-29 09:09:48,311 ERROR com.fabienIT.escaladefriendsp6ocr.controller.TopoController [http-nio-8088-exec-7] Pas de role
2021-03-29 09:15:58,340 INFO com.fabienIT.escaladefriendsp6ocr.EscaladeApplication [restartedMain] Starting EscaladeApplication on FABPC with PID 11980 (C:\Users\FaB\Git\escaladefriendsp6ocr\target\classes started by FaB PC in C:\Users\FaB\Git\escaladefriendsp6ocr)
2021-03-29 09:15:58,344 DEBUG com.fabienIT.escaladefriendsp6ocr.EscaladeApplication [restartedMain] Running with Spring Boot v2.1.0.RELEASE, Spring v5.1.2.RELEASE
2021-03-29 09:15:58,345 INFO com.fabienIT.escaladefriendsp6ocr.EscaladeApplication [restartedMain] The following profiles are active: prod
2021-03-29 09:16:10,411 INFO com.fabienIT.escaladefriendsp6ocr.EscaladeApplication [restartedMain] Started EscaladeApplication in 12.969 seconds (JVM running for 14.404)
2021-03-29 09:16:10,413 INFO com.fabienIT.escaladefriendsp6ocr.EscaladeApplication [restartedMain] Le chemin des images des sites est : img/site
2021-03-29 09:16:10,415 INFO com.fabienIT.escaladefriendsp6ocr.EscaladeApplication [restartedMain] Start Les Amis de l'Escalade Application ...
2021-03-29 09:17:04,737 INFO com.fabienIT.escaladefriendsp6ocr.EscaladeApplication [restartedMain] Starting EscaladeApplication on FABPC with PID 1164 (C:\Users\FaB\Git\escaladefriendsp6ocr\target\classes started by FaB PC in C:\Users\FaB\Git\escaladefriendsp6ocr)
2021-03-29 09:17:04,741 DEBUG com.fabienIT.escaladefriendsp6ocr.EscaladeApplication [restartedMain] Running with Spring Boot v2.1.0.RELEASE, Spring v5.1.2.RELEASE
2021-03-29 09:17:04,743 INFO com.fabienIT.escaladefriendsp6ocr.EscaladeApplication [restartedMain] The following profiles are active: prod
2021-03-29 09:17:16,745 INFO com.fabienIT.escaladefriendsp6ocr.EscaladeApplication [restartedMain] Started EscaladeApplication in 12.699 seconds (JVM running for 14.214)
2021-03-29 09:17:16,748 INFO com.fabienIT.escaladefriendsp6ocr.EscaladeApplication [restartedMain] Le chemin des images des sites est : img/site
2021-03-29 09:17:16,749 INFO com.fabienIT.escaladefriendsp6ocr.EscaladeApplication [restartedMain] Start Les Amis de l'Escalade Application ...
2021-03-29 09:17:16,915 ERROR com.fabienIT.escaladefriendsp6ocr.controller.TopoController [http-nio-8088-exec-1] Pas de role
2021-03-29 09:20:59,946 INFO com.fabienIT.escaladefriendsp6ocr.EscaladeApplication [restartedMain] Starting EscaladeApplication on FABPC with PID 6728 (C:\Users\FaB\Git\escaladefriendsp6ocr\target\classes started by FaB PC in C:\Users\FaB\Git\escaladefriendsp6ocr)
2021-03-29 09:20:59,950 DEBUG com.fabienIT.escaladefriendsp6ocr.EscaladeApplication [restartedMain] Running with Spring Boot v2.1.0.RELEASE, Spring v5.1.2.RELEASE
2021-03-29 09:20:59,952 INFO com.fabienIT.escaladefriendsp6ocr.EscaladeApplication [restartedMain] The following profiles are active: prod
2021-03-29 09:21:12,546 INFO com.fabienIT.escaladefriendsp6ocr.EscaladeApplication [restartedMain] Started EscaladeApplication in 13.273 seconds (JVM running for 14.77)
2021-03-29 09:21:12,549 INFO com.fabienIT.escaladefriendsp6ocr.EscaladeApplication [restartedMain] Le chemin des images des sites est : img/site
2021-03-29 09:21:12,550 INFO com.fabienIT.escaladefriendsp6ocr.EscaladeApplication [restartedMain] Start Les Amis de l'Escalade Application ...
2021-03-29 09:21:12,850 ERROR com.fabienIT.escaladefriendsp6ocr.controller.TopoController [http-nio-8088-exec-1] Pas de role
2021-03-29 09:21:23,574 ERROR com.fabienIT.escaladefriendsp6ocr.controller.TopoController [http-nio-8088-exec-5] Pas de role
2021-03-29 09:27:55,542 INFO com.fabienIT.escaladefriendsp6ocr.EscaladeApplication [restartedMain] Starting EscaladeApplication on FABPC with PID 7188 (C:\Users\FaB\Git\escaladefriendsp6ocr\target\classes started by FaB PC in C:\Users\FaB\Git\escaladefriendsp6ocr)
2021-03-29 09:27:55,547 DEBUG com.fabienIT.escaladefriendsp6ocr.EscaladeApplication [restartedMain] Running with Spring Boot v2.1.0.RELEASE, Spring v5.1.2.RELEASE
2021-03-29 09:27:55,549 INFO com.fabienIT.escaladefriendsp6ocr.EscaladeApplication [restartedMain] The following profiles are active: prod
2021-03-29 09:28:07,292 INFO com.fabienIT.escaladefriendsp6ocr.EscaladeApplication [restartedMain] Started EscaladeApplication in 12.495 seconds (JVM running for 13.955)
2021-03-29 09:28:07,295 INFO com.fabienIT.escaladefriendsp6ocr.EscaladeApplication [restartedMain] Le chemin des images des sites est : img/site
2021-03-29 09:28:07,297 INFO com.fabienIT.escaladefriendsp6ocr.EscaladeApplication [restartedMain] Start Les Amis de l'Escalade Application ...
2021-03-29 09:30:23,404 INFO com.fabienIT.escaladefriendsp6ocr.EscaladeApplication [restartedMain] Starting EscaladeApplication on FABPC with PID 3392 (C:\Users\FaB\Git\escaladefriendsp6ocr\target\classes started by FaB PC in C:\Users\FaB\Git\escaladefriendsp6ocr)
2021-03-29 09:30:23,408 DEBUG com.fabienIT.escaladefriendsp6ocr.EscaladeApplication [restartedMain] Running with Spring Boot v2.1.0.RELEASE, Spring v5.1.2.RELEASE
2021-03-29 09:30:23,410 INFO com.fabienIT.escaladefriendsp6ocr.EscaladeApplication [restartedMain] The following profiles are active: prod
2021-03-29 09:30:35,725 INFO com.fabienIT.escaladefriendsp6ocr.EscaladeApplication [restartedMain] Started EscaladeApplication in 13.004 seconds (JVM running for 14.321)
2021-03-29 09:30:35,731 INFO com.fabienIT.escaladefriendsp6ocr.EscaladeApplication [restartedMain] Le chemin des images des sites est : img/site
2021-03-29 09:30:35,733 INFO com.fabienIT.escaladefriendsp6ocr.EscaladeApplication [restartedMain] Start Les Amis de l'Escalade Application ...
2021-03-29 09:31:04,707 ERROR com.fabienIT.escaladefriendsp6ocr.controller.TopoController [http-nio-8088-exec-3] Pas de role
2021-03-29 09:39:45,226 INFO com.fabienIT.escaladefriendsp6ocr.EscaladeApplication [restartedMain] Starting EscaladeApplication on FABPC with PID 2040 (C:\Users\FaB\Git\escaladefriendsp6ocr\target\classes started by FaB PC in C:\Users\FaB\Git\escaladefriendsp6ocr)
2021-03-29 09:39:45,231 DEBUG com.fabienIT.escaladefriendsp6ocr.EscaladeApplication [restartedMain] Running with Spring Boot v2.1.0.RELEASE, Spring v5.1.2.RELEASE
2021-03-29 09:39:45,233 INFO com.fabienIT.escaladefriendsp6ocr.EscaladeApplication [restartedMain] The following profiles are active: prod
2021-03-29 09:39:55,953 INFO com.fabienIT.escaladefriendsp6ocr.EscaladeApplication [restartedMain] Started EscaladeApplication in 11.419 seconds (JVM running for 12.715)
2021-03-29 09:39:55,956 INFO com.fabienIT.escaladefriendsp6ocr.EscaladeApplication [restartedMain] Le chemin des images des sites est : img/site
2021-03-29 09:39:55,958 INFO com.fabienIT.escaladefriendsp6ocr.EscaladeApplication [restartedMain] Start Les Amis de l'Escalade Application ...
2021-03-29 09:40:50,414 INFO com.fabienIT.escaladefriendsp6ocr.EscaladeApplication [restartedMain] Starting EscaladeApplication on FABPC with PID 8808 (C:\Users\FaB\Git\escaladefriendsp6ocr\target\classes started by FaB PC in C:\Users\FaB\Git\escaladefriendsp6ocr)
2021-03-29 09:40:50,422 DEBUG com.fabienIT.escaladefriendsp6ocr.EscaladeApplication [restartedMain] Running with Spring Boot v2.1.0.RELEASE, Spring v5.1.2.RELEASE
2021-03-29 09:40:50,425 INFO com.fabienIT.escaladefriendsp6ocr.EscaladeApplication [restartedMain] The following profiles are active: prod
2021-03-29 09:41:02,576 INFO com.fabienIT.escaladefriendsp6ocr.EscaladeApplication [restartedMain] Started EscaladeApplication in 12.978 seconds (JVM running for 14.305)
2021-03-29 09:41:02,579 INFO com.fabienIT.escaladefriendsp6ocr.EscaladeApplication [restartedMain] Le chemin des images des sites est : img/site
2021-03-29 09:41:02,585 INFO com.fabienIT.escaladefriendsp6ocr.EscaladeApplication [restartedMain] Start Les Amis de l'Escalade Application ...
2021-03-29 09:43:19,330 INFO com.fabienIT.escaladefriendsp6ocr.EscaladeApplication [restartedMain] Starting EscaladeApplication on FABPC with PID 14224 (C:\Users\FaB\Git\escaladefriendsp6ocr\target\classes started by FaB PC in C:\Users\FaB\Git\escaladefriendsp6ocr)
2021-03-29 09:43:19,334 DEBUG com.fabienIT.escaladefriendsp6ocr.EscaladeApplication [restartedMain] Running with Spring Boot v2.1.0.RELEASE, Spring v5.1.2.RELEASE
2021-03-29 09:43:19,336 INFO com.fabienIT.escaladefriendsp6ocr.EscaladeApplication [restartedMain] The following profiles are active: prod
2021-03-29 09:43:29,855 INFO com.fabienIT.escaladefriendsp6ocr.EscaladeApplication [restartedMain] Started EscaladeApplication in 11.204 seconds (JVM running for 12.759)
2021-03-29 09:43:29,858 INFO com.fabienIT.escaladefriendsp6ocr.EscaladeApplication [restartedMain] Le chemin des images des sites est : img/site
2021-03-29 09:43:29,861 INFO com.fabienIT.escaladefriendsp6ocr.EscaladeApplication [restartedMain] Start Les Amis de l'Escalade Application ...
2021-03-29 09:47:09,976 INFO com.fabienIT.escaladefriendsp6ocr.EscaladeApplication [restartedMain] Starting EscaladeApplication on FABPC with PID 5372 (C:\Users\FaB\Git\escaladefriendsp6ocr\target\classes started by FaB PC in C:\Users\FaB\Git\escaladefriendsp6ocr)
2021-03-29 09:47:09,980 DEBUG com.fabienIT.escaladefriendsp6ocr.EscaladeApplication [restartedMain] Running with Spring Boot v2.1.0.RELEASE, Spring v5.1.2.RELEASE
2021-03-29 09:47:09,982 INFO com.fabienIT.escaladefriendsp6ocr.EscaladeApplication [restartedMain] The following profiles are active: prod
2021-03-29 09:47:20,389 INFO com.fabienIT.escaladefriendsp6ocr.EscaladeApplication [restartedMain] Started EscaladeApplication in 11.067 seconds (JVM running for 12.797)
2021-03-29 09:47:20,392 INFO com.fabienIT.escaladefriendsp6ocr.EscaladeApplication [restartedMain] Le chemin des images des sites est : img/site
2021-03-29 09:47:20,393 INFO com.fabienIT.escaladefriendsp6ocr.EscaladeApplication [restartedMain] Start Les Amis de l'Escalade Application ...
2021-03-29 09:49:20,946 INFO com.fabienIT.escaladefriendsp6ocr.EscaladeApplication [restartedMain] Starting EscaladeApplication on FABPC with PID 3776 (C:\Users\FaB\Git\escaladefriendsp6ocr\target\classes started by FaB PC in C:\Users\FaB\Git\escaladefriendsp6ocr)
2021-03-29 09:49:20,951 DEBUG com.fabienIT.escaladefriendsp6ocr.EscaladeApplication [restartedMain] Running with Spring Boot v2.1.0.RELEASE, Spring v5.1.2.RELEASE
2021-03-29 09:49:20,953 INFO com.fabienIT.escaladefriendsp6ocr.EscaladeApplication [restartedMain] The following profiles are active: prod
2021-03-29 09:49:32,199 INFO com.fabienIT.escaladefriendsp6ocr.EscaladeApplication [restartedMain] Started EscaladeApplication in 11.919 seconds (JVM running for 13.222)
2021-03-29 09:49:32,203 INFO com.fabienIT.escaladefriendsp6ocr.EscaladeApplication [restartedMain] Le chemin des images des sites est : img/site
2021-03-29 09:49:32,207 INFO com.fabienIT.escaladefriendsp6ocr.EscaladeApplication [restartedMain] Start Les Amis de l'Escalade Application ...
2021-03-29 09:50:16,123 INFO com.fabienIT.escaladefriendsp6ocr.EscaladeApplication [restartedMain] Starting EscaladeApplication on FABPC with PID 2276 (C:\Users\FaB\Git\escaladefriendsp6ocr\target\classes started by FaB PC in C:\Users\FaB\Git\escaladefriendsp6ocr)
2021-03-29 09:50:16,128 DEBUG com.fabienIT.escaladefriendsp6ocr.EscaladeApplication [restartedMain] Running with Spring Boot v2.1.0.RELEASE, Spring v5.1.2.RELEASE
2021-03-29 09:50:16,130 INFO com.fabienIT.escaladefriendsp6ocr.EscaladeApplication [restartedMain] The following profiles are active: prod
2021-03-29 09:50:26,598 INFO com.fabienIT.escaladefriendsp6ocr.EscaladeApplication [restartedMain] Started EscaladeApplication in 11.176 seconds (JVM running for 12.536)
2021-03-29 09:50:26,601 INFO com.fabienIT.escaladefriendsp6ocr.EscaladeApplication [restartedMain] Le chemin des images des sites est : img/site
2021-03-29 09:50:26,603 INFO com.fabienIT.escaladefriendsp6ocr.EscaladeApplication [restartedMain] Start Les Amis de l'Escalade Application ...
2021-03-29 09:52:09,049 INFO com.fabienIT.escaladefriendsp6ocr.EscaladeApplication [restartedMain] Starting EscaladeApplication on FABPC with PID 2676 (C:\Users\FaB\Git\escaladefriendsp6ocr\target\classes started by FaB PC in C:\Users\FaB\Git\escaladefriendsp6ocr)
2021-03-29 09:52:09,053 DEBUG com.fabienIT.escaladefriendsp6ocr.EscaladeApplication [restartedMain] Running with Spring Boot v2.1.0.RELEASE, Spring v5.1.2.RELEASE
2021-03-29 09:52:09,055 INFO com.fabienIT.escaladefriendsp6ocr.EscaladeApplication [restartedMain] The following profiles are active: prod
2021-03-29 09:52:19,631 INFO com.fabienIT.escaladefriendsp6ocr.EscaladeApplication [restartedMain] Started EscaladeApplication in 11.25 seconds (JVM running for 12.615)
2021-03-29 09:52:19,634 INFO com.fabienIT.escaladefriendsp6ocr.EscaladeApplication [restartedMain] Le chemin des images des sites est : img/site
2021-03-29 09:52:19,636 INFO com.fabienIT.escaladefriendsp6ocr.EscaladeApplication [restartedMain] Start Les Amis de l'Escalade Application ...
2021-03-29 09:53:10,981 INFO com.fabienIT.escaladefriendsp6ocr.EscaladeApplication [restartedMain] Starting EscaladeApplication on FABPC with PID 7516 (C:\Users\FaB\Git\escaladefriendsp6ocr\target\classes started by FaB PC in C:\Users\FaB\Git\escaladefriendsp6ocr)
2021-03-29 09:53:10,987 DEBUG com.fabienIT.escaladefriendsp6ocr.EscaladeApplication [restartedMain] Running with Spring Boot v2.1.0.RELEASE, Spring v5.1.2.RELEASE
2021-03-29 09:53:10,989 INFO com.fabienIT.escaladefriendsp6ocr.EscaladeApplication [restartedMain] The following profiles are active: prod
2021-03-29 09:53:21,305 INFO com.fabienIT.escaladefriendsp6ocr.EscaladeApplication [restartedMain] Started EscaladeApplication in 11.038 seconds (JVM running for 12.394)
2021-03-29 09:53:21,309 INFO com.fabienIT.escaladefriendsp6ocr.EscaladeApplication [restartedMain] Le chemin des images des sites est : img/site
2021-03-29 09:53:21,311 INFO com.fabienIT.escaladefriendsp6ocr.EscaladeApplication [restartedMain] Start Les Amis de l'Escalade Application ...
2021-03-29 09:56:33,526 ERROR com.fabienIT.escaladefriendsp6ocr.controller.TopoController [http-nio-8088-exec-6] Pas de role
2021-03-29 09:56:33,527 INFO com.fabienIT.escaladefriendsp6ocr.controller.TopoController [http-nio-8088-exec-6] Le nombre de site est : 3
2021-03-29 10:08:28,967 INFO com.fabienIT.escaladefriendsp6ocr.EscaladeApplication [restartedMain] Starting EscaladeApplication on FABPC with PID 15756 (C:\Users\FaB\Git\escaladefriendsp6ocr\target\classes started by FaB PC in C:\Users\FaB\Git\escaladefriendsp6ocr)
2021-03-29 10:08:28,971 DEBUG com.fabienIT.escaladefriendsp6ocr.EscaladeApplication [restartedMain] Running with Spring Boot v2.1.0.RELEASE, Spring v5.1.2.RELEASE
2021-03-29 10:08:28,973 INFO com.fabienIT.escaladefriendsp6ocr.EscaladeApplication [restartedMain] The following profiles are active: prod
2021-03-29 10:08:39,300 INFO com.fabienIT.escaladefriendsp6ocr.EscaladeApplication [restartedMain] Started EscaladeApplication in 10.961 seconds (JVM running for 12.277)
2021-03-29 10:08:39,304 INFO com.fabienIT.escaladefriendsp6ocr.EscaladeApplication [restartedMain] Le chemin des images des sites est : img/site
2021-03-29 10:08:39,306 INFO com.fabienIT.escaladefriendsp6ocr.EscaladeApplication [restartedMain] Start Les Amis de l'Escalade Application ...
2021-03-29 10:08:56,102 ERROR com.fabienIT.escaladefriendsp6ocr.controller.TopoController [http-nio-8088-exec-1] Pas de role
2021-03-29 10:08:56,103 INFO com.fabienIT.escaladefriendsp6ocr.controller.TopoController [http-nio-8088-exec-1] Le nombre de site est : 3
2021-03-29 10:09:53,788 INFO com.fabienIT.escaladefriendsp6ocr.EscaladeApplication [restartedMain] Starting EscaladeApplication on FABPC with PID 14000 (C:\Users\FaB\Git\escaladefriendsp6ocr\target\classes started by FaB PC in C:\Users\FaB\Git\escaladefriendsp6ocr)
2021-03-29 10:09:53,793 DEBUG com.fabienIT.escaladefriendsp6ocr.EscaladeApplication [restartedMain] Running with Spring Boot v2.1.0.RELEASE, Spring v5.1.2.RELEASE
2021-03-29 10:09:53,794 INFO com.fabienIT.escaladefriendsp6ocr.EscaladeApplication [restartedMain] The following profiles are active: prod
2021-03-29 10:10:04,366 INFO com.fabienIT.escaladefriendsp6ocr.EscaladeApplication [restartedMain] Started EscaladeApplication in 11.267 seconds (JVM running for 12.655)
2021-03-29 10:10:04,369 INFO com.fabienIT.escaladefriendsp6ocr.EscaladeApplication [restartedMain] Le chemin des images des sites est : img/site
2021-03-29 10:10:04,373 INFO com.fabienIT.escaladefriendsp6ocr.EscaladeApplication [restartedMain] Start Les Amis de l'Escalade Application ...
2021-03-29 10:10:15,212 ERROR com.fabienIT.escaladefriendsp6ocr.controller.TopoController [http-nio-8088-exec-1] Pas de role
2021-03-29 10:10:15,213 INFO com.fabienIT.escaladefriendsp6ocr.controller.TopoController [http-nio-8088-exec-1] Le nombre de site est : 3
2021-03-29 10:11:17,919 INFO com.fabienIT.escaladefriendsp6ocr.EscaladeApplication [restartedMain] Starting EscaladeApplication on FABPC with PID 1320 (C:\Users\FaB\Git\escaladefriendsp6ocr\target\classes started by FaB PC in C:\Users\FaB\Git\escaladefriendsp6ocr)
2021-03-29 10:11:17,924 DEBUG com.fabienIT.escaladefriendsp6ocr.EscaladeApplication [restartedMain] Running with Spring Boot v2.1.0.RELEASE, Spring v5.1.2.RELEASE
2021-03-29 10:11:17,926 INFO com.fabienIT.escaladefriendsp6ocr.EscaladeApplication [restartedMain] The following profiles are active: prod
2021-03-29 10:11:28,339 INFO com.fabienIT.escaladefriendsp6ocr.EscaladeApplication [restartedMain] Started EscaladeApplication in 11.215 seconds (JVM running for 12.594)
2021-03-29 10:11:28,343 INFO com.fabienIT.escaladefriendsp6ocr.EscaladeApplication [restartedMain] Le chemin des images des sites est : img/site
2021-03-29 10:11:28,345 INFO com.fabienIT.escaladefriendsp6ocr.EscaladeApplication [restartedMain] Start Les Amis de l'Escalade Application ...
2021-03-29 10:11:32,815 ERROR com.fabienIT.escaladefriendsp6ocr.controller.TopoController [http-nio-8088-exec-1] Pas de role
2021-03-29 10:11:32,816 INFO com.fabienIT.escaladefriendsp6ocr.controller.TopoController [http-nio-8088-exec-1] Le nombre de site est : 3
2021-03-29 10:12:47,530 INFO com.fabienIT.escaladefriendsp6ocr.EscaladeApplication [restartedMain] Starting EscaladeApplication on FABPC with PID 11348 (C:\Users\FaB\Git\escaladefriendsp6ocr\target\classes started by FaB PC in C:\Users\FaB\Git\escaladefriendsp6ocr)
2021-03-29 10:12:47,539 DEBUG com.fabienIT.escaladefriendsp6ocr.EscaladeApplication [restartedMain] Running with Spring Boot v2.1.0.RELEASE, Spring v5.1.2.RELEASE
2021-03-29 10:12:47,540 INFO com.fabienIT.escaladefriendsp6ocr.EscaladeApplication [restartedMain] The following profiles are active: prod
2021-03-29 10:12:58,092 INFO com.fabienIT.escaladefriendsp6ocr.EscaladeApplication [restartedMain] Started EscaladeApplication in 11.209 seconds (JVM running for 12.633)
2021-03-29 10:12:58,095 INFO com.fabienIT.escaladefriendsp6ocr.EscaladeApplication [restartedMain] Le chemin des images des sites est : img/site
2021-03-29 10:12:58,097 INFO com.fabienIT.escaladefriendsp6ocr.EscaladeApplication [restartedMain] Start Les Amis de l'Escalade Application ...
2021-03-29 10:13:07,959 ERROR com.fabienIT.escaladefriendsp6ocr.controller.TopoController [http-nio-8088-exec-1] Pas de role
2021-03-29 10:13:07,960 INFO com.fabienIT.escaladefriendsp6ocr.controller.TopoController [http-nio-8088-exec-1] Le nombre de site est : 3
2021-03-29 10:16:41,496 INFO com.fabienIT.escaladefriendsp6ocr.EscaladeApplication [restartedMain] Starting EscaladeApplication on FABPC with PID 2880 (C:\Users\FaB\Git\escaladefriendsp6ocr\target\classes started by FaB PC in C:\Users\FaB\Git\escaladefriendsp6ocr)
2021-03-29 10:16:41,500 DEBUG com.fabienIT.escaladefriendsp6ocr.EscaladeApplication [restartedMain] Running with Spring Boot v2.1.0.RELEASE, Spring v5.1.2.RELEASE
2021-03-29 10:16:41,502 INFO com.fabienIT.escaladefriendsp6ocr.EscaladeApplication [restartedMain] The following profiles are active: prod
2021-03-29 10:16:51,933 INFO com.fabienIT.escaladefriendsp6ocr.EscaladeApplication [restartedMain] Started EscaladeApplication in 11.097 seconds (JVM running for 12.71)
2021-03-29 10:16:51,936 INFO com.fabienIT.escaladefriendsp6ocr.EscaladeApplication [restartedMain] Le chemin des images des sites est : img/site
2021-03-29 10:16:51,938 INFO com.fabienIT.escaladefriendsp6ocr.EscaladeApplication [restartedMain] Start Les Amis de l'Escalade Application ...
2021-03-29 10:16:55,693 ERROR com.fabienIT.escaladefriendsp6ocr.controller.TopoController [http-nio-8088-exec-1] Pas de role
2021-03-29 10:16:55,694 INFO com.fabienIT.escaladefriendsp6ocr.controller.TopoController [http-nio-8088-exec-1] Le nombre de site est : 3
2021-03-29 10:16:56,055 ERROR org.thymeleaf.TemplateEngine [http-nio-8088-exec-1] [THYMELEAF][http-nio-8088-exec-1] Exception processing template "sites": An error happened during template parsing (template: "class path resource [templates/sites.html]" - line 2, col 79)
org.thymeleaf.exceptions.TemplateInputException: An error happened during template parsing (template: "class path resource [templates/sites.html]" - line 2, col 79)
	at org.thymeleaf.templateparser.markup.AbstractMarkupTemplateParser.parse(AbstractMarkupTemplateParser.java:239)
	at org.thymeleaf.templateparser.markup.AbstractMarkupTemplateParser.parseStandalone(AbstractMarkupTemplateParser.java:100)
	at org.thymeleaf.engine.TemplateManager.parseAndProcess(TemplateManager.java:666)
	at org.thymeleaf.TemplateEngine.process(TemplateEngine.java:1098)
	at org.thymeleaf.TemplateEngine.process(TemplateEngine.java:1072)
	at org.thymeleaf.spring5.view.ThymeleafView.renderFragment(ThymeleafView.java:362)
	at org.thymeleaf.spring5.view.ThymeleafView.render(ThymeleafView.java:189)
	at org.springframework.web.servlet.DispatcherServlet.render(DispatcherServlet.java:1370)
	at org.springframework.web.servlet.DispatcherServlet.processDispatchResult(DispatcherServlet.java:1116)
	at org.springframework.web.servlet.DispatcherServlet.doDispatch(DispatcherServlet.java:1055)
	at org.springframework.web.servlet.DispatcherServlet.doService(DispatcherServlet.java:942)
	at org.springframework.web.servlet.FrameworkServlet.processRequest(FrameworkServlet.java:998)
	at org.springframework.web.servlet.FrameworkServlet.doGet(FrameworkServlet.java:890)
	at javax.servlet.http.HttpServlet.service(HttpServlet.java:634)
	at org.springframework.web.servlet.FrameworkServlet.service(FrameworkServlet.java:875)
	at javax.servlet.http.HttpServlet.service(HttpServlet.java:741)
	at org.apache.catalina.core.ApplicationFilterChain.internalDoFilter(ApplicationFilterChain.java:231)
	at org.apache.catalina.core.ApplicationFilterChain.doFilter(ApplicationFilterChain.java:166)
	at org.apache.tomcat.websocket.server.WsFilter.doFilter(WsFilter.java:53)
	at org.apache.catalina.core.ApplicationFilterChain.internalDoFilter(ApplicationFilterChain.java:193)
	at org.apache.catalina.core.ApplicationFilterChain.doFilter(ApplicationFilterChain.java:166)
	at org.springframework.security.web.FilterChainProxy$VirtualFilterChain.doFilter(FilterChainProxy.java:320)
	at org.springframework.security.web.access.intercept.FilterSecurityInterceptor.invoke(FilterSecurityInterceptor.java:127)
	at org.springframework.security.web.access.intercept.FilterSecurityInterceptor.doFilter(FilterSecurityInterceptor.java:91)
	at org.springframework.security.web.FilterChainProxy$VirtualFilterChain.doFilter(FilterChainProxy.java:334)
	at org.springframework.security.web.access.ExceptionTranslationFilter.doFilter(ExceptionTranslationFilter.java:119)
	at org.springframework.security.web.FilterChainProxy$VirtualFilterChain.doFilter(FilterChainProxy.java:334)
	at org.springframework.security.web.session.SessionManagementFilter.doFilter(SessionManagementFilter.java:137)
	at org.springframework.security.web.FilterChainProxy$VirtualFilterChain.doFilter(FilterChainProxy.java:334)
	at org.springframework.security.web.authentication.AnonymousAuthenticationFilter.doFilter(AnonymousAuthenticationFilter.java:111)
	at org.springframework.security.web.FilterChainProxy$VirtualFilterChain.doFilter(FilterChainProxy.java:334)
	at org.springframework.security.web.servletapi.SecurityContextHolderAwareRequestFilter.doFilter(SecurityContextHolderAwareRequestFilter.java:170)
	at org.springframework.security.web.FilterChainProxy$VirtualFilterChain.doFilter(FilterChainProxy.java:334)
	at org.springframework.security.web.savedrequest.RequestCacheAwareFilter.doFilter(RequestCacheAwareFilter.java:63)
	at org.springframework.security.web.FilterChainProxy$VirtualFilterChain.doFilter(FilterChainProxy.java:334)
	at org.springframework.security.web.authentication.AbstractAuthenticationProcessingFilter.doFilter(AbstractAuthenticationProcessingFilter.java:200)
	at org.springframework.security.web.FilterChainProxy$VirtualFilterChain.doFilter(FilterChainProxy.java:334)
	at org.springframework.security.web.authentication.logout.LogoutFilter.doFilter(LogoutFilter.java:116)
	at org.springframework.security.web.FilterChainProxy$VirtualFilterChain.doFilter(FilterChainProxy.java:334)
	at org.springframework.security.web.header.HeaderWriterFilter.doFilterInternal(HeaderWriterFilter.java:66)
	at org.springframework.web.filter.OncePerRequestFilter.doFilter(OncePerRequestFilter.java:107)
	at org.springframework.security.web.FilterChainProxy$VirtualFilterChain.doFilter(FilterChainProxy.java:334)
	at org.springframework.security.web.context.SecurityContextPersistenceFilter.doFilter(SecurityContextPersistenceFilter.java:105)
	at org.springframework.security.web.FilterChainProxy$VirtualFilterChain.doFilter(FilterChainProxy.java:334)
	at org.springframework.security.web.context.request.async.WebAsyncManagerIntegrationFilter.doFilterInternal(WebAsyncManagerIntegrationFilter.java:56)
	at org.springframework.web.filter.OncePerRequestFilter.doFilter(OncePerRequestFilter.java:107)
	at org.springframework.security.web.FilterChainProxy$VirtualFilterChain.doFilter(FilterChainProxy.java:334)
	at org.springframework.security.web.FilterChainProxy.doFilterInternal(FilterChainProxy.java:215)
	at org.springframework.security.web.FilterChainProxy.doFilter(FilterChainProxy.java:178)
	at org.springframework.web.filter.DelegatingFilterProxy.invokeDelegate(DelegatingFilterProxy.java:357)
	at org.springframework.web.filter.DelegatingFilterProxy.doFilter(DelegatingFilterProxy.java:270)
	at org.apache.catalina.core.ApplicationFilterChain.internalDoFilter(ApplicationFilterChain.java:193)
	at org.apache.catalina.core.ApplicationFilterChain.doFilter(ApplicationFilterChain.java:166)
	at org.springframework.web.filter.RequestContextFilter.doFilterInternal(RequestContextFilter.java:99)
	at org.springframework.web.filter.OncePerRequestFilter.doFilter(OncePerRequestFilter.java:107)
	at org.apache.catalina.core.ApplicationFilterChain.internalDoFilter(ApplicationFilterChain.java:193)
	at org.apache.catalina.core.ApplicationFilterChain.doFilter(ApplicationFilterChain.java:166)
	at org.springframework.web.filter.FormContentFilter.doFilterInternal(FormContentFilter.java:92)
	at org.springframework.web.filter.OncePerRequestFilter.doFilter(OncePerRequestFilter.java:107)
	at org.apache.catalina.core.ApplicationFilterChain.internalDoFilter(ApplicationFilterChain.java:193)
	at org.apache.catalina.core.ApplicationFilterChain.doFilter(ApplicationFilterChain.java:166)
	at org.springframework.web.filter.HiddenHttpMethodFilter.doFilterInternal(HiddenHttpMethodFilter.java:93)
	at org.springframework.web.filter.OncePerRequestFilter.doFilter(OncePerRequestFilter.java:107)
	at org.apache.catalina.core.ApplicationFilterChain.internalDoFilter(ApplicationFilterChain.java:193)
	at org.apache.catalina.core.ApplicationFilterChain.doFilter(ApplicationFilterChain.java:166)
	at org.springframework.web.filter.CharacterEncodingFilter.doFilterInternal(CharacterEncodingFilter.java:200)
	at org.springframework.web.filter.OncePerRequestFilter.doFilter(OncePerRequestFilter.java:107)
	at org.apache.catalina.core.ApplicationFilterChain.internalDoFilter(ApplicationFilterChain.java:193)
	at org.apache.catalina.core.ApplicationFilterChain.doFilter(ApplicationFilterChain.java:166)
	at org.apache.catalina.core.StandardWrapperValve.invoke(StandardWrapperValve.java:199)
	at org.apache.catalina.core.StandardContextValve.invoke(StandardContextValve.java:96)
	at org.apache.catalina.authenticator.AuthenticatorBase.invoke(AuthenticatorBase.java:490)
	at org.apache.catalina.core.StandardHostValve.invoke(StandardHostValve.java:139)
	at org.apache.catalina.valves.ErrorReportValve.invoke(ErrorReportValve.java:92)
	at org.apache.catalina.core.StandardEngineValve.invoke(StandardEngineValve.java:74)
	at org.apache.catalina.connector.CoyoteAdapter.service(CoyoteAdapter.java:343)
	at org.apache.coyote.http11.Http11Processor.service(Http11Processor.java:408)
	at org.apache.coyote.AbstractProcessorLight.process(AbstractProcessorLight.java:66)
	at org.apache.coyote.AbstractProtocol$ConnectionHandler.process(AbstractProtocol.java:770)
	at org.apache.tomcat.util.net.NioEndpoint$SocketProcessor.doRun(NioEndpoint.java:1415)
	at org.apache.tomcat.util.net.SocketProcessorBase.run(SocketProcessorBase.java:49)
	at java.base/java.util.concurrent.ThreadPoolExecutor.runWorker(ThreadPoolExecutor.java:1128)
	at java.base/java.util.concurrent.ThreadPoolExecutor$Worker.run(ThreadPoolExecutor.java:628)
	at org.apache.tomcat.util.threads.TaskThread$WrappingRunnable.run(TaskThread.java:61)
	at java.base/java.lang.Thread.run(Thread.java:834)
Caused by: org.attoparser.ParseException: (Line = 2, Column = 79) Malformed markup: Attribute "xmlns" appears more than once in element
	at org.attoparser.MarkupEventProcessorHandler.handleAttribute(MarkupEventProcessorHandler.java:549)
	at org.attoparser.ParsingAttributeSequenceUtil.parseAttributeSequence(ParsingAttributeSequenceUtil.java:275)
	at org.attoparser.ParsingElementMarkupUtil.parseOpenElement(ParsingElementMarkupUtil.java:153)
	at org.attoparser.MarkupParser.parseBuffer(MarkupParser.java:710)
	at org.attoparser.MarkupParser.parseDocument(MarkupParser.java:301)
	at org.attoparser.MarkupParser.parse(MarkupParser.java:257)
	at org.thymeleaf.templateparser.markup.AbstractMarkupTemplateParser.parse(AbstractMarkupTemplateParser.java:230)
	... 84 common frames omitted
2021-03-29 10:16:56,067 ERROR org.apache.catalina.core.ContainerBase.[Tomcat].[localhost].[/].[dispatcherServlet] [http-nio-8088-exec-1] Servlet.service() for servlet [dispatcherServlet] in context with path [] threw exception [Request processing failed; nested exception is org.thymeleaf.exceptions.TemplateInputException: An error happened during template parsing (template: "class path resource [templates/sites.html]" - line 2, col 79)] with root cause
org.attoparser.ParseException: (Line = 2, Column = 79) Malformed markup: Attribute "xmlns" appears more than once in element
	at org.attoparser.MarkupEventProcessorHandler.handleAttribute(MarkupEventProcessorHandler.java:549)
	at org.attoparser.ParsingAttributeSequenceUtil.parseAttributeSequence(ParsingAttributeSequenceUtil.java:275)
	at org.attoparser.ParsingElementMarkupUtil.parseOpenElement(ParsingElementMarkupUtil.java:153)
	at org.attoparser.MarkupParser.parseBuffer(MarkupParser.java:710)
	at org.attoparser.MarkupParser.parseDocument(MarkupParser.java:301)
	at org.attoparser.MarkupParser.parse(MarkupParser.java:257)
	at org.thymeleaf.templateparser.markup.AbstractMarkupTemplateParser.parse(AbstractMarkupTemplateParser.java:230)
	at org.thymeleaf.templateparser.markup.AbstractMarkupTemplateParser.parseStandalone(AbstractMarkupTemplateParser.java:100)
	at org.thymeleaf.engine.TemplateManager.parseAndProcess(TemplateManager.java:666)
	at org.thymeleaf.TemplateEngine.process(TemplateEngine.java:1098)
	at org.thymeleaf.TemplateEngine.process(TemplateEngine.java:1072)
	at org.thymeleaf.spring5.view.ThymeleafView.renderFragment(ThymeleafView.java:362)
	at org.thymeleaf.spring5.view.ThymeleafView.render(ThymeleafView.java:189)
	at org.springframework.web.servlet.DispatcherServlet.render(DispatcherServlet.java:1370)
	at org.springframework.web.servlet.DispatcherServlet.processDispatchResult(DispatcherServlet.java:1116)
	at org.springframework.web.servlet.DispatcherServlet.doDispatch(DispatcherServlet.java:1055)
	at org.springframework.web.servlet.DispatcherServlet.doService(DispatcherServlet.java:942)
	at org.springframework.web.servlet.FrameworkServlet.processRequest(FrameworkServlet.java:998)
	at org.springframework.web.servlet.FrameworkServlet.doGet(FrameworkServlet.java:890)
	at javax.servlet.http.HttpServlet.service(HttpServlet.java:634)
	at org.springframework.web.servlet.FrameworkServlet.service(FrameworkServlet.java:875)
	at javax.servlet.http.HttpServlet.service(HttpServlet.java:741)
	at org.apache.catalina.core.ApplicationFilterChain.internalDoFilter(ApplicationFilterChain.java:231)
	at org.apache.catalina.core.ApplicationFilterChain.doFilter(ApplicationFilterChain.java:166)
	at org.apache.tomcat.websocket.server.WsFilter.doFilter(WsFilter.java:53)
	at org.apache.catalina.core.ApplicationFilterChain.internalDoFilter(ApplicationFilterChain.java:193)
	at org.apache.catalina.core.ApplicationFilterChain.doFilter(ApplicationFilterChain.java:166)
	at org.springframework.security.web.FilterChainProxy$VirtualFilterChain.doFilter(FilterChainProxy.java:320)
	at org.springframework.security.web.access.intercept.FilterSecurityInterceptor.invoke(FilterSecurityInterceptor.java:127)
	at org.springframework.security.web.access.intercept.FilterSecurityInterceptor.doFilter(FilterSecurityInterceptor.java:91)
	at org.springframework.security.web.FilterChainProxy$VirtualFilterChain.doFilter(FilterChainProxy.java:334)
	at org.springframework.security.web.access.ExceptionTranslationFilter.doFilter(ExceptionTranslationFilter.java:119)
	at org.springframework.security.web.FilterChainProxy$VirtualFilterChain.doFilter(FilterChainProxy.java:334)
	at org.springframework.security.web.session.SessionManagementFilter.doFilter(SessionManagementFilter.java:137)
	at org.springframework.security.web.FilterChainProxy$VirtualFilterChain.doFilter(FilterChainProxy.java:334)
	at org.springframework.security.web.authentication.AnonymousAuthenticationFilter.doFilter(AnonymousAuthenticationFilter.java:111)
	at org.springframework.security.web.FilterChainProxy$VirtualFilterChain.doFilter(FilterChainProxy.java:334)
	at org.springframework.security.web.servletapi.SecurityContextHolderAwareRequestFilter.doFilter(SecurityContextHolderAwareRequestFilter.java:170)
	at org.springframework.security.web.FilterChainProxy$VirtualFilterChain.doFilter(FilterChainProxy.java:334)
	at org.springframework.security.web.savedrequest.RequestCacheAwareFilter.doFilter(RequestCacheAwareFilter.java:63)
	at org.springframework.security.web.FilterChainProxy$VirtualFilterChain.doFilter(FilterChainProxy.java:334)
	at org.springframework.security.web.authentication.AbstractAuthenticationProcessingFilter.doFilter(AbstractAuthenticationProcessingFilter.java:200)
	at org.springframework.security.web.FilterChainProxy$VirtualFilterChain.doFilter(FilterChainProxy.java:334)
	at org.springframework.security.web.authentication.logout.LogoutFilter.doFilter(LogoutFilter.java:116)
	at org.springframework.security.web.FilterChainProxy$VirtualFilterChain.doFilter(FilterChainProxy.java:334)
	at org.springframework.security.web.header.HeaderWriterFilter.doFilterInternal(HeaderWriterFilter.java:66)
	at org.springframework.web.filter.OncePerRequestFilter.doFilter(OncePerRequestFilter.java:107)
	at org.springframework.security.web.FilterChainProxy$VirtualFilterChain.doFilter(FilterChainProxy.java:334)
	at org.springframework.security.web.context.SecurityContextPersistenceFilter.doFilter(SecurityContextPersistenceFilter.java:105)
	at org.springframework.security.web.FilterChainProxy$VirtualFilterChain.doFilter(FilterChainProxy.java:334)
	at org.springframework.security.web.context.request.async.WebAsyncManagerIntegrationFilter.doFilterInternal(WebAsyncManagerIntegrationFilter.java:56)
	at org.springframework.web.filter.OncePerRequestFilter.doFilter(OncePerRequestFilter.java:107)
	at org.springframework.security.web.FilterChainProxy$VirtualFilterChain.doFilter(FilterChainProxy.java:334)
	at org.springframework.security.web.FilterChainProxy.doFilterInternal(FilterChainProxy.java:215)
	at org.springframework.security.web.FilterChainProxy.doFilter(FilterChainProxy.java:178)
	at org.springframework.web.filter.DelegatingFilterProxy.invokeDelegate(DelegatingFilterProxy.java:357)
	at org.springframework.web.filter.DelegatingFilterProxy.doFilter(DelegatingFilterProxy.java:270)
	at org.apache.catalina.core.ApplicationFilterChain.internalDoFilter(ApplicationFilterChain.java:193)
	at org.apache.catalina.core.ApplicationFilterChain.doFilter(ApplicationFilterChain.java:166)
	at org.springframework.web.filter.RequestContextFilter.doFilterInternal(RequestContextFilter.java:99)
	at org.springframework.web.filter.OncePerRequestFilter.doFilter(OncePerRequestFilter.java:107)
	at org.apache.catalina.core.ApplicationFilterChain.internalDoFilter(ApplicationFilterChain.java:193)
	at org.apache.catalina.core.ApplicationFilterChain.doFilter(ApplicationFilterChain.java:166)
	at org.springframework.web.filter.FormContentFilter.doFilterInternal(FormContentFilter.java:92)
	at org.springframework.web.filter.OncePerRequestFilter.doFilter(OncePerRequestFilter.java:107)
	at org.apache.catalina.core.ApplicationFilterChain.internalDoFilter(ApplicationFilterChain.java:193)
	at org.apache.catalina.core.ApplicationFilterChain.doFilter(ApplicationFilterChain.java:166)
	at org.springframework.web.filter.HiddenHttpMethodFilter.doFilterInternal(HiddenHttpMethodFilter.java:93)
	at org.springframework.web.filter.OncePerRequestFilter.doFilter(OncePerRequestFilter.java:107)
	at org.apache.catalina.core.ApplicationFilterChain.internalDoFilter(ApplicationFilterChain.java:193)
	at org.apache.catalina.core.ApplicationFilterChain.doFilter(ApplicationFilterChain.java:166)
	at org.springframework.web.filter.CharacterEncodingFilter.doFilterInternal(CharacterEncodingFilter.java:200)
	at org.springframework.web.filter.OncePerRequestFilter.doFilter(OncePerRequestFilter.java:107)
	at org.apache.catalina.core.ApplicationFilterChain.internalDoFilter(ApplicationFilterChain.java:193)
	at org.apache.catalina.core.ApplicationFilterChain.doFilter(ApplicationFilterChain.java:166)
	at org.apache.catalina.core.StandardWrapperValve.invoke(StandardWrapperValve.java:199)
	at org.apache.catalina.core.StandardContextValve.invoke(StandardContextValve.java:96)
	at org.apache.catalina.authenticator.AuthenticatorBase.invoke(AuthenticatorBase.java:490)
	at org.apache.catalina.core.StandardHostValve.invoke(StandardHostValve.java:139)
	at org.apache.catalina.valves.ErrorReportValve.invoke(ErrorReportValve.java:92)
	at org.apache.catalina.core.StandardEngineValve.invoke(StandardEngineValve.java:74)
	at org.apache.catalina.connector.CoyoteAdapter.service(CoyoteAdapter.java:343)
	at org.apache.coyote.http11.Http11Processor.service(Http11Processor.java:408)
	at org.apache.coyote.AbstractProcessorLight.process(AbstractProcessorLight.java:66)
	at org.apache.coyote.AbstractProtocol$ConnectionHandler.process(AbstractProtocol.java:770)
	at org.apache.tomcat.util.net.NioEndpoint$SocketProcessor.doRun(NioEndpoint.java:1415)
	at org.apache.tomcat.util.net.SocketProcessorBase.run(SocketProcessorBase.java:49)
	at java.base/java.util.concurrent.ThreadPoolExecutor.runWorker(ThreadPoolExecutor.java:1128)
	at java.base/java.util.concurrent.ThreadPoolExecutor$Worker.run(ThreadPoolExecutor.java:628)
	at org.apache.tomcat.util.threads.TaskThread$WrappingRunnable.run(TaskThread.java:61)
	at java.base/java.lang.Thread.run(Thread.java:834)
2021-03-29 10:17:35,026 INFO com.fabienIT.escaladefriendsp6ocr.EscaladeApplication [restartedMain] Starting EscaladeApplication on FABPC with PID 10512 (C:\Users\FaB\Git\escaladefriendsp6ocr\target\classes started by FaB PC in C:\Users\FaB\Git\escaladefriendsp6ocr)
2021-03-29 10:17:35,030 DEBUG com.fabienIT.escaladefriendsp6ocr.EscaladeApplication [restartedMain] Running with Spring Boot v2.1.0.RELEASE, Spring v5.1.2.RELEASE
2021-03-29 10:17:35,032 INFO com.fabienIT.escaladefriendsp6ocr.EscaladeApplication [restartedMain] The following profiles are active: prod
2021-03-29 10:17:45,351 INFO com.fabienIT.escaladefriendsp6ocr.EscaladeApplication [restartedMain] Started EscaladeApplication in 11.04 seconds (JVM running for 12.498)
2021-03-29 10:17:45,354 INFO com.fabienIT.escaladefriendsp6ocr.EscaladeApplication [restartedMain] Le chemin des images des sites est : img/site
2021-03-29 10:17:45,357 INFO com.fabienIT.escaladefriendsp6ocr.EscaladeApplication [restartedMain] Start Les Amis de l'Escalade Application ...
2021-03-29 10:19:23,243 ERROR com.fabienIT.escaladefriendsp6ocr.controller.TopoController [http-nio-8088-exec-1] Pas de role
2021-03-29 10:19:23,244 INFO com.fabienIT.escaladefriendsp6ocr.controller.TopoController [http-nio-8088-exec-1] Le nombre de site est : 3
2021-03-29 10:21:57,566 INFO com.fabienIT.escaladefriendsp6ocr.EscaladeApplication [restartedMain] Starting EscaladeApplication on FABPC with PID 13924 (C:\Users\FaB\Git\escaladefriendsp6ocr\target\classes started by FaB PC in C:\Users\FaB\Git\escaladefriendsp6ocr)
2021-03-29 10:21:57,570 DEBUG com.fabienIT.escaladefriendsp6ocr.EscaladeApplication [restartedMain] Running with Spring Boot v2.1.0.RELEASE, Spring v5.1.2.RELEASE
2021-03-29 10:21:57,572 INFO com.fabienIT.escaladefriendsp6ocr.EscaladeApplication [restartedMain] The following profiles are active: prod
2021-03-29 10:22:08,828 INFO com.fabienIT.escaladefriendsp6ocr.EscaladeApplication [restartedMain] Started EscaladeApplication in 12.072 seconds (JVM running for 13.433)
2021-03-29 10:22:08,831 INFO com.fabienIT.escaladefriendsp6ocr.EscaladeApplication [restartedMain] Le chemin des images des sites est : img/site
2021-03-29 10:22:08,833 INFO com.fabienIT.escaladefriendsp6ocr.EscaladeApplication [restartedMain] Start Les Amis de l'Escalade Application ...
2021-03-29 10:22:12,252 ERROR com.fabienIT.escaladefriendsp6ocr.controller.TopoController [http-nio-8088-exec-1] Pas de role
2021-03-29 10:22:12,253 INFO com.fabienIT.escaladefriendsp6ocr.controller.TopoController [http-nio-8088-exec-1] Le nombre de site est : 3
2021-03-29 10:22:22,555 ERROR com.fabienIT.escaladefriendsp6ocr.controller.TopoController [http-nio-8088-exec-7] Pas de role
2021-03-29 10:22:22,555 INFO com.fabienIT.escaladefriendsp6ocr.controller.TopoController [http-nio-8088-exec-7] Le nombre de site est : 3
2021-03-29 10:22:24,363 ERROR com.fabienIT.escaladefriendsp6ocr.controller.TopoController [http-nio-8088-exec-9] Pas de role
2021-03-29 10:22:39,523 ERROR com.fabienIT.escaladefriendsp6ocr.controller.TopoController [http-nio-8088-exec-10] Pas de role
2021-03-29 10:22:39,524 INFO com.fabienIT.escaladefriendsp6ocr.controller.TopoController [http-nio-8088-exec-10] Le nombre de site est : 3
2021-03-29 10:23:40,265 INFO com.fabienIT.escaladefriendsp6ocr.EscaladeApplication [restartedMain] Starting EscaladeApplication on FABPC with PID 14656 (C:\Users\FaB\Git\escaladefriendsp6ocr\target\classes started by FaB PC in C:\Users\FaB\Git\escaladefriendsp6ocr)
2021-03-29 10:23:40,270 DEBUG com.fabienIT.escaladefriendsp6ocr.EscaladeApplication [restartedMain] Running with Spring Boot v2.1.0.RELEASE, Spring v5.1.2.RELEASE
2021-03-29 10:23:40,271 INFO com.fabienIT.escaladefriendsp6ocr.EscaladeApplication [restartedMain] The following profiles are active: prod
2021-03-29 10:23:50,644 INFO com.fabienIT.escaladefriendsp6ocr.EscaladeApplication [restartedMain] Started EscaladeApplication in 11.052 seconds (JVM running for 12.402)
2021-03-29 10:23:50,647 INFO com.fabienIT.escaladefriendsp6ocr.EscaladeApplication [restartedMain] Le chemin des images des sites est : img/site
2021-03-29 10:23:50,649 INFO com.fabienIT.escaladefriendsp6ocr.EscaladeApplication [restartedMain] Start Les Amis de l'Escalade Application ...
2021-03-29 10:23:57,478 ERROR com.fabienIT.escaladefriendsp6ocr.controller.TopoController [http-nio-8088-exec-1] Pas de role
2021-03-29 10:23:57,479 INFO com.fabienIT.escaladefriendsp6ocr.controller.TopoController [http-nio-8088-exec-1] Le nombre de site est : 3
2021-03-29 10:25:15,068 INFO com.fabienIT.escaladefriendsp6ocr.EscaladeApplication [restartedMain] Starting EscaladeApplication on FABPC with PID 8964 (C:\Users\FaB\Git\escaladefriendsp6ocr\target\classes started by FaB PC in C:\Users\FaB\Git\escaladefriendsp6ocr)
2021-03-29 10:25:15,072 DEBUG com.fabienIT.escaladefriendsp6ocr.EscaladeApplication [restartedMain] Running with Spring Boot v2.1.0.RELEASE, Spring v5.1.2.RELEASE
2021-03-29 10:25:15,074 INFO com.fabienIT.escaladefriendsp6ocr.EscaladeApplication [restartedMain] The following profiles are active: prod
2021-03-29 10:25:25,582 INFO com.fabienIT.escaladefriendsp6ocr.EscaladeApplication [restartedMain] Started EscaladeApplication in 11.22 seconds (JVM running for 12.759)
2021-03-29 10:25:25,586 INFO com.fabienIT.escaladefriendsp6ocr.EscaladeApplication [restartedMain] Le chemin des images des sites est : img/site
2021-03-29 10:25:25,588 INFO com.fabienIT.escaladefriendsp6ocr.EscaladeApplication [restartedMain] Start Les Amis de l'Escalade Application ...
2021-03-29 10:25:43,634 ERROR com.fabienIT.escaladefriendsp6ocr.controller.TopoController [http-nio-8088-exec-1] Pas de role
2021-03-29 10:25:43,635 INFO com.fabienIT.escaladefriendsp6ocr.controller.TopoController [http-nio-8088-exec-1] Le nombre de site est : 3
2021-03-29 10:31:19,694 INFO com.fabienIT.escaladefriendsp6ocr.EscaladeApplication [restartedMain] Starting EscaladeApplication on FABPC with PID 16092 (C:\Users\FaB\Git\escaladefriendsp6ocr\target\classes started by FaB PC in C:\Users\FaB\Git\escaladefriendsp6ocr)
2021-03-29 10:31:19,699 DEBUG com.fabienIT.escaladefriendsp6ocr.EscaladeApplication [restartedMain] Running with Spring Boot v2.1.0.RELEASE, Spring v5.1.2.RELEASE
2021-03-29 10:31:19,701 INFO com.fabienIT.escaladefriendsp6ocr.EscaladeApplication [restartedMain] The following profiles are active: prod
2021-03-29 10:31:30,258 INFO com.fabienIT.escaladefriendsp6ocr.EscaladeApplication [restartedMain] Started EscaladeApplication in 11.29 seconds (JVM running for 12.631)
2021-03-29 10:31:30,260 INFO com.fabienIT.escaladefriendsp6ocr.EscaladeApplication [restartedMain] Le chemin des images des sites est : img/site
2021-03-29 10:31:30,262 INFO com.fabienIT.escaladefriendsp6ocr.EscaladeApplication [restartedMain] Start Les Amis de l'Escalade Application ...
2021-03-29 10:32:01,221 ERROR com.fabienIT.escaladefriendsp6ocr.controller.TopoController [http-nio-8088-exec-1] Pas de role
2021-03-29 10:32:01,222 INFO com.fabienIT.escaladefriendsp6ocr.controller.TopoController [http-nio-8088-exec-1] Le nombre de site est : 3
2021-03-29 10:32:09,528 ERROR com.fabienIT.escaladefriendsp6ocr.controller.TopoController [http-nio-8088-exec-7] Pas de role
2021-03-29 10:32:09,529 INFO com.fabienIT.escaladefriendsp6ocr.controller.TopoController [http-nio-8088-exec-7] Le nombre de site est : 3
2021-03-29 10:32:10,558 ERROR com.fabienIT.escaladefriendsp6ocr.controller.TopoController [http-nio-8088-exec-9] Pas de role
2021-03-29 10:32:13,140 ERROR com.fabienIT.escaladefriendsp6ocr.controller.TopoController [http-nio-8088-exec-1] Pas de role
2021-03-29 10:32:14,966 ERROR com.fabienIT.escaladefriendsp6ocr.controller.TopoController [http-nio-8088-exec-10] Pas de role
2021-03-29 10:32:16,708 ERROR com.fabienIT.escaladefriendsp6ocr.controller.TopoController [http-nio-8088-exec-1] Pas de role
2021-03-29 10:32:16,709 INFO com.fabienIT.escaladefriendsp6ocr.controller.TopoController [http-nio-8088-exec-1] Le nombre de site est : 3
2021-03-29 10:34:29,179 INFO com.fabienIT.escaladefriendsp6ocr.EscaladeApplication [restartedMain] Starting EscaladeApplication on FABPC with PID 13720 (C:\Users\FaB\Git\escaladefriendsp6ocr\target\classes started by FaB PC in C:\Users\FaB\Git\escaladefriendsp6ocr)
2021-03-29 10:34:29,184 DEBUG com.fabienIT.escaladefriendsp6ocr.EscaladeApplication [restartedMain] Running with Spring Boot v2.1.0.RELEASE, Spring v5.1.2.RELEASE
2021-03-29 10:34:29,202 INFO com.fabienIT.escaladefriendsp6ocr.EscaladeApplication [restartedMain] The following profiles are active: prod
2021-03-29 10:34:39,759 INFO com.fabienIT.escaladefriendsp6ocr.EscaladeApplication [restartedMain] Started EscaladeApplication in 11.247 seconds (JVM running for 12.651)
2021-03-29 10:34:39,763 INFO com.fabienIT.escaladefriendsp6ocr.EscaladeApplication [restartedMain] Le chemin des images des sites est : img/site
2021-03-29 10:34:39,765 INFO com.fabienIT.escaladefriendsp6ocr.EscaladeApplication [restartedMain] Start Les Amis de l'Escalade Application ...
2021-03-29 10:34:45,214 ERROR com.fabienIT.escaladefriendsp6ocr.controller.TopoController [http-nio-8088-exec-1] Pas de role
2021-03-29 10:34:45,215 INFO com.fabienIT.escaladefriendsp6ocr.controller.TopoController [http-nio-8088-exec-1] Le nombre de site est : 3
2021-03-29 10:35:55,044 INFO com.fabienIT.escaladefriendsp6ocr.EscaladeApplication [restartedMain] Starting EscaladeApplication on FABPC with PID 10584 (C:\Users\FaB\Git\escaladefriendsp6ocr\target\classes started by FaB PC in C:\Users\FaB\Git\escaladefriendsp6ocr)
2021-03-29 10:35:55,049 DEBUG com.fabienIT.escaladefriendsp6ocr.EscaladeApplication [restartedMain] Running with Spring Boot v2.1.0.RELEASE, Spring v5.1.2.RELEASE
2021-03-29 10:35:55,052 INFO com.fabienIT.escaladefriendsp6ocr.EscaladeApplication [restartedMain] The following profiles are active: prod
2021-03-29 10:36:07,080 INFO com.fabienIT.escaladefriendsp6ocr.EscaladeApplication [restartedMain] Started EscaladeApplication in 13.034 seconds (JVM running for 14.584)
2021-03-29 10:36:07,083 INFO com.fabienIT.escaladefriendsp6ocr.EscaladeApplication [restartedMain] Le chemin des images des sites est : img/site
2021-03-29 10:36:07,085 INFO com.fabienIT.escaladefriendsp6ocr.EscaladeApplication [restartedMain] Start Les Amis de l'Escalade Application ...
2021-03-29 10:36:11,225 ERROR com.fabienIT.escaladefriendsp6ocr.controller.TopoController [http-nio-8088-exec-1] Pas de role
2021-03-29 10:36:11,226 INFO com.fabienIT.escaladefriendsp6ocr.controller.TopoController [http-nio-8088-exec-1] Le nombre de site est : 3
2021-03-29 10:38:04,376 INFO com.fabienIT.escaladefriendsp6ocr.EscaladeApplication [restartedMain] Starting EscaladeApplication on FABPC with PID 14276 (C:\Users\FaB\Git\escaladefriendsp6ocr\target\classes started by FaB PC in C:\Users\FaB\Git\escaladefriendsp6ocr)
2021-03-29 10:38:04,380 DEBUG com.fabienIT.escaladefriendsp6ocr.EscaladeApplication [restartedMain] Running with Spring Boot v2.1.0.RELEASE, Spring v5.1.2.RELEASE
2021-03-29 10:38:04,382 INFO com.fabienIT.escaladefriendsp6ocr.EscaladeApplication [restartedMain] The following profiles are active: prod
2021-03-29 10:38:15,733 INFO com.fabienIT.escaladefriendsp6ocr.EscaladeApplication [restartedMain] Started EscaladeApplication in 11.996 seconds (JVM running for 13.471)
2021-03-29 10:38:15,736 INFO com.fabienIT.escaladefriendsp6ocr.EscaladeApplication [restartedMain] Le chemin des images des sites est : img/site
2021-03-29 10:38:15,737 INFO com.fabienIT.escaladefriendsp6ocr.EscaladeApplication [restartedMain] Start Les Amis de l'Escalade Application ...
2021-03-29 10:38:28,062 ERROR com.fabienIT.escaladefriendsp6ocr.controller.TopoController [http-nio-8088-exec-3] Pas de role
2021-03-29 10:38:28,063 INFO com.fabienIT.escaladefriendsp6ocr.controller.TopoController [http-nio-8088-exec-3] Le nombre de site est : 3
2021-03-29 10:38:45,231 INFO com.fabienIT.escaladefriendsp6ocr.controller.TopoController [http-nio-8088-exec-4] La page d'escalade est : Site{id=1, nom='Le Peyssin', region='Alpes', nbVoies=125, cotationMin='4a', cotationMax='9+', description='Superbe petit site situ au bord de l'eau en face du camping.  Les voies sont courtes mais intressantes. Certaines voies gagneraient  tre plus frquentes, la mousse est de retour.  Site idal pour une fin d'aprs-midi.  Un magnifique peron rocheux domine le site : a pourrait faire un trs bon site si on pouvait/voulait quiper cette falaise.', site_image='LePeyssin.jpg', certifie=false, topo=[Topo{id=1, nom='Les Alpes', proprietaire='Jean Philippe', region='Alpes', nbSites=19, nbVoies=156, cotationMin='3', cotationMax='9b+'}, Topo{id=2, nom='La folie', proprietaire='Souleymane', region='Alpes', nbSites=15, nbVoies=97, cotationMin='4a', cotationMax='9a'}, Topo{id=4, nom='La Cerise sur le Peyssin', proprietaire='Cerise', region='Alpes', nbSites=55, nbVoies=389, cotationMin='3', cotationMax='8b+'}], commentaire=[Commentaire{id=73, comDate=2021-01-21T20:22:03, com='ngdbngfdsbgdfs'}, Commentaire{id=75, comDate=2021-01-22T19:06:36, com='gfqhfdhfdwfh'}, Commentaire{id=72, comDate=2021-01-21T18:49:31, com='GTRJYRJYTRFSJYRSJYRFS'}, Commentaire{id=98, comDate=2021-01-31T18:11:56, com='bonjour,
nous sommes dimanche 31 janvier'}, Commentaire{id=61, comDate=2021-01-21T10:21:43, com='toujours pas?!'}, Commentaire{id=67, comDate=2021-01-21T12:27:49, com='trtrtrtrrtrrtrtrtrtrrtrtrtrrtrrrrrrtrtrtrtrtrtrtrtrtrtrtrrtrtrrtr'}, Commentaire{id=64, comDate=2021-01-21T11:19:49, com='eryhgtrehteshtsrhtrshtyrstrsjrsjtrysjtrsjhtre52687568'}, Commentaire{id=101, comDate=2021-02-07T15:33:14, com='je suis un membre'}, Commentaire{id=89, comDate=2021-01-30T20:42:04, com='rghrthrhrfhrfshsfhfshnfhnfhfhfshfshsfhfshfshb!!!!!!!!!!!!!!!!!!!!!!!!!!!!!!!!!'}, Commentaire{id=49, comDate=2021-01-20T21:43:52, com='jgfxjgfxnfnfgxnxfngfn'}, Commentaire{id=70, comDate=2021-01-21T15:00:22, com='kuyluyl'}, Commentaire{id=66, comDate=2021-01-21T11:52:59, com='utrutrutrutrutrutrutrutrutr'}, Commentaire{id=57, comDate=2021-01-21T09:32:09, com='bonjour tout le monde'}, Commentaire{id=62, comDate=2021-01-21T11:17:11, com='hbfsqbvfsb'}, Commentaire{id=93, comDate=2021-01-30T22:12:21, com='coucou tout le monde !'}, Commentaire{id=65, comDate=2021-01-21T11:49:18, com='jgfjfkhyfdkjyfdk'}, Commentaire{id=55, comDate=2021-01-20T22:40:50, com='jjghfjghfxjgfhdjfgjgfh'}, Commentaire{id=63, comDate=2021-01-21T11:18:24, com='yhtrezh(teht(zh'}, Commentaire{id=71, comDate=2021-01-21T18:45:25, com='gdsgdsgds'}, Commentaire{id=90, comDate=2021-01-30T20:49:16, com='samedi c'est cool :)'}, Commentaire{id=56, comDate=2021-01-21T09:28:28, com='5782875'}, Commentaire{id=80, comDate=2021-01-24T18:22:33, com='toto titi !!!!!!!!!!!!!!!!!!!!!!'}, Commentaire{id=108, comDate=2021-02-14T18:36:10, com='Nous sommes le dimanche 14/02'}, Commentaire{id=119, comDate=2021-03-21T11:10:13, com='bonjour'}, Commentaire{id=1, comDate=2021-01-17T17:56:18, com=''}, Commentaire{id=58, comDate=2021-01-21T10:01:58, com='excellent !'}, Commentaire{id=94, comDate=2021-01-30T22:46:42, com='j'espre ! ! ! ! ! ! ! ! '}, Commentaire{id=60, comDate=2021-01-21T10:06:42, com='hfgdbhdfb'}, Commentaire{id=92, comDate=2021-01-30T22:09:30, com='est ce que tu vas bien??????!!!!!!'}, Commentaire{id=50, comDate=2021-01-20T22:14:29, com='coucou'}, Commentaire{id=91, comDate=2021-01-30T22:04:52, com='sdsdssdssdsdsds'}, Commentaire{id=68, comDate=2021-01-21T13:55:22, com='hfdhfdsshfds'}, Commentaire{id=2, comDate=2020-12-26T18:17, com='Trs fatiguant mais a fait plaisir de se retrouver entre potes dans ce cadre magnifique ! A refaire !'}, Commentaire{id=95, comDate=2021-01-31T09:56:38, com='a marche toujours ? !'}, Commentaire{id=59, comDate=2021-01-21T10:04:53, com='est ce que a marche !!!'}, Commentaire{id=74, comDate=2021-01-21T20:23:03, com='gfdsgsfg'}]}
2021-03-29 10:38:45,232 INFO com.fabienIT.escaladefriendsp6ocr.controller.TopoController [http-nio-8088-exec-4] Le topo est : [Topo{id=1, nom='Les Alpes', proprietaire='Jean Philippe', region='Alpes', nbSites=19, nbVoies=156, cotationMin='3', cotationMax='9b+'}, Topo{id=2, nom='La folie', proprietaire='Souleymane', region='Alpes', nbSites=15, nbVoies=97, cotationMin='4a', cotationMax='9a'}, Topo{id=4, nom='La Cerise sur le Peyssin', proprietaire='Cerise', region='Alpes', nbSites=55, nbVoies=389, cotationMin='3', cotationMax='8b+'}]
2021-03-29 10:38:45,233 INFO com.fabienIT.escaladefriendsp6ocr.controller.TopoController [http-nio-8088-exec-4] La liste des commentaires est : [Commentaire{id=73, comDate=2021-01-21T20:22:03, com='ngdbngfdsbgdfs'}, Commentaire{id=75, comDate=2021-01-22T19:06:36, com='gfqhfdhfdwfh'}, Commentaire{id=72, comDate=2021-01-21T18:49:31, com='GTRJYRJYTRFSJYRSJYRFS'}, Commentaire{id=98, comDate=2021-01-31T18:11:56, com='bonjour,
nous sommes dimanche 31 janvier'}, Commentaire{id=61, comDate=2021-01-21T10:21:43, com='toujours pas?!'}, Commentaire{id=67, comDate=2021-01-21T12:27:49, com='trtrtrtrrtrrtrtrtrtrrtrtrtrrtrrrrrrtrtrtrtrtrtrtrtrtrtrtrrtrtrrtr'}, Commentaire{id=64, comDate=2021-01-21T11:19:49, com='eryhgtrehteshtsrhtrshtyrstrsjrsjtrysjtrsjhtre52687568'}, Commentaire{id=101, comDate=2021-02-07T15:33:14, com='je suis un membre'}, Commentaire{id=89, comDate=2021-01-30T20:42:04, com='rghrthrhrfhrfshsfhfshnfhnfhfhfshfshsfhfshfshb!!!!!!!!!!!!!!!!!!!!!!!!!!!!!!!!!'}, Commentaire{id=49, comDate=2021-01-20T21:43:52, com='jgfxjgfxnfnfgxnxfngfn'}, Commentaire{id=70, comDate=2021-01-21T15:00:22, com='kuyluyl'}, Commentaire{id=66, comDate=2021-01-21T11:52:59, com='utrutrutrutrutrutrutrutrutr'}, Commentaire{id=57, comDate=2021-01-21T09:32:09, com='bonjour tout le monde'}, Commentaire{id=62, comDate=2021-01-21T11:17:11, com='hbfsqbvfsb'}, Commentaire{id=93, comDate=2021-01-30T22:12:21, com='coucou tout le monde !'}, Commentaire{id=65, comDate=2021-01-21T11:49:18, com='jgfjfkhyfdkjyfdk'}, Commentaire{id=55, comDate=2021-01-20T22:40:50, com='jjghfjghfxjgfhdjfgjgfh'}, Commentaire{id=63, comDate=2021-01-21T11:18:24, com='yhtrezh(teht(zh'}, Commentaire{id=71, comDate=2021-01-21T18:45:25, com='gdsgdsgds'}, Commentaire{id=90, comDate=2021-01-30T20:49:16, com='samedi c'est cool :)'}, Commentaire{id=56, comDate=2021-01-21T09:28:28, com='5782875'}, Commentaire{id=80, comDate=2021-01-24T18:22:33, com='toto titi !!!!!!!!!!!!!!!!!!!!!!'}, Commentaire{id=108, comDate=2021-02-14T18:36:10, com='Nous sommes le dimanche 14/02'}, Commentaire{id=119, comDate=2021-03-21T11:10:13, com='bonjour'}, Commentaire{id=1, comDate=2021-01-17T17:56:18, com=''}, Commentaire{id=58, comDate=2021-01-21T10:01:58, com='excellent !'}, Commentaire{id=94, comDate=2021-01-30T22:46:42, com='j'espre ! ! ! ! ! ! ! ! '}, Commentaire{id=60, comDate=2021-01-21T10:06:42, com='hfgdbhdfb'}, Commentaire{id=92, comDate=2021-01-30T22:09:30, com='est ce que tu vas bien??????!!!!!!'}, Commentaire{id=50, comDate=2021-01-20T22:14:29, com='coucou'}, Commentaire{id=91, comDate=2021-01-30T22:04:52, com='sdsdssdssdsdsds'}, Commentaire{id=68, comDate=2021-01-21T13:55:22, com='hfdhfdsshfds'}, Commentaire{id=2, comDate=2020-12-26T18:17, com='Trs fatiguant mais a fait plaisir de se retrouver entre potes dans ce cadre magnifique ! A refaire !'}, Commentaire{id=95, comDate=2021-01-31T09:56:38, com='a marche toujours ? !'}, Commentaire{id=59, comDate=2021-01-21T10:04:53, com='est ce que a marche !!!'}, Commentaire{id=74, comDate=2021-01-21T20:23:03, com='gfdsgsfg'}]
2021-03-29 10:38:45,233 ERROR com.fabienIT.escaladefriendsp6ocr.controller.TopoController [http-nio-8088-exec-4] Pas de role
2021-03-29 10:38:49,202 ERROR com.fabienIT.escaladefriendsp6ocr.controller.TopoController [http-nio-8088-exec-8] Pas de role
2021-03-29 10:38:49,203 INFO com.fabienIT.escaladefriendsp6ocr.controller.TopoController [http-nio-8088-exec-8] Le nombre de site est : 3
2021-03-29 10:47:14,614 INFO com.fabienIT.escaladefriendsp6ocr.EscaladeApplication [restartedMain] Starting EscaladeApplication on FABPC with PID 15924 (C:\Users\FaB\Git\escaladefriendsp6ocr\target\classes started by FaB PC in C:\Users\FaB\Git\escaladefriendsp6ocr)
2021-03-29 10:47:14,618 DEBUG com.fabienIT.escaladefriendsp6ocr.EscaladeApplication [restartedMain] Running with Spring Boot v2.1.0.RELEASE, Spring v5.1.2.RELEASE
2021-03-29 10:47:14,620 INFO com.fabienIT.escaladefriendsp6ocr.EscaladeApplication [restartedMain] The following profiles are active: prod
2021-03-29 10:47:25,492 INFO com.fabienIT.escaladefriendsp6ocr.EscaladeApplication [restartedMain] Started EscaladeApplication in 11.695 seconds (JVM running for 13.07)
2021-03-29 10:47:25,495 INFO com.fabienIT.escaladefriendsp6ocr.EscaladeApplication [restartedMain] Le chemin des images des sites est : img/site
2021-03-29 10:47:25,497 INFO com.fabienIT.escaladefriendsp6ocr.EscaladeApplication [restartedMain] Start Les Amis de l'Escalade Application ...
2021-03-29 11:24:06,445 ERROR com.fabienIT.escaladefriendsp6ocr.controller.TopoController [http-nio-8088-exec-1] Pas de role
2021-03-29 11:24:06,450 INFO com.fabienIT.escaladefriendsp6ocr.controller.TopoController [http-nio-8088-exec-1] Le nombre de site est : 3
2021-03-29 11:26:27,752 INFO com.fabienIT.escaladefriendsp6ocr.EscaladeApplication [restartedMain] Starting EscaladeApplication on FABPC with PID 15140 (C:\Users\FaB\Git\escaladefriendsp6ocr\target\classes started by FaB PC in C:\Users\FaB\Git\escaladefriendsp6ocr)
2021-03-29 11:26:27,757 DEBUG com.fabienIT.escaladefriendsp6ocr.EscaladeApplication [restartedMain] Running with Spring Boot v2.1.0.RELEASE, Spring v5.1.2.RELEASE
2021-03-29 11:26:27,761 INFO com.fabienIT.escaladefriendsp6ocr.EscaladeApplication [restartedMain] The following profiles are active: prod
2021-03-29 11:26:38,665 INFO com.fabienIT.escaladefriendsp6ocr.EscaladeApplication [restartedMain] Started EscaladeApplication in 11.569 seconds (JVM running for 13.002)
2021-03-29 11:26:38,667 INFO com.fabienIT.escaladefriendsp6ocr.EscaladeApplication [restartedMain] Le chemin des images des sites est : img/site
2021-03-29 11:26:38,669 INFO com.fabienIT.escaladefriendsp6ocr.EscaladeApplication [restartedMain] Start Les Amis de l'Escalade Application ...
2021-03-29 11:26:51,430 ERROR com.fabienIT.escaladefriendsp6ocr.controller.TopoController [http-nio-8088-exec-10] Pas de role
2021-03-29 11:26:51,432 INFO com.fabienIT.escaladefriendsp6ocr.controller.TopoController [http-nio-8088-exec-10] Le nombre de site est : 3
2021-03-29 11:26:55,507 INFO com.fabienIT.escaladefriendsp6ocr.controller.TopoController [http-nio-8088-exec-6] La page d'escalade est : Site{id=1, nom='Le Peyssin', region='Alpes', nbVoies=125, cotationMin='4a', cotationMax='9+', description='Superbe petit site situ au bord de l'eau en face du camping.  Les voies sont courtes mais intressantes. Certaines voies gagneraient  tre plus frquentes, la mousse est de retour.  Site idal pour une fin d'aprs-midi.  Un magnifique peron rocheux domine le site : a pourrait faire un trs bon site si on pouvait/voulait quiper cette falaise.', site_image='LePeyssin.jpg', certifie=false, topo=[Topo{id=1, nom='Les Alpes', proprietaire='Jean Philippe', region='Alpes', nbSites=19, nbVoies=156, cotationMin='3', cotationMax='9b+'}, Topo{id=2, nom='La folie', proprietaire='Souleymane', region='Alpes', nbSites=15, nbVoies=97, cotationMin='4a', cotationMax='9a'}, Topo{id=4, nom='La Cerise sur le Peyssin', proprietaire='Cerise', region='Alpes', nbSites=55, nbVoies=389, cotationMin='3', cotationMax='8b+'}], commentaire=[Commentaire{id=1, comDate=2021-01-17T17:56:18, com=''}, Commentaire{id=74, comDate=2021-01-21T20:23:03, com='gfdsgsfg'}, Commentaire{id=62, comDate=2021-01-21T11:17:11, com='hbfsqbvfsb'}, Commentaire{id=73, comDate=2021-01-21T20:22:03, com='ngdbngfdsbgdfs'}, Commentaire{id=89, comDate=2021-01-30T20:42:04, com='rghrthrhrfhrfshsfhfshnfhnfhfhfshfshsfhfshfshb!!!!!!!!!!!!!!!!!!!!!!!!!!!!!!!!!'}, Commentaire{id=94, comDate=2021-01-30T22:46:42, com='j'espre ! ! ! ! ! ! ! ! '}, Commentaire{id=101, comDate=2021-02-07T15:33:14, com='je suis un membre'}, Commentaire{id=80, comDate=2021-01-24T18:22:33, com='toto titi !!!!!!!!!!!!!!!!!!!!!!'}, Commentaire{id=72, comDate=2021-01-21T18:49:31, com='GTRJYRJYTRFSJYRSJYRFS'}, Commentaire{id=95, comDate=2021-01-31T09:56:38, com='a marche toujours ? !'}, Commentaire{id=66, comDate=2021-01-21T11:52:59, com='utrutrutrutrutrutrutrutrutr'}, Commentaire{id=98, comDate=2021-01-31T18:11:56, com='bonjour,
nous sommes dimanche 31 janvier'}, Commentaire{id=119, comDate=2021-03-21T11:10:13, com='bonjour'}, Commentaire{id=67, comDate=2021-01-21T12:27:49, com='trtrtrtrrtrrtrtrtrtrrtrtrtrrtrrrrrrtrtrtrtrtrtrtrtrtrtrtrrtrtrrtr'}, Commentaire{id=93, comDate=2021-01-30T22:12:21, com='coucou tout le monde !'}, Commentaire{id=56, comDate=2021-01-21T09:28:28, com='5782875'}, Commentaire{id=59, comDate=2021-01-21T10:04:53, com='est ce que a marche !!!'}, Commentaire{id=49, comDate=2021-01-20T21:43:52, com='jgfxjgfxnfnfgxnxfngfn'}, Commentaire{id=58, comDate=2021-01-21T10:01:58, com='excellent !'}, Commentaire{id=63, comDate=2021-01-21T11:18:24, com='yhtrezh(teht(zh'}, Commentaire{id=92, comDate=2021-01-30T22:09:30, com='est ce que tu vas bien??????!!!!!!'}, Commentaire{id=2, comDate=2020-12-26T18:17, com='Trs fatiguant mais a fait plaisir de se retrouver entre potes dans ce cadre magnifique ! A refaire !'}, Commentaire{id=55, comDate=2021-01-20T22:40:50, com='jjghfjghfxjgfhdjfgjgfh'}, Commentaire{id=64, comDate=2021-01-21T11:19:49, com='eryhgtrehteshtsrhtrshtyrstrsjrsjtrysjtrsjhtre52687568'}, Commentaire{id=57, comDate=2021-01-21T09:32:09, com='bonjour tout le monde'}, Commentaire{id=71, comDate=2021-01-21T18:45:25, com='gdsgdsgds'}, Commentaire{id=70, comDate=2021-01-21T15:00:22, com='kuyluyl'}, Commentaire{id=60, comDate=2021-01-21T10:06:42, com='hfgdbhdfb'}, Commentaire{id=61, comDate=2021-01-21T10:21:43, com='toujours pas?!'}, Commentaire{id=108, comDate=2021-02-14T18:36:10, com='Nous sommes le dimanche 14/02'}, Commentaire{id=65, comDate=2021-01-21T11:49:18, com='jgfjfkhyfdkjyfdk'}, Commentaire{id=68, comDate=2021-01-21T13:55:22, com='hfdhfdsshfds'}, Commentaire{id=50, comDate=2021-01-20T22:14:29, com='coucou'}, Commentaire{id=75, comDate=2021-01-22T19:06:36, com='gfqhfdhfdwfh'}, Commentaire{id=91, comDate=2021-01-30T22:04:52, com='sdsdssdssdsdsds'}, Commentaire{id=90, comDate=2021-01-30T20:49:16, com='samedi c'est cool :)'}]}
2021-03-29 11:26:55,508 INFO com.fabienIT.escaladefriendsp6ocr.controller.TopoController [http-nio-8088-exec-6] Le topo est : [Topo{id=1, nom='Les Alpes', proprietaire='Jean Philippe', region='Alpes', nbSites=19, nbVoies=156, cotationMin='3', cotationMax='9b+'}, Topo{id=2, nom='La folie', proprietaire='Souleymane', region='Alpes', nbSites=15, nbVoies=97, cotationMin='4a', cotationMax='9a'}, Topo{id=4, nom='La Cerise sur le Peyssin', proprietaire='Cerise', region='Alpes', nbSites=55, nbVoies=389, cotationMin='3', cotationMax='8b+'}]
2021-03-29 11:26:55,509 INFO com.fabienIT.escaladefriendsp6ocr.controller.TopoController [http-nio-8088-exec-6] La liste des commentaires est : [Commentaire{id=1, comDate=2021-01-17T17:56:18, com=''}, Commentaire{id=74, comDate=2021-01-21T20:23:03, com='gfdsgsfg'}, Commentaire{id=62, comDate=2021-01-21T11:17:11, com='hbfsqbvfsb'}, Commentaire{id=73, comDate=2021-01-21T20:22:03, com='ngdbngfdsbgdfs'}, Commentaire{id=89, comDate=2021-01-30T20:42:04, com='rghrthrhrfhrfshsfhfshnfhnfhfhfshfshsfhfshfshb!!!!!!!!!!!!!!!!!!!!!!!!!!!!!!!!!'}, Commentaire{id=94, comDate=2021-01-30T22:46:42, com='j'espre ! ! ! ! ! ! ! ! '}, Commentaire{id=101, comDate=2021-02-07T15:33:14, com='je suis un membre'}, Commentaire{id=80, comDate=2021-01-24T18:22:33, com='toto titi !!!!!!!!!!!!!!!!!!!!!!'}, Commentaire{id=72, comDate=2021-01-21T18:49:31, com='GTRJYRJYTRFSJYRSJYRFS'}, Commentaire{id=95, comDate=2021-01-31T09:56:38, com='a marche toujours ? !'}, Commentaire{id=66, comDate=2021-01-21T11:52:59, com='utrutrutrutrutrutrutrutrutr'}, Commentaire{id=98, comDate=2021-01-31T18:11:56, com='bonjour,
nous sommes dimanche 31 janvier'}, Commentaire{id=119, comDate=2021-03-21T11:10:13, com='bonjour'}, Commentaire{id=67, comDate=2021-01-21T12:27:49, com='trtrtrtrrtrrtrtrtrtrrtrtrtrrtrrrrrrtrtrtrtrtrtrtrtrtrtrtrrtrtrrtr'}, Commentaire{id=93, comDate=2021-01-30T22:12:21, com='coucou tout le monde !'}, Commentaire{id=56, comDate=2021-01-21T09:28:28, com='5782875'}, Commentaire{id=59, comDate=2021-01-21T10:04:53, com='est ce que a marche !!!'}, Commentaire{id=49, comDate=2021-01-20T21:43:52, com='jgfxjgfxnfnfgxnxfngfn'}, Commentaire{id=58, comDate=2021-01-21T10:01:58, com='excellent !'}, Commentaire{id=63, comDate=2021-01-21T11:18:24, com='yhtrezh(teht(zh'}, Commentaire{id=92, comDate=2021-01-30T22:09:30, com='est ce que tu vas bien??????!!!!!!'}, Commentaire{id=2, comDate=2020-12-26T18:17, com='Trs fatiguant mais a fait plaisir de se retrouver entre potes dans ce cadre magnifique ! A refaire !'}, Commentaire{id=55, comDate=2021-01-20T22:40:50, com='jjghfjghfxjgfhdjfgjgfh'}, Commentaire{id=64, comDate=2021-01-21T11:19:49, com='eryhgtrehteshtsrhtrshtyrstrsjrsjtrysjtrsjhtre52687568'}, Commentaire{id=57, comDate=2021-01-21T09:32:09, com='bonjour tout le monde'}, Commentaire{id=71, comDate=2021-01-21T18:45:25, com='gdsgdsgds'}, Commentaire{id=70, comDate=2021-01-21T15:00:22, com='kuyluyl'}, Commentaire{id=60, comDate=2021-01-21T10:06:42, com='hfgdbhdfb'}, Commentaire{id=61, comDate=2021-01-21T10:21:43, com='toujours pas?!'}, Commentaire{id=108, comDate=2021-02-14T18:36:10, com='Nous sommes le dimanche 14/02'}, Commentaire{id=65, comDate=2021-01-21T11:49:18, com='jgfjfkhyfdkjyfdk'}, Commentaire{id=68, comDate=2021-01-21T13:55:22, com='hfdhfdsshfds'}, Commentaire{id=50, comDate=2021-01-20T22:14:29, com='coucou'}, Commentaire{id=75, comDate=2021-01-22T19:06:36, com='gfqhfdhfdwfh'}, Commentaire{id=91, comDate=2021-01-30T22:04:52, com='sdsdssdssdsdsds'}, Commentaire{id=90, comDate=2021-01-30T20:49:16, com='samedi c'est cool :)'}]
2021-03-29 11:26:55,509 ERROR com.fabienIT.escaladefriendsp6ocr.controller.TopoController [http-nio-8088-exec-6] Pas de role
2021-03-29 11:26:57,346 ERROR com.fabienIT.escaladefriendsp6ocr.controller.TopoController [http-nio-8088-exec-4] Pas de role
2021-03-29 11:26:57,346 INFO com.fabienIT.escaladefriendsp6ocr.controller.TopoController [http-nio-8088-exec-4] Le nombre de site est : 3
